[35m[Appium][39m Welcome to Appium v1.22.3
[35m[Appium][39m Non-default server args:
[35m[Appium][39m   port: 51925
[35m[Appium][39m   loglevel: info
[35m[Appium][39m   tmpDir: C:\Users\raiha\AppData\Local\Temp\\Katalon\Appium\Temp1695265374654
[35m[Appium][39m   chromedriverPort: 51926
[35m[Appium][39m Deprecated server args:
[35m[Appium][39m   [31m--chromedriver-port[39m => --default-capabilities
[35m[Appium][39m Default capabilities, which will be added to each request unless overridden by desired capabilities:
[35m[Appium][39m   chromedriverPort: 51926
[35m[Appium][39m Appium REST http interface listener started on 0.0.0.0:51925
[35m[HTTP][39m [37m-->[39m [37mGET[39m [37m/wd/hub/status[39m
[35m[HTTP][39m [90m{}[39m
[35m[HTTP][39m [37m<-- GET /wd/hub/status [39m[32m200[39m [90m6 ms - 68[39m
[35m[HTTP][39m [90m[39m
[35m[HTTP][39m [37m-->[39m [37mGET[39m [37m/wd/hub/status[39m
[35m[HTTP][39m [90m{}[39m
[35m[HTTP][39m [37m<-- GET /wd/hub/status [39m[32m200[39m [90m1 ms - 68[39m
[35m[HTTP][39m [90m[39m
[35m[HTTP][39m [37m-->[39m [37mPOST[39m [37m/wd/hub/session[39m
[35m[HTTP][39m [90m{"desiredCapabilities":{"appPackage":"com.indogrosir.sd1.klikindogrosir","noReset":"true","deviceId":"","deviceName":"Xiaomi M2101K7BNY (Android 13)","fullReset":"false","platform":"ANDROID","appActivity":"com.example.klik_indogrosir_playground.MainActivity","newCommandTimeout":1800,"platformVersion":"13","automationName":"uiautomator2","autoGrantPermissions":true,"platformName":"Android","udid":"4LSG9XI7HU8HTOXW","systemPort":8204},"capabilities":{"firstMatch":[{"appium:appActivity":"com.example.klik_indogrosir_playground.MainActivity","appium:appPackage":"com.indogrosir.sd1.klikindogrosir","appium:autoGrantPermissions":true,"appium:automationName":"uiautomator2","deviceId":"","appium:deviceName":"Xiaomi M2101K7BNY (Android 13)","appium:fullReset":"false","appium:newCommandTimeout":1800,"appium:noReset":"true","platform":"ANDROID","platformName":"android","appium:platformVersion":"13","appium:systemPort":8204,"appium:udid":"4LSG9XI7HU8HTOXW"}]}}[39m
[35m[BaseDriver][39m The following capabilities are not standard capabilities and should have an extension prefix:
[35m[BaseDriver][39m   deviceId
[35m[BaseDriver][39m   platform
[35m[BaseDriver][39m   chromedriverPort
[35m[Appium][39m Appium v1.22.3 creating new AndroidUiautomator2Driver (v1.70.1) session
[35m[BaseDriver][39m Capability 'noReset' changed from string to boolean. This may cause unexpected behavior
[35m[BaseDriver][39m Capability 'fullReset' changed from string to boolean. This may cause unexpected behavior
[35m[BaseDriver][39m The following capabilities were provided, but are not recognized by Appium:
[35m[BaseDriver][39m   deviceId
[35m[BaseDriver][39m   platform
[35m[BaseDriver][39m Session created with session id: 824cede2-0c16-43bf-a127-9211d406111b
[35m[UiAutomator2][39m Starting 'com.indogrosir.sd1.klikindogrosir' directly on the device
[35m[ADB][39m Found 3 'build-tools' folders under 'C:\Users\raiha\AppData\Local\Android\Sdk' (newest first):
[35m[ADB][39m     C:/Users/raiha/AppData/Local/Android/Sdk/build-tools/34.0.0-rc1
[35m[ADB][39m     C:/Users/raiha/AppData/Local/Android/Sdk/build-tools/33.0.2
[35m[ADB][39m     C:/Users/raiha/AppData/Local/Android/Sdk/build-tools/30.0.3
[35m[ADB][39m Using 'adb.exe' from 'C:\Users\raiha\AppData\Local\Android\Sdk\platform-tools\adb.exe'
[35m[AndroidDriver][39m Retrieving device list
[35m[AndroidDriver][39m Using device: 4LSG9XI7HU8HTOXW
[35m[ADB][39m Using 'adb.exe' from 'C:\Users\raiha\AppData\Local\Android\Sdk\platform-tools\adb.exe'
[35m[ADB][39m Getting device platform version
[35m[UiAutomator2][39m Relaxing hidden api policy
[35m[AndroidDriver][39m No app sent in, not parsing package/activity
[35m[ADB][39m Using 'apksigner.jar' from 'C:\Users\raiha\AppData\Local\Android\Sdk\build-tools\34.0.0-rc1\lib\apksigner.jar'
[35m[ADB][39m 'C:\Users\raiha\AppData\Roaming\npm\node_modules\appium\node_modules\appium-uiautomator2-server\apks\appium-uiautomator2-server-v4.27.0.apk' is signed with the default certificate
[35m[ADB][39m 'C:\Users\raiha\AppData\Roaming\npm\node_modules\appium\node_modules\appium-uiautomator2-server\apks\appium-uiautomator2-server-debug-androidTest.apk' is signed with the default certificate
[35m[UiAutomator2][39m Server packages are not going to be (re)installed
[35m[ADB][39m Adding packages ["io.appium.settings","io.appium.uiautomator2.server","io.appium.uiautomator2.server.test"] to Doze whitelist
[35m[UiAutomator2][39m Starting UIAutomator2 server 4.27.0
[35m[UiAutomator2][39m Using UIAutomator2 server from 'C:\Users\raiha\AppData\Roaming\npm\node_modules\appium\node_modules\appium-uiautomator2-server\apks\appium-uiautomator2-server-v4.27.0.apk' and test from 'C:\Users\raiha\AppData\Roaming\npm\node_modules\appium\node_modules\appium-uiautomator2-server\apks\appium-uiautomator2-server-debug-androidTest.apk'
[35m[UiAutomator2][39m Waiting up to 30000ms for UiAutomator2 to be online...
[35m[WD Proxy][39m socket hang up
[35m[WD Proxy][39m socket hang up
[35m[WD Proxy][39m socket hang up
[35m[WD Proxy][39m Determined the downstream protocol as 'W3C'
[35m[AndroidDriver][39m Screen already unlocked, doing nothing
[35m[UiAutomator2][39m Starting 'com.indogrosir.sd1.klikindogrosir/com.example.klik_indogrosir_playground.MainActivity and waiting for 'com.indogrosir.sd1.klikindogrosir/com.example.klik_indogrosir_playground.MainActivity'
[35m[Appium][39m New AndroidUiautomator2Driver session created successfully, session 824cede2-0c16-43bf-a127-9211d406111b added to master session list
[35m[HTTP][39m [37m<-- POST /wd/hub/session [39m[32m200[39m [90m10911 ms - 1383[39m
[35m[HTTP][39m [90m[39m
[35m[HTTP][39m [37m-->[39m [37mGET[39m [37m/wd/hub/session/824cede2-0c16-43bf-a127-9211d406111b[39m
[35m[HTTP][39m [90m{}[39m
[35m[HTTP][39m [37m<-- GET /wd/hub/session/824cede2-0c16-43bf-a127-9211d406111b [39m[32m200[39m [90m16 ms - 1337[39m
[35m[HTTP][39m [90m[39m
[35m[HTTP][39m [37m-->[39m [37mGET[39m [37m/wd/hub/session/824cede2-0c16-43bf-a127-9211d406111b[39m
[35m[HTTP][39m [90m{}[39m
[35m[HTTP][39m [37m<-- GET /wd/hub/session/824cede2-0c16-43bf-a127-9211d406111b [39m[32m200[39m [90m14 ms - 1337[39m
[35m[HTTP][39m [90m[39m
[35m[HTTP][39m [37m-->[39m [37mGET[39m [37m/wd/hub/status[39m
[35m[HTTP][39m [90m{}[39m
[35m[HTTP][39m [37m<-- GET /wd/hub/status [39m[32m200[39m [90m2 ms - 68[39m
[35m[HTTP][39m [90m[39m
[35m[HTTP][39m [37m-->[39m [37mPOST[39m [37m/wd/hub/session/824cede2-0c16-43bf-a127-9211d406111b/timeouts[39m
[35m[HTTP][39m [90m{"implicit":60000}[39m
[35m[HTTP][39m [37m<-- POST /wd/hub/session/824cede2-0c16-43bf-a127-9211d406111b/timeouts [39m[32m200[39m [90m6 ms - 14[39m
[35m[HTTP][39m [90m[39m
[35m[HTTP][39m [37m-->[39m [37mGET[39m [37m/wd/hub/session/824cede2-0c16-43bf-a127-9211d406111b/screenshot[39m
[35m[HTTP][39m [90m{}[39m
[35m[HTTP][39m [37m<-- GET /wd/hub/session/824cede2-0c16-43bf-a127-9211d406111b/screenshot [39m[32m200[39m [90m935 ms - 1039900[39m
[35m[HTTP][39m [90m[39m
[35m[HTTP][39m [37m-->[39m [37mGET[39m [37m/wd/hub/session/824cede2-0c16-43bf-a127-9211d406111b/window/rect[39m
[35m[HTTP][39m [90m{}[39m
[35m[HTTP][39m [37m<-- GET /wd/hub/session/824cede2-0c16-43bf-a127-9211d406111b/window/rect [39m[32m200[39m [90m37 ms - 50[39m
[35m[HTTP][39m [90m[39m
[35m[HTTP][39m [37m-->[39m [37mGET[39m [37m/wd/hub/session/824cede2-0c16-43bf-a127-9211d406111b/appium/device/system_bars[39m
[35m[HTTP][39m [90m{}[39m
[35m[HTTP][39m [37m<-- GET /wd/hub/session/824cede2-0c16-43bf-a127-9211d406111b/appium/device/system_bars [39m[32m200[39m [90m127 ms - 145[39m
[35m[HTTP][39m [90m[39m
[35m[HTTP][39m [37m-->[39m [37mPOST[39m [37m/wd/hub/session/824cede2-0c16-43bf-a127-9211d406111b/appium/device/activate_app[39m
[35m[HTTP][39m [90m{"bundleId":"com.indogrosir.sd1.klikdev"}[39m
[35m[HTTP][39m [37m<-- POST /wd/hub/session/824cede2-0c16-43bf-a127-9211d406111b/appium/device/activate_app [39m[32m200[39m [90m575 ms - 14[39m
[35m[HTTP][39m [90m[39m
[35m[HTTP][39m [37m-->[39m [37mGET[39m [37m/wd/hub/session/824cede2-0c16-43bf-a127-9211d406111b/source[39m
[35m[HTTP][39m [90m{}[39m
[35m[W3C (824cede2)][39m Driver proxy active, passing request on via HTTP proxy
[35m[WD Proxy][39m Replacing sessionId 82d111e8-93c9-437d-b86d-d0858dd75aca with 824cede2-0c16-43bf-a127-9211d406111b
[35m[HTTP][39m [37m<-- GET /wd/hub/session/824cede2-0c16-43bf-a127-9211d406111b/source [39m[32m200[39m [90m481 ms - 3540[39m
[35m[HTTP][39m [90m[39m
[35m[HTTP][39m [37m-->[39m [37mGET[39m [37m/wd/hub/session/824cede2-0c16-43bf-a127-9211d406111b/screenshot[39m
[35m[HTTP][39m [90m{}[39m
[35m[HTTP][39m [37m<-- GET /wd/hub/session/824cede2-0c16-43bf-a127-9211d406111b/screenshot [39m[32m200[39m [90m551 ms - 449942[39m
[35m[HTTP][39m [90m[39m
[35m[HTTP][39m [37m-->[39m [37mGET[39m [37m/wd/hub/session/824cede2-0c16-43bf-a127-9211d406111b/source[39m
[35m[HTTP][39m [90m{}[39m
[35m[W3C (824cede2)][39m Driver proxy active, passing request on via HTTP proxy
[35m[WD Proxy][39m Replacing sessionId 82d111e8-93c9-437d-b86d-d0858dd75aca with 824cede2-0c16-43bf-a127-9211d406111b
[35m[HTTP][39m [37m<-- GET /wd/hub/session/824cede2-0c16-43bf-a127-9211d406111b/source [39m[32m200[39m [90m105 ms - 16104[39m
[35m[HTTP][39m [90m[39m
[35m[HTTP][39m [37m-->[39m [37mGET[39m [37m/wd/hub/session/824cede2-0c16-43bf-a127-9211d406111b/screenshot[39m
[35m[HTTP][39m [90m{}[39m
[35m[HTTP][39m [37m<-- GET /wd/hub/session/824cede2-0c16-43bf-a127-9211d406111b/screenshot [39m[32m200[39m [90m394 ms - 226758[39m
[35m[HTTP][39m [90m[39m
[35m[HTTP][39m [37m-->[39m [37mPOST[39m [37m/wd/hub/session/824cede2-0c16-43bf-a127-9211d406111b/elements[39m
[35m[HTTP][39m [90m{"using":"xpath","value":"//*[@class = 'android.widget.Button' and @resource-id = '' and (@text = '' or . = '')]"}[39m
[35m[HTTP][39m [37m<-- POST /wd/hub/session/824cede2-0c16-43bf-a127-9211d406111b/elements [39m[32m200[39m [90m325 ms - 651[39m
[35m[HTTP][39m [90m[39m
[35m[HTTP][39m [37m-->[39m [37mPOST[39m [37m/wd/hub/session/824cede2-0c16-43bf-a127-9211d406111b/elements[39m
[35m[HTTP][39m [90m{"using":"accessibility id","value":"KELUAR"}[39m
[35m[HTTP][39m [37m<-- POST /wd/hub/session/824cede2-0c16-43bf-a127-9211d406111b/elements [39m[32m200[39m [90m61 ms - 139[39m
[35m[HTTP][39m [90m[39m
[35m[HTTP][39m [37m-->[39m [37mPOST[39m [37m/wd/hub/session/824cede2-0c16-43bf-a127-9211d406111b/timeouts[39m
[35m[HTTP][39m [90m{"implicit":1000}[39m
[35m[HTTP][39m [37m<-- POST /wd/hub/session/824cede2-0c16-43bf-a127-9211d406111b/timeouts [39m[32m200[39m [90m1 ms - 14[39m
[35m[HTTP][39m [90m[39m
[35m[HTTP][39m [37m-->[39m [37mPOST[39m [37m/wd/hub/session/824cede2-0c16-43bf-a127-9211d406111b/elements[39m
[35m[HTTP][39m [90m{"using":"accessibility id","value":"KELUAR"}[39m
[35m[HTTP][39m [37m<-- POST /wd/hub/session/824cede2-0c16-43bf-a127-9211d406111b/elements [39m[32m200[39m [90m55 ms - 139[39m
[35m[HTTP][39m [90m[39m
[35m[HTTP][39m [37m-->[39m [37mGET[39m [37m/wd/hub/session/824cede2-0c16-43bf-a127-9211d406111b/element/00000000-0000-0774-0000-004b00000004/location[39m
[35m[HTTP][39m [90m{}[39m
[35m[W3C (824cede2)][39m Driver proxy active, passing request on via HTTP proxy
[35m[WD Proxy][39m Replacing sessionId 82d111e8-93c9-437d-b86d-d0858dd75aca with 824cede2-0c16-43bf-a127-9211d406111b
[35m[HTTP][39m [37m<-- GET /wd/hub/session/824cede2-0c16-43bf-a127-9211d406111b/element/00000000-0000-0774-0000-004b00000004/location [39m[32m200[39m [90m27 ms - 79[39m
[35m[HTTP][39m [90m[39m
[35m[HTTP][39m [37m-->[39m [37mGET[39m [37m/wd/hub/session/824cede2-0c16-43bf-a127-9211d406111b/element/00000000-0000-0774-0000-004b00000004/size[39m
[35m[HTTP][39m [90m{}[39m
[35m[W3C (824cede2)][39m Driver proxy active, passing request on via HTTP proxy
[35m[WD Proxy][39m Replacing sessionId 82d111e8-93c9-437d-b86d-d0858dd75aca with 824cede2-0c16-43bf-a127-9211d406111b
[35m[HTTP][39m [37m<-- GET /wd/hub/session/824cede2-0c16-43bf-a127-9211d406111b/element/00000000-0000-0774-0000-004b00000004/size [39m[32m200[39m [90m22 ms - 87[39m
[35m[HTTP][39m [90m[39m
[35m[BaseDriver][39m Shutting down because we waited 1800 seconds for a command
[35m[Appium][39m Closing session, cause was 'New Command Timeout of 1800 seconds expired. Try customizing the timeout using the 'newCommandTimeout' desired capability'
[35m[Appium][39m Removing session '824cede2-0c16-43bf-a127-9211d406111b' from our master session list
[35m[UiAutomator2][39m Did not get confirmation UiAutomator2 deleteSession worked; Error was: UnknownError: An unknown server-side error occurred while processing the command. Original error: 'DELETE /' cannot be proxied to UiAutomator2 server because the instrumentation process is not running (probably crashed). Check the server log and/or the logcat output for more details
[35m[UiAutomator2][39m Restoring hidden api policy to the device default configuration
