[35m[Appium][39m Welcome to Appium v1.22.3
[35m[Appium][39m Non-default server args:
[35m[Appium][39m   port: 63064
[35m[Appium][39m   loglevel: info
[35m[Appium][39m   tmpDir: C:\Users\raiha\AppData\Local\Temp\\Katalon\Appium\Temp1679367647380
[35m[Appium][39m   chromedriverPort: 63065
[35m[Appium][39m Deprecated server args:
[35m[Appium][39m   [31m--chromedriver-port[39m => --default-capabilities
[35m[Appium][39m Default capabilities, which will be added to each request unless overridden by desired capabilities:
[35m[Appium][39m   chromedriverPort: 63065
[35m[Appium][39m Appium REST http interface listener started on 0.0.0.0:63064
[35m[HTTP][39m [37m-->[39m [37mGET[39m [37m/wd/hub/status[39m
[35m[HTTP][39m [90m{}[39m
[35m[HTTP][39m [37m<-- GET /wd/hub/status [39m[32m200[39m [90m6 ms - 68[39m
[35m[HTTP][39m [90m[39m
[35m[HTTP][39m [37m-->[39m [37mPOST[39m [37m/wd/hub/session[39m
[35m[HTTP][39m [90m{"desiredCapabilities":{"app":"C:\\Users\\raiha\\Documents\\Katalon Studio\\Mobile Klik IGR\\AndroidApp\\Klik SANDBOX v5.1.9(104).apk","noReset":true,"deviceId":"","deviceName":"Xiaomi M2101K7BNY (Android 12)","fullReset":false,"platform":"ANDROID","newCommandTimeout":1800,"platformVersion":"12","automationName":"uiautomator2","autoGrantPermissions":true,"platformName":"Android","udid":"4LSG9XI7HU8HTOXW","systemPort":63063},"capabilities":{"firstMatch":[{"appium:app":"C:\\Users\\raiha\\Documents\\Katalon Studio\\Mobile Klik IGR\\AndroidApp\\Klik SANDBOX v5.1.9(104).apk","appium:autoGrantPermissions":true,"appium:automationName":"uiautomator2","deviceId":"","appium:deviceName":"Xiaomi M2101K7BNY (Android 12)","appium:fullReset":false,"appium:newCommandTimeout":1800,"appium:noReset":true,"platform":"ANDROID","platformName":"android","appium:platformVersion":"12","appium:systemPort":63063,"appium:udid":"4LSG9XI7HU8HTOXW"}]}}[39m
[35m[BaseDriver][39m The following capabilities are not standard capabilities and should have an extension prefix:
[35m[BaseDriver][39m   deviceId
[35m[BaseDriver][39m   platform
[35m[BaseDriver][39m   chromedriverPort
[35m[Appium][39m Appium v1.22.3 creating new AndroidUiautomator2Driver (v1.70.1) session
[35m[BaseDriver][39m The following capabilities were provided, but are not recognized by Appium:
[35m[BaseDriver][39m   deviceId
[35m[BaseDriver][39m   platform
[35m[BaseDriver][39m Session created with session id: 5b598795-5d7c-4647-b334-b461cc2f3d45
[35m[BaseDriver][39m Using local app 'C:\Users\raiha\Documents\Katalon Studio\Mobile Klik IGR\AndroidApp\Klik SANDBOX v5.1.9(104).apk'
[35m[ADB][39m Found 3 'build-tools' folders under 'C:\Users\raiha\AppData\Local\Android\Sdk' (newest first):
[35m[ADB][39m     C:/Users/raiha/AppData/Local/Android/Sdk/build-tools/34.0.0-rc1
[35m[ADB][39m     C:/Users/raiha/AppData/Local/Android/Sdk/build-tools/33.0.2
[35m[ADB][39m     C:/Users/raiha/AppData/Local/Android/Sdk/build-tools/30.0.3
[35m[ADB][39m Using 'adb.exe' from 'C:\Users\raiha\AppData\Local\Android\Sdk\platform-tools\adb.exe'
[35m[AndroidDriver][39m Retrieving device list
[35m[AndroidDriver][39m Using device: 4LSG9XI7HU8HTOXW
[35m[ADB][39m Using 'adb.exe' from 'C:\Users\raiha\AppData\Local\Android\Sdk\platform-tools\adb.exe'
[35m[ADB][39m Getting device platform version
[35m[UiAutomator2][39m Relaxing hidden api policy
[35m[ADB][39m Package name: 'com.indogrosir.sd1.klikindogrosir'
[35m[ADB][39m Main activity name: 'com.example.klik_indogrosir_playground.MainActivity'
[35m[ADB][39m Using 'apksigner.jar' from 'C:\Users\raiha\AppData\Local\Android\Sdk\build-tools\34.0.0-rc1\lib\apksigner.jar'
[35m[ADB][39m 'C:\Users\raiha\AppData\Roaming\npm\node_modules\appium\node_modules\appium-uiautomator2-server\apks\appium-uiautomator2-server-v4.27.0.apk' is signed with the default certificate
[35m[ADB][39m 'C:\Users\raiha\AppData\Roaming\npm\node_modules\appium\node_modules\appium-uiautomator2-server\apks\appium-uiautomator2-server-debug-androidTest.apk' is signed with the default certificate
[35m[UiAutomator2][39m Server packages are not going to be (re)installed
[35m[ADB][39m Adding packages ["io.appium.settings","io.appium.uiautomator2.server","io.appium.uiautomator2.server.test"] to Doze whitelist
[35m[ADB][39m 'C:\Users\raiha\Documents\Katalon Studio\Mobile Klik IGR\AndroidApp\Klik SANDBOX v5.1.9(104).apk' is signed with a non-default certificate
[35m[UiAutomator2][39m Starting UIAutomator2 server 4.27.0
[35m[UiAutomator2][39m Using UIAutomator2 server from 'C:\Users\raiha\AppData\Roaming\npm\node_modules\appium\node_modules\appium-uiautomator2-server\apks\appium-uiautomator2-server-v4.27.0.apk' and test from 'C:\Users\raiha\AppData\Roaming\npm\node_modules\appium\node_modules\appium-uiautomator2-server\apks\appium-uiautomator2-server-debug-androidTest.apk'
[35m[UiAutomator2][39m Waiting up to 30000ms for UiAutomator2 to be online...
[35m[WD Proxy][39m socket hang up
[35m[WD Proxy][39m socket hang up
[35m[WD Proxy][39m socket hang up
[35m[WD Proxy][39m socket hang up
[35m[WD Proxy][39m socket hang up
[35m[WD Proxy][39m socket hang up
[35m[WD Proxy][39m socket hang up
[35m[WD Proxy][39m socket hang up
[35m[WD Proxy][39m socket hang up
[35m[WD Proxy][39m socket hang up
[35m[WD Proxy][39m Determined the downstream protocol as 'W3C'
[35m[AndroidDriver][39m Screen already unlocked, doing nothing
[35m[UiAutomator2][39m Starting 'com.indogrosir.sd1.klikindogrosir/com.example.klik_indogrosir_playground.MainActivity and waiting for 'com.indogrosir.sd1.klikindogrosir/com.example.klik_indogrosir_playground.MainActivity'
[35m[Appium][39m New AndroidUiautomator2Driver session created successfully, session 5b598795-5d7c-4647-b334-b461cc2f3d45 added to master session list
[35m[HTTP][39m [37m<-- POST /wd/hub/session [39m[32m200[39m [90m17001 ms - 1422[39m
[35m[HTTP][39m [90m[39m
[35m[HTTP][39m [37m-->[39m [37mGET[39m [37m/wd/hub/session/5b598795-5d7c-4647-b334-b461cc2f3d45[39m
[35m[HTTP][39m [90m{}[39m
[35m[HTTP][39m [37m<-- GET /wd/hub/session/5b598795-5d7c-4647-b334-b461cc2f3d45 [39m[32m200[39m [90m12 ms - 1376[39m
[35m[HTTP][39m [90m[39m
[35m[HTTP][39m [37m-->[39m [37mGET[39m [37m/wd/hub/session/5b598795-5d7c-4647-b334-b461cc2f3d45[39m
[35m[HTTP][39m [90m{}[39m
[35m[HTTP][39m [37m<-- GET /wd/hub/session/5b598795-5d7c-4647-b334-b461cc2f3d45 [39m[32m200[39m [90m10 ms - 1376[39m
[35m[HTTP][39m [90m[39m
[35m[HTTP][39m [37m-->[39m [37mGET[39m [37m/wd/hub/status[39m
[35m[HTTP][39m [90m{}[39m
[35m[HTTP][39m [37m<-- GET /wd/hub/status [39m[32m200[39m [90m1 ms - 68[39m
[35m[HTTP][39m [90m[39m
[35m[HTTP][39m [37m-->[39m [37mPOST[39m [37m/wd/hub/session/5b598795-5d7c-4647-b334-b461cc2f3d45/timeouts[39m
[35m[HTTP][39m [90m{"implicit":30000}[39m
[35m[HTTP][39m [37m<-- POST /wd/hub/session/5b598795-5d7c-4647-b334-b461cc2f3d45/timeouts [39m[32m200[39m [90m7 ms - 14[39m
[35m[HTTP][39m [90m[39m
[35m[HTTP][39m [37m-->[39m [37mGET[39m [37m/wd/hub/session/5b598795-5d7c-4647-b334-b461cc2f3d45/screenshot[39m
[35m[HTTP][39m [90m{}[39m
[35m[HTTP][39m [37m<-- GET /wd/hub/session/5b598795-5d7c-4647-b334-b461cc2f3d45/screenshot [39m[32m200[39m [90m2362 ms - 2788886[39m
[35m[HTTP][39m [90m[39m
[35m[HTTP][39m [37m-->[39m [37mGET[39m [37m/wd/hub/session/5b598795-5d7c-4647-b334-b461cc2f3d45/window/rect[39m
[35m[HTTP][39m [90m{}[39m
[35m[HTTP][39m [37m<-- GET /wd/hub/session/5b598795-5d7c-4647-b334-b461cc2f3d45/window/rect [39m[32m200[39m [90m22 ms - 50[39m
[35m[HTTP][39m [90m[39m
[35m[HTTP][39m [37m-->[39m [37mGET[39m [37m/wd/hub/session/5b598795-5d7c-4647-b334-b461cc2f3d45/appium/device/system_bars[39m
[35m[HTTP][39m [90m{}[39m
[35m[HTTP][39m [37m<-- GET /wd/hub/session/5b598795-5d7c-4647-b334-b461cc2f3d45/appium/device/system_bars [39m[32m200[39m [90m130 ms - 145[39m
[35m[HTTP][39m [90m[39m
[35m[HTTP][39m [37m-->[39m [37mPOST[39m [37m/wd/hub/session/5b598795-5d7c-4647-b334-b461cc2f3d45/timeouts[39m
[35m[HTTP][39m [90m{"implicit":50}[39m
[35m[HTTP][39m [37m<-- POST /wd/hub/session/5b598795-5d7c-4647-b334-b461cc2f3d45/timeouts [39m[32m200[39m [90m3 ms - 14[39m
[35m[HTTP][39m [90m[39m
[35m[HTTP][39m [37m-->[39m [37mGET[39m [37m/wd/hub/session/5b598795-5d7c-4647-b334-b461cc2f3d45/window/rect[39m
[35m[HTTP][39m [90m{}[39m
[35m[HTTP][39m [37m<-- GET /wd/hub/session/5b598795-5d7c-4647-b334-b461cc2f3d45/window/rect [39m[32m200[39m [90m21 ms - 50[39m
[35m[HTTP][39m [90m[39m
[35m[HTTP][39m [37m-->[39m [37mPOST[39m [37m/wd/hub/session/5b598795-5d7c-4647-b334-b461cc2f3d45/elements[39m
[35m[HTTP][39m [90m{"using":"accessibility id","value":"Akun\nTab 4 of 4"}[39m
[35m[HTTP][39m [37m<-- POST /wd/hub/session/5b598795-5d7c-4647-b334-b461cc2f3d45/elements [39m[32m200[39m [90m61 ms - 139[39m
[35m[HTTP][39m [90m[39m
[35m[HTTP][39m [37m-->[39m [37mGET[39m [37m/wd/hub/session/5b598795-5d7c-4647-b334-b461cc2f3d45/element/00000000-0000-15b4-0000-001f00000004/location[39m
[35m[HTTP][39m [90m{}[39m
[35m[W3C (5b598795)][39m Driver proxy active, passing request on via HTTP proxy
[35m[WD Proxy][39m Replacing sessionId 63113f44-d38f-4435-af06-60450715ba0a with 5b598795-5d7c-4647-b334-b461cc2f3d45
[35m[HTTP][39m [37m<-- GET /wd/hub/session/5b598795-5d7c-4647-b334-b461cc2f3d45/element/00000000-0000-15b4-0000-001f00000004/location [39m[32m200[39m [90m20 ms - 79[39m
[35m[HTTP][39m [90m[39m
[35m[HTTP][39m [37m-->[39m [37mPOST[39m [37m/wd/hub/session/5b598795-5d7c-4647-b334-b461cc2f3d45/timeouts[39m
[35m[HTTP][39m [90m{"implicit":30000}[39m
[35m[HTTP][39m [37m<-- POST /wd/hub/session/5b598795-5d7c-4647-b334-b461cc2f3d45/timeouts [39m[32m200[39m [90m1 ms - 14[39m
[35m[HTTP][39m [90m[39m
[35m[HTTP][39m [37m-->[39m [37mPOST[39m [37m/wd/hub/session/5b598795-5d7c-4647-b334-b461cc2f3d45/element/00000000-0000-15b4-0000-001f00000004/click[39m
[35m[HTTP][39m [90m{"id":"00000000-0000-15b4-0000-001f00000004"}[39m
[35m[HTTP][39m [37m<-- POST /wd/hub/session/5b598795-5d7c-4647-b334-b461cc2f3d45/element/00000000-0000-15b4-0000-001f00000004/click [39m[32m200[39m [90m577 ms - 14[39m
[35m[HTTP][39m [90m[39m
[35m[HTTP][39m [37m-->[39m [37mPOST[39m [37m/wd/hub/session/5b598795-5d7c-4647-b334-b461cc2f3d45/timeouts[39m
[35m[HTTP][39m [90m{"implicit":50}[39m
[35m[HTTP][39m [37m<-- POST /wd/hub/session/5b598795-5d7c-4647-b334-b461cc2f3d45/timeouts [39m[32m200[39m [90m1 ms - 14[39m
[35m[HTTP][39m [90m[39m
[35m[HTTP][39m [37m-->[39m [37mGET[39m [37m/wd/hub/session/5b598795-5d7c-4647-b334-b461cc2f3d45/window/rect[39m
[35m[HTTP][39m [90m{}[39m
[35m[HTTP][39m [37m<-- GET /wd/hub/session/5b598795-5d7c-4647-b334-b461cc2f3d45/window/rect [39m[32m200[39m [90m26 ms - 50[39m
[35m[HTTP][39m [90m[39m
[35m[HTTP][39m [37m-->[39m [37mPOST[39m [37m/wd/hub/session/5b598795-5d7c-4647-b334-b461cc2f3d45/elements[39m
[35m[HTTP][39m [90m{"using":"accessibility id","value":"DAFTAR"}[39m
[35m[HTTP][39m [37m<-- POST /wd/hub/session/5b598795-5d7c-4647-b334-b461cc2f3d45/elements [39m[32m200[39m [90m54 ms - 139[39m
[35m[HTTP][39m [90m[39m
[35m[HTTP][39m [37m-->[39m [37mGET[39m [37m/wd/hub/session/5b598795-5d7c-4647-b334-b461cc2f3d45/element/00000000-0000-15b4-0000-006b00000004/location[39m
[35m[HTTP][39m [90m{}[39m
[35m[W3C (5b598795)][39m Driver proxy active, passing request on via HTTP proxy
[35m[WD Proxy][39m Replacing sessionId 63113f44-d38f-4435-af06-60450715ba0a with 5b598795-5d7c-4647-b334-b461cc2f3d45
[35m[HTTP][39m [37m<-- GET /wd/hub/session/5b598795-5d7c-4647-b334-b461cc2f3d45/element/00000000-0000-15b4-0000-006b00000004/location [39m[32m200[39m [90m27 ms - 78[39m
[35m[HTTP][39m [90m[39m
[35m[HTTP][39m [37m-->[39m [37mPOST[39m [37m/wd/hub/session/5b598795-5d7c-4647-b334-b461cc2f3d45/timeouts[39m
[35m[HTTP][39m [90m{"implicit":30000}[39m
[35m[HTTP][39m [37m<-- POST /wd/hub/session/5b598795-5d7c-4647-b334-b461cc2f3d45/timeouts [39m[32m200[39m [90m1 ms - 14[39m
[35m[HTTP][39m [90m[39m
[35m[HTTP][39m [37m-->[39m [37mPOST[39m [37m/wd/hub/session/5b598795-5d7c-4647-b334-b461cc2f3d45/element/00000000-0000-15b4-0000-006b00000004/click[39m
[35m[HTTP][39m [90m{"id":"00000000-0000-15b4-0000-006b00000004"}[39m
[35m[HTTP][39m [37m<-- POST /wd/hub/session/5b598795-5d7c-4647-b334-b461cc2f3d45/element/00000000-0000-15b4-0000-006b00000004/click [39m[32m200[39m [90m874 ms - 14[39m
[35m[HTTP][39m [90m[39m
[35m[HTTP][39m [37m-->[39m [37mPOST[39m [37m/wd/hub/session/5b598795-5d7c-4647-b334-b461cc2f3d45/timeouts[39m
[35m[HTTP][39m [90m{"implicit":50}[39m
[35m[HTTP][39m [37m<-- POST /wd/hub/session/5b598795-5d7c-4647-b334-b461cc2f3d45/timeouts [39m[32m200[39m [90m1 ms - 14[39m
[35m[HTTP][39m [90m[39m
[35m[HTTP][39m [37m-->[39m [37mGET[39m [37m/wd/hub/session/5b598795-5d7c-4647-b334-b461cc2f3d45/window/rect[39m
[35m[HTTP][39m [90m{}[39m
[35m[HTTP][39m [37m<-- GET /wd/hub/session/5b598795-5d7c-4647-b334-b461cc2f3d45/window/rect [39m[32m200[39m [90m27 ms - 50[39m
[35m[HTTP][39m [90m[39m
[35m[HTTP][39m [37m-->[39m [37mPOST[39m [37m/wd/hub/session/5b598795-5d7c-4647-b334-b461cc2f3d45/elements[39m
[35m[HTTP][39m [90m{"using":"xpath","value":"//*[@class = 'android.widget.EditText' and (@text = 'Nama' or . = 'Nama') and @resource-id = '']"}[39m
[35m[HTTP][39m [37m<-- POST /wd/hub/session/5b598795-5d7c-4647-b334-b461cc2f3d45/elements [39m[32m200[39m [90m450 ms - 139[39m
[35m[HTTP][39m [90m[39m
[35m[HTTP][39m [37m-->[39m [37mGET[39m [37m/wd/hub/session/5b598795-5d7c-4647-b334-b461cc2f3d45/element/00000000-0000-15b4-0000-007200000004/location[39m
[35m[HTTP][39m [90m{}[39m
[35m[W3C (5b598795)][39m Driver proxy active, passing request on via HTTP proxy
[35m[WD Proxy][39m Replacing sessionId 63113f44-d38f-4435-af06-60450715ba0a with 5b598795-5d7c-4647-b334-b461cc2f3d45
[35m[HTTP][39m [37m<-- GET /wd/hub/session/5b598795-5d7c-4647-b334-b461cc2f3d45/element/00000000-0000-15b4-0000-007200000004/location [39m[32m200[39m [90m17 ms - 77[39m
[35m[HTTP][39m [90m[39m
[35m[HTTP][39m [37m-->[39m [37mPOST[39m [37m/wd/hub/session/5b598795-5d7c-4647-b334-b461cc2f3d45/timeouts[39m
[35m[HTTP][39m [90m{"implicit":30000}[39m
[35m[HTTP][39m [37m<-- POST /wd/hub/session/5b598795-5d7c-4647-b334-b461cc2f3d45/timeouts [39m[32m200[39m [90m2 ms - 14[39m
[35m[HTTP][39m [90m[39m
[35m[HTTP][39m [37m-->[39m [37mPOST[39m [37m/wd/hub/session/5b598795-5d7c-4647-b334-b461cc2f3d45/element/00000000-0000-15b4-0000-007200000004/click[39m
[35m[HTTP][39m [90m{"id":"00000000-0000-15b4-0000-007200000004"}[39m
[35m[HTTP][39m [37m<-- POST /wd/hub/session/5b598795-5d7c-4647-b334-b461cc2f3d45/element/00000000-0000-15b4-0000-007200000004/click [39m[32m200[39m [90m29 ms - 14[39m
[35m[HTTP][39m [90m[39m
[35m[HTTP][39m [37m-->[39m [37mPOST[39m [37m/wd/hub/session/5b598795-5d7c-4647-b334-b461cc2f3d45/timeouts[39m
[35m[HTTP][39m [90m{"implicit":50}[39m
[35m[HTTP][39m [37m<-- POST /wd/hub/session/5b598795-5d7c-4647-b334-b461cc2f3d45/timeouts [39m[32m200[39m [90m1 ms - 14[39m
[35m[HTTP][39m [90m[39m
[35m[HTTP][39m [37m-->[39m [37mGET[39m [37m/wd/hub/session/5b598795-5d7c-4647-b334-b461cc2f3d45/window/rect[39m
[35m[HTTP][39m [90m{}[39m
[35m[HTTP][39m [37m<-- GET /wd/hub/session/5b598795-5d7c-4647-b334-b461cc2f3d45/window/rect [39m[32m200[39m [90m11 ms - 50[39m
[35m[HTTP][39m [90m[39m
[35m[HTTP][39m [37m-->[39m [37mPOST[39m [37m/wd/hub/session/5b598795-5d7c-4647-b334-b461cc2f3d45/elements[39m
[35m[HTTP][39m [90m{"using":"xpath","value":"//*[@class = 'android.widget.EditText' and (@text = 'Nama' or . = 'Nama') and @resource-id = '']"}[39m
[35m[HTTP][39m [37m<-- POST /wd/hub/session/5b598795-5d7c-4647-b334-b461cc2f3d45/elements [39m[32m200[39m [90m1295 ms - 139[39m
[35m[HTTP][39m [90m[39m
[35m[HTTP][39m [37m-->[39m [37mGET[39m [37m/wd/hub/session/5b598795-5d7c-4647-b334-b461cc2f3d45/element/00000000-0000-15b4-0000-007200000004/location[39m
[35m[HTTP][39m [90m{}[39m
[35m[W3C (5b598795)][39m Driver proxy active, passing request on via HTTP proxy
[35m[WD Proxy][39m Replacing sessionId 63113f44-d38f-4435-af06-60450715ba0a with 5b598795-5d7c-4647-b334-b461cc2f3d45
[35m[HTTP][39m [37m<-- GET /wd/hub/session/5b598795-5d7c-4647-b334-b461cc2f3d45/element/00000000-0000-15b4-0000-007200000004/location [39m[32m200[39m [90m21 ms - 77[39m
[35m[HTTP][39m [90m[39m
[35m[HTTP][39m [37m-->[39m [37mPOST[39m [37m/wd/hub/session/5b598795-5d7c-4647-b334-b461cc2f3d45/timeouts[39m
[35m[HTTP][39m [90m{"implicit":30000}[39m
[35m[HTTP][39m [37m<-- POST /wd/hub/session/5b598795-5d7c-4647-b334-b461cc2f3d45/timeouts [39m[32m200[39m [90m2 ms - 14[39m
[35m[HTTP][39m [90m[39m
[35m[HTTP][39m [37m-->[39m [37mPOST[39m [37m/wd/hub/session/5b598795-5d7c-4647-b334-b461cc2f3d45/element/00000000-0000-15b4-0000-007200000004/clear[39m
[35m[HTTP][39m [90m{"id":"00000000-0000-15b4-0000-007200000004"}[39m
[35m[HTTP][39m [37m<-- POST /wd/hub/session/5b598795-5d7c-4647-b334-b461cc2f3d45/element/00000000-0000-15b4-0000-007200000004/clear [39m[32m200[39m [90m23 ms - 14[39m
[35m[HTTP][39m [90m[39m
[35m[HTTP][39m [37m-->[39m [37mPOST[39m [37m/wd/hub/session/5b598795-5d7c-4647-b334-b461cc2f3d45/element/00000000-0000-15b4-0000-007200000004/value[39m
[35m[HTTP][39m [90m{"id":"00000000-0000-15b4-0000-007200000004","text":"raihan","value":["r","a","i","h","a","n"]}[39m
[35m[HTTP][39m [37m<-- POST /wd/hub/session/5b598795-5d7c-4647-b334-b461cc2f3d45/element/00000000-0000-15b4-0000-007200000004/value [39m[32m200[39m [90m39 ms - 14[39m
[35m[HTTP][39m [90m[39m
[35m[HTTP][39m [37m-->[39m [37mPOST[39m [37m/wd/hub/session/5b598795-5d7c-4647-b334-b461cc2f3d45/timeouts[39m
[35m[HTTP][39m [90m{"implicit":50}[39m
[35m[HTTP][39m [37m<-- POST /wd/hub/session/5b598795-5d7c-4647-b334-b461cc2f3d45/timeouts [39m[32m200[39m [90m4 ms - 14[39m
[35m[HTTP][39m [90m[39m
[35m[HTTP][39m [37m-->[39m [37mGET[39m [37m/wd/hub/session/5b598795-5d7c-4647-b334-b461cc2f3d45/window/rect[39m
[35m[HTTP][39m [90m{}[39m
[35m[HTTP][39m [37m<-- GET /wd/hub/session/5b598795-5d7c-4647-b334-b461cc2f3d45/window/rect [39m[32m200[39m [90m16 ms - 50[39m
[35m[HTTP][39m [90m[39m
[35m[HTTP][39m [37m-->[39m [37mPOST[39m [37m/wd/hub/session/5b598795-5d7c-4647-b334-b461cc2f3d45/elements[39m
[35m[HTTP][39m [90m{"using":"xpath","value":"//*[@class = 'android.widget.EditText' and (@text = 'Alamat Email' or . = 'Alamat Email') and @resource-id = '']"}[39m
[35m[HTTP][39m [37m<-- POST /wd/hub/session/5b598795-5d7c-4647-b334-b461cc2f3d45/elements [39m[32m200[39m [90m324 ms - 139[39m
[35m[HTTP][39m [90m[39m
[35m[HTTP][39m [37m-->[39m [37mGET[39m [37m/wd/hub/session/5b598795-5d7c-4647-b334-b461cc2f3d45/element/00000000-0000-15b4-0000-007300000004/location[39m
[35m[HTTP][39m [90m{}[39m
[35m[W3C (5b598795)][39m Driver proxy active, passing request on via HTTP proxy
[35m[WD Proxy][39m Replacing sessionId 63113f44-d38f-4435-af06-60450715ba0a with 5b598795-5d7c-4647-b334-b461cc2f3d45
[35m[HTTP][39m [37m<-- GET /wd/hub/session/5b598795-5d7c-4647-b334-b461cc2f3d45/element/00000000-0000-15b4-0000-007300000004/location [39m[32m200[39m [90m14 ms - 77[39m
[35m[HTTP][39m [90m[39m
[35m[HTTP][39m [37m-->[39m [37mPOST[39m [37m/wd/hub/session/5b598795-5d7c-4647-b334-b461cc2f3d45/timeouts[39m
[35m[HTTP][39m [90m{"implicit":30000}[39m
[35m[HTTP][39m [37m<-- POST /wd/hub/session/5b598795-5d7c-4647-b334-b461cc2f3d45/timeouts [39m[32m200[39m [90m1 ms - 14[39m
[35m[HTTP][39m [90m[39m
[35m[HTTP][39m [37m-->[39m [37mPOST[39m [37m/wd/hub/session/5b598795-5d7c-4647-b334-b461cc2f3d45/element/00000000-0000-15b4-0000-007300000004/click[39m
[35m[HTTP][39m [90m{"id":"00000000-0000-15b4-0000-007300000004"}[39m
[35m[HTTP][39m [37m<-- POST /wd/hub/session/5b598795-5d7c-4647-b334-b461cc2f3d45/element/00000000-0000-15b4-0000-007300000004/click [39m[32m200[39m [90m953 ms - 14[39m
[35m[HTTP][39m [90m[39m
[35m[HTTP][39m [37m-->[39m [37mPOST[39m [37m/wd/hub/session/5b598795-5d7c-4647-b334-b461cc2f3d45/timeouts[39m
[35m[HTTP][39m [90m{"implicit":50}[39m
[35m[HTTP][39m [37m<-- POST /wd/hub/session/5b598795-5d7c-4647-b334-b461cc2f3d45/timeouts [39m[32m200[39m [90m1 ms - 14[39m
[35m[HTTP][39m [90m[39m
[35m[HTTP][39m [37m-->[39m [37mGET[39m [37m/wd/hub/session/5b598795-5d7c-4647-b334-b461cc2f3d45/window/rect[39m
[35m[HTTP][39m [90m{}[39m
[35m[HTTP][39m [37m<-- GET /wd/hub/session/5b598795-5d7c-4647-b334-b461cc2f3d45/window/rect [39m[32m200[39m [90m21 ms - 50[39m
[35m[HTTP][39m [90m[39m
[35m[HTTP][39m [37m-->[39m [37mPOST[39m [37m/wd/hub/session/5b598795-5d7c-4647-b334-b461cc2f3d45/elements[39m
[35m[HTTP][39m [90m{"using":"xpath","value":"//*[@class = 'android.widget.EditText' and (@text = 'Alamat Email' or . = 'Alamat Email') and @resource-id = '']"}[39m
[35m[HTTP][39m [37m<-- POST /wd/hub/session/5b598795-5d7c-4647-b334-b461cc2f3d45/elements [39m[32m200[39m [90m223 ms - 139[39m
[35m[HTTP][39m [90m[39m
[35m[HTTP][39m [37m-->[39m [37mGET[39m [37m/wd/hub/session/5b598795-5d7c-4647-b334-b461cc2f3d45/element/00000000-0000-15b4-0000-007300000004/location[39m
[35m[HTTP][39m [90m{}[39m
[35m[W3C (5b598795)][39m Driver proxy active, passing request on via HTTP proxy
[35m[WD Proxy][39m Replacing sessionId 63113f44-d38f-4435-af06-60450715ba0a with 5b598795-5d7c-4647-b334-b461cc2f3d45
[35m[HTTP][39m [37m<-- GET /wd/hub/session/5b598795-5d7c-4647-b334-b461cc2f3d45/element/00000000-0000-15b4-0000-007300000004/location [39m[32m200[39m [90m20 ms - 77[39m
[35m[HTTP][39m [90m[39m
[35m[HTTP][39m [37m-->[39m [37mPOST[39m [37m/wd/hub/session/5b598795-5d7c-4647-b334-b461cc2f3d45/timeouts[39m
[35m[HTTP][39m [90m{"implicit":30000}[39m
[35m[HTTP][39m [37m<-- POST /wd/hub/session/5b598795-5d7c-4647-b334-b461cc2f3d45/timeouts [39m[32m200[39m [90m1 ms - 14[39m
[35m[HTTP][39m [90m[39m
[35m[HTTP][39m [37m-->[39m [37mPOST[39m [37m/wd/hub/session/5b598795-5d7c-4647-b334-b461cc2f3d45/element/00000000-0000-15b4-0000-007300000004/clear[39m
[35m[HTTP][39m [90m{"id":"00000000-0000-15b4-0000-007300000004"}[39m
[35m[HTTP][39m [37m<-- POST /wd/hub/session/5b598795-5d7c-4647-b334-b461cc2f3d45/element/00000000-0000-15b4-0000-007300000004/clear [39m[32m200[39m [90m18 ms - 14[39m
[35m[HTTP][39m [90m[39m
[35m[HTTP][39m [37m-->[39m [37mPOST[39m [37m/wd/hub/session/5b598795-5d7c-4647-b334-b461cc2f3d45/element/00000000-0000-15b4-0000-007300000004/value[39m
[35m[HTTP][39m [90m{"id":"00000000-0000-15b4-0000-007300000004","text":"raihansulthan4@gmail.com","value":["r","a","i","h","a","n","s","u","l","t","h","a","n","4","@","g","m","a","i","l",".","c","o","m"]}[39m
[35m[HTTP][39m [37m<-- POST /wd/hub/session/5b598795-5d7c-4647-b334-b461cc2f3d45/element/00000000-0000-15b4-0000-007300000004/value [39m[32m200[39m [90m32 ms - 14[39m
[35m[HTTP][39m [90m[39m
[35m[HTTP][39m [37m-->[39m [37mPOST[39m [37m/wd/hub/session/5b598795-5d7c-4647-b334-b461cc2f3d45/timeouts[39m
[35m[HTTP][39m [90m{"implicit":50}[39m
[35m[HTTP][39m [37m<-- POST /wd/hub/session/5b598795-5d7c-4647-b334-b461cc2f3d45/timeouts [39m[32m200[39m [90m1 ms - 14[39m
[35m[HTTP][39m [90m[39m
[35m[HTTP][39m [37m-->[39m [37mGET[39m [37m/wd/hub/session/5b598795-5d7c-4647-b334-b461cc2f3d45/window/rect[39m
[35m[HTTP][39m [90m{}[39m
[35m[HTTP][39m [37m<-- GET /wd/hub/session/5b598795-5d7c-4647-b334-b461cc2f3d45/window/rect [39m[32m200[39m [90m20 ms - 50[39m
[35m[HTTP][39m [90m[39m
[35m[HTTP][39m [37m-->[39m [37mPOST[39m [37m/wd/hub/session/5b598795-5d7c-4647-b334-b461cc2f3d45/elements[39m
[35m[HTTP][39m [90m{"using":"xpath","value":"//*[@class = 'android.widget.EditText' and (@text = 'Password' or . = 'Password') and @resource-id = '']"}[39m
[35m[HTTP][39m [37m<-- POST /wd/hub/session/5b598795-5d7c-4647-b334-b461cc2f3d45/elements [39m[32m200[39m [90m314 ms - 139[39m
[35m[HTTP][39m [90m[39m
[35m[HTTP][39m [37m-->[39m [37mGET[39m [37m/wd/hub/session/5b598795-5d7c-4647-b334-b461cc2f3d45/element/00000000-0000-15b4-0000-007400000004/location[39m
[35m[HTTP][39m [90m{}[39m
[35m[W3C (5b598795)][39m Driver proxy active, passing request on via HTTP proxy
[35m[WD Proxy][39m Replacing sessionId 63113f44-d38f-4435-af06-60450715ba0a with 5b598795-5d7c-4647-b334-b461cc2f3d45
[35m[HTTP][39m [37m<-- GET /wd/hub/session/5b598795-5d7c-4647-b334-b461cc2f3d45/element/00000000-0000-15b4-0000-007400000004/location [39m[32m200[39m [90m23 ms - 77[39m
[35m[HTTP][39m [90m[39m
[35m[HTTP][39m [37m-->[39m [37mPOST[39m [37m/wd/hub/session/5b598795-5d7c-4647-b334-b461cc2f3d45/timeouts[39m
[35m[HTTP][39m [90m{"implicit":30000}[39m
[35m[HTTP][39m [37m<-- POST /wd/hub/session/5b598795-5d7c-4647-b334-b461cc2f3d45/timeouts [39m[32m200[39m [90m1 ms - 14[39m
[35m[HTTP][39m [90m[39m
[35m[HTTP][39m [37m-->[39m [37mPOST[39m [37m/wd/hub/session/5b598795-5d7c-4647-b334-b461cc2f3d45/element/00000000-0000-15b4-0000-007400000004/click[39m
[35m[HTTP][39m [90m{"id":"00000000-0000-15b4-0000-007400000004"}[39m
[35m[HTTP][39m [37m<-- POST /wd/hub/session/5b598795-5d7c-4647-b334-b461cc2f3d45/element/00000000-0000-15b4-0000-007400000004/click [39m[32m200[39m [90m941 ms - 14[39m
[35m[HTTP][39m [90m[39m
[35m[HTTP][39m [37m-->[39m [37mPOST[39m [37m/wd/hub/session/5b598795-5d7c-4647-b334-b461cc2f3d45/timeouts[39m
[35m[HTTP][39m [90m{"implicit":50}[39m
[35m[HTTP][39m [37m<-- POST /wd/hub/session/5b598795-5d7c-4647-b334-b461cc2f3d45/timeouts [39m[32m200[39m [90m2 ms - 14[39m
[35m[HTTP][39m [90m[39m
[35m[HTTP][39m [37m-->[39m [37mGET[39m [37m/wd/hub/session/5b598795-5d7c-4647-b334-b461cc2f3d45/window/rect[39m
[35m[HTTP][39m [90m{}[39m
[35m[HTTP][39m [37m<-- GET /wd/hub/session/5b598795-5d7c-4647-b334-b461cc2f3d45/window/rect [39m[32m200[39m [90m21 ms - 50[39m
[35m[HTTP][39m [90m[39m
[35m[HTTP][39m [37m-->[39m [37mPOST[39m [37m/wd/hub/session/5b598795-5d7c-4647-b334-b461cc2f3d45/elements[39m
[35m[HTTP][39m [90m{"using":"xpath","value":"//*[@class = 'android.widget.EditText' and (@text = 'Password' or . = 'Password') and @resource-id = '']"}[39m
[35m[HTTP][39m [37m<-- POST /wd/hub/session/5b598795-5d7c-4647-b334-b461cc2f3d45/elements [39m[32m200[39m [90m221 ms - 139[39m
[35m[HTTP][39m [90m[39m
[35m[HTTP][39m [37m-->[39m [37mGET[39m [37m/wd/hub/session/5b598795-5d7c-4647-b334-b461cc2f3d45/element/00000000-0000-15b4-0000-007400000004/location[39m
[35m[HTTP][39m [90m{}[39m
[35m[W3C (5b598795)][39m Driver proxy active, passing request on via HTTP proxy
[35m[WD Proxy][39m Replacing sessionId 63113f44-d38f-4435-af06-60450715ba0a with 5b598795-5d7c-4647-b334-b461cc2f3d45
[35m[HTTP][39m [37m<-- GET /wd/hub/session/5b598795-5d7c-4647-b334-b461cc2f3d45/element/00000000-0000-15b4-0000-007400000004/location [39m[32m200[39m [90m18 ms - 77[39m
[35m[HTTP][39m [90m[39m
[35m[HTTP][39m [37m-->[39m [37mPOST[39m [37m/wd/hub/session/5b598795-5d7c-4647-b334-b461cc2f3d45/timeouts[39m
[35m[HTTP][39m [90m{"implicit":30000}[39m
[35m[HTTP][39m [37m<-- POST /wd/hub/session/5b598795-5d7c-4647-b334-b461cc2f3d45/timeouts [39m[32m200[39m [90m1 ms - 14[39m
[35m[HTTP][39m [90m[39m
[35m[HTTP][39m [37m-->[39m [37mPOST[39m [37m/wd/hub/session/5b598795-5d7c-4647-b334-b461cc2f3d45/element/00000000-0000-15b4-0000-007400000004/clear[39m
[35m[HTTP][39m [90m{"id":"00000000-0000-15b4-0000-007400000004"}[39m
[35m[HTTP][39m [37m<-- POST /wd/hub/session/5b598795-5d7c-4647-b334-b461cc2f3d45/element/00000000-0000-15b4-0000-007400000004/clear [39m[32m200[39m [90m19 ms - 14[39m
[35m[HTTP][39m [90m[39m
[35m[HTTP][39m [37m-->[39m [37mPOST[39m [37m/wd/hub/session/5b598795-5d7c-4647-b334-b461cc2f3d45/element/00000000-0000-15b4-0000-007400000004/value[39m
[35m[HTTP][39m [90m{"id":"00000000-0000-15b4-0000-007400000004","text":"user123","value":["u","s","e","r","1","2","3"]}[39m
[35m[HTTP][39m [37m<-- POST /wd/hub/session/5b598795-5d7c-4647-b334-b461cc2f3d45/element/00000000-0000-15b4-0000-007400000004/value [39m[32m200[39m [90m34 ms - 14[39m
[35m[HTTP][39m [90m[39m
[35m[HTTP][39m [37m-->[39m [37mPOST[39m [37m/wd/hub/session/5b598795-5d7c-4647-b334-b461cc2f3d45/timeouts[39m
[35m[HTTP][39m [90m{"implicit":50}[39m
[35m[HTTP][39m [37m<-- POST /wd/hub/session/5b598795-5d7c-4647-b334-b461cc2f3d45/timeouts [39m[32m200[39m [90m1 ms - 14[39m
[35m[HTTP][39m [90m[39m
[35m[HTTP][39m [37m-->[39m [37mGET[39m [37m/wd/hub/session/5b598795-5d7c-4647-b334-b461cc2f3d45/window/rect[39m
[35m[HTTP][39m [90m{}[39m
[35m[HTTP][39m [37m<-- GET /wd/hub/session/5b598795-5d7c-4647-b334-b461cc2f3d45/window/rect [39m[32m200[39m [90m16 ms - 50[39m
[35m[HTTP][39m [90m[39m
[35m[HTTP][39m [37m-->[39m [37mPOST[39m [37m/wd/hub/session/5b598795-5d7c-4647-b334-b461cc2f3d45/elements[39m
[35m[HTTP][39m [90m{"using":"xpath","value":"//hierarchy/android.widget.FrameLayout[1]/android.widget.LinearLayout[1]/android.widget.FrameLayout[1]/android.widget.FrameLayout[1]/android.widget.FrameLayout[1]/android.view.View[1]/android.view.View[1]/android.view.View[1]/android.view.View[1]/android.view.View[2]/android.widget.ScrollView[1]/android.widget.EditText[3]/android.widget.Button[1]"}[39m
[35m[HTTP][39m [37m<-- POST /wd/hub/session/5b598795-5d7c-4647-b334-b461cc2f3d45/elements [39m[32m200[39m [90m594 ms - 139[39m
[35m[HTTP][39m [90m[39m
[35m[HTTP][39m [37m-->[39m [37mGET[39m [37m/wd/hub/session/5b598795-5d7c-4647-b334-b461cc2f3d45/element/00000000-0000-15b4-0000-007500000004/location[39m
[35m[HTTP][39m [90m{}[39m
[35m[W3C (5b598795)][39m Driver proxy active, passing request on via HTTP proxy
[35m[WD Proxy][39m Replacing sessionId 63113f44-d38f-4435-af06-60450715ba0a with 5b598795-5d7c-4647-b334-b461cc2f3d45
[35m[HTTP][39m [37m<-- GET /wd/hub/session/5b598795-5d7c-4647-b334-b461cc2f3d45/element/00000000-0000-15b4-0000-007500000004/location [39m[32m200[39m [90m17 ms - 78[39m
[35m[HTTP][39m [90m[39m
[35m[HTTP][39m [37m-->[39m [37mPOST[39m [37m/wd/hub/session/5b598795-5d7c-4647-b334-b461cc2f3d45/timeouts[39m
[35m[HTTP][39m [90m{"implicit":30000}[39m
[35m[HTTP][39m [37m<-- POST /wd/hub/session/5b598795-5d7c-4647-b334-b461cc2f3d45/timeouts [39m[32m200[39m [90m1 ms - 14[39m
[35m[HTTP][39m [90m[39m
[35m[HTTP][39m [37m-->[39m [37mPOST[39m [37m/wd/hub/session/5b598795-5d7c-4647-b334-b461cc2f3d45/element/00000000-0000-15b4-0000-007500000004/click[39m
[35m[HTTP][39m [90m{"id":"00000000-0000-15b4-0000-007500000004"}[39m
[35m[HTTP][39m [37m<-- POST /wd/hub/session/5b598795-5d7c-4647-b334-b461cc2f3d45/element/00000000-0000-15b4-0000-007500000004/click [39m[32m200[39m [90m45 ms - 14[39m
[35m[HTTP][39m [90m[39m
[35m[HTTP][39m [37m-->[39m [37mPOST[39m [37m/wd/hub/session/5b598795-5d7c-4647-b334-b461cc2f3d45/timeouts[39m
[35m[HTTP][39m [90m{"implicit":50}[39m
[35m[HTTP][39m [37m<-- POST /wd/hub/session/5b598795-5d7c-4647-b334-b461cc2f3d45/timeouts [39m[32m200[39m [90m2 ms - 14[39m
[35m[HTTP][39m [90m[39m
[35m[HTTP][39m [37m-->[39m [37mGET[39m [37m/wd/hub/session/5b598795-5d7c-4647-b334-b461cc2f3d45/window/rect[39m
[35m[HTTP][39m [90m{}[39m
[35m[HTTP][39m [37m<-- GET /wd/hub/session/5b598795-5d7c-4647-b334-b461cc2f3d45/window/rect [39m[32m200[39m [90m10 ms - 50[39m
[35m[HTTP][39m [90m[39m
[35m[HTTP][39m [37m-->[39m [37mPOST[39m [37m/wd/hub/session/5b598795-5d7c-4647-b334-b461cc2f3d45/elements[39m
[35m[HTTP][39m [90m{"using":"xpath","value":"//*[@class = 'android.widget.EditText' and (@text = 'Ketik Ulang Password' or . = 'Ketik Ulang Password') and @resource-id = '']"}[39m
[35m[HTTP][39m [37m<-- POST /wd/hub/session/5b598795-5d7c-4647-b334-b461cc2f3d45/elements [39m[32m200[39m [90m776 ms - 139[39m
[35m[HTTP][39m [90m[39m
[35m[HTTP][39m [37m-->[39m [37mGET[39m [37m/wd/hub/session/5b598795-5d7c-4647-b334-b461cc2f3d45/element/00000000-0000-15b4-0000-007600000004/location[39m
[35m[HTTP][39m [90m{}[39m
[35m[W3C (5b598795)][39m Driver proxy active, passing request on via HTTP proxy
[35m[WD Proxy][39m Replacing sessionId 63113f44-d38f-4435-af06-60450715ba0a with 5b598795-5d7c-4647-b334-b461cc2f3d45
[35m[HTTP][39m [37m<-- GET /wd/hub/session/5b598795-5d7c-4647-b334-b461cc2f3d45/element/00000000-0000-15b4-0000-007600000004/location [39m[32m200[39m [90m17 ms - 77[39m
[35m[HTTP][39m [90m[39m
[35m[HTTP][39m [37m-->[39m [37mPOST[39m [37m/wd/hub/session/5b598795-5d7c-4647-b334-b461cc2f3d45/timeouts[39m
[35m[HTTP][39m [90m{"implicit":30000}[39m
[35m[HTTP][39m [37m<-- POST /wd/hub/session/5b598795-5d7c-4647-b334-b461cc2f3d45/timeouts [39m[32m200[39m [90m1 ms - 14[39m
[35m[HTTP][39m [90m[39m
[35m[HTTP][39m [37m-->[39m [37mPOST[39m [37m/wd/hub/session/5b598795-5d7c-4647-b334-b461cc2f3d45/element/00000000-0000-15b4-0000-007600000004/click[39m
[35m[HTTP][39m [90m{"id":"00000000-0000-15b4-0000-007600000004"}[39m
[35m[HTTP][39m [37m<-- POST /wd/hub/session/5b598795-5d7c-4647-b334-b461cc2f3d45/element/00000000-0000-15b4-0000-007600000004/click [39m[32m200[39m [90m45 ms - 14[39m
[35m[HTTP][39m [90m[39m
[35m[HTTP][39m [37m-->[39m [37mPOST[39m [37m/wd/hub/session/5b598795-5d7c-4647-b334-b461cc2f3d45/timeouts[39m
[35m[HTTP][39m [90m{"implicit":50}[39m
[35m[HTTP][39m [37m<-- POST /wd/hub/session/5b598795-5d7c-4647-b334-b461cc2f3d45/timeouts [39m[32m200[39m [90m1 ms - 14[39m
[35m[HTTP][39m [90m[39m
[35m[HTTP][39m [37m-->[39m [37mGET[39m [37m/wd/hub/session/5b598795-5d7c-4647-b334-b461cc2f3d45/window/rect[39m
[35m[HTTP][39m [90m{}[39m
[35m[HTTP][39m [37m<-- GET /wd/hub/session/5b598795-5d7c-4647-b334-b461cc2f3d45/window/rect [39m[32m200[39m [90m13 ms - 50[39m
[35m[HTTP][39m [90m[39m
[35m[HTTP][39m [37m-->[39m [37mPOST[39m [37m/wd/hub/session/5b598795-5d7c-4647-b334-b461cc2f3d45/elements[39m
[35m[HTTP][39m [90m{"using":"xpath","value":"//*[@class = 'android.widget.EditText' and (@text = 'Ketik Ulang Password' or . = 'Ketik Ulang Password') and @resource-id = '']"}[39m
[35m[HTTP][39m [37m<-- POST /wd/hub/session/5b598795-5d7c-4647-b334-b461cc2f3d45/elements [39m[32m200[39m [90m944 ms - 139[39m
[35m[HTTP][39m [90m[39m
[35m[HTTP][39m [37m-->[39m [37mGET[39m [37m/wd/hub/session/5b598795-5d7c-4647-b334-b461cc2f3d45/element/00000000-0000-15b4-0000-007600000004/location[39m
[35m[HTTP][39m [90m{}[39m
[35m[W3C (5b598795)][39m Driver proxy active, passing request on via HTTP proxy
[35m[WD Proxy][39m Replacing sessionId 63113f44-d38f-4435-af06-60450715ba0a with 5b598795-5d7c-4647-b334-b461cc2f3d45
[35m[HTTP][39m [37m<-- GET /wd/hub/session/5b598795-5d7c-4647-b334-b461cc2f3d45/element/00000000-0000-15b4-0000-007600000004/location [39m[32m200[39m [90m17 ms - 77[39m
[35m[HTTP][39m [90m[39m
[35m[HTTP][39m [37m-->[39m [37mPOST[39m [37m/wd/hub/session/5b598795-5d7c-4647-b334-b461cc2f3d45/timeouts[39m
[35m[HTTP][39m [90m{"implicit":30000}[39m
[35m[HTTP][39m [37m<-- POST /wd/hub/session/5b598795-5d7c-4647-b334-b461cc2f3d45/timeouts [39m[32m200[39m [90m2 ms - 14[39m
[35m[HTTP][39m [90m[39m
[35m[HTTP][39m [37m-->[39m [37mPOST[39m [37m/wd/hub/session/5b598795-5d7c-4647-b334-b461cc2f3d45/element/00000000-0000-15b4-0000-007600000004/clear[39m
[35m[HTTP][39m [90m{"id":"00000000-0000-15b4-0000-007600000004"}[39m
[35m[HTTP][39m [37m<-- POST /wd/hub/session/5b598795-5d7c-4647-b334-b461cc2f3d45/element/00000000-0000-15b4-0000-007600000004/clear [39m[32m200[39m [90m516 ms - 14[39m
[35m[HTTP][39m [90m[39m
[35m[HTTP][39m [37m-->[39m [37mPOST[39m [37m/wd/hub/session/5b598795-5d7c-4647-b334-b461cc2f3d45/element/00000000-0000-15b4-0000-007600000004/value[39m
[35m[HTTP][39m [90m{"id":"00000000-0000-15b4-0000-007600000004","text":"user123","value":["u","s","e","r","1","2","3"]}[39m
[35m[HTTP][39m [37m<-- POST /wd/hub/session/5b598795-5d7c-4647-b334-b461cc2f3d45/element/00000000-0000-15b4-0000-007600000004/value [39m[32m200[39m [90m40 ms - 14[39m
[35m[HTTP][39m [90m[39m
[35m[HTTP][39m [37m-->[39m [37mPOST[39m [37m/wd/hub/session/5b598795-5d7c-4647-b334-b461cc2f3d45/timeouts[39m
[35m[HTTP][39m [90m{"implicit":50}[39m
[35m[HTTP][39m [37m<-- POST /wd/hub/session/5b598795-5d7c-4647-b334-b461cc2f3d45/timeouts [39m[32m200[39m [90m1 ms - 14[39m
[35m[HTTP][39m [90m[39m
[35m[HTTP][39m [37m-->[39m [37mGET[39m [37m/wd/hub/session/5b598795-5d7c-4647-b334-b461cc2f3d45/window/rect[39m
[35m[HTTP][39m [90m{}[39m
[35m[HTTP][39m [37m<-- GET /wd/hub/session/5b598795-5d7c-4647-b334-b461cc2f3d45/window/rect [39m[32m200[39m [90m19 ms - 50[39m
[35m[HTTP][39m [90m[39m
[35m[HTTP][39m [37m-->[39m [37mPOST[39m [37m/wd/hub/session/5b598795-5d7c-4647-b334-b461cc2f3d45/elements[39m
[35m[HTTP][39m [90m{"using":"xpath","value":"//hierarchy/android.widget.FrameLayout[1]/android.widget.LinearLayout[1]/android.widget.FrameLayout[1]/android.widget.FrameLayout[1]/android.widget.FrameLayout[1]/android.view.View[1]/android.view.View[1]/android.view.View[1]/android.view.View[1]/android.view.View[2]/android.widget.ScrollView[1]/android.widget.EditText[4]/android.widget.Button[1]"}[39m
[35m[HTTP][39m [37m<-- POST /wd/hub/session/5b598795-5d7c-4647-b334-b461cc2f3d45/elements [39m[32m200[39m [90m594 ms - 139[39m
[35m[HTTP][39m [90m[39m
[35m[HTTP][39m [37m-->[39m [37mGET[39m [37m/wd/hub/session/5b598795-5d7c-4647-b334-b461cc2f3d45/element/00000000-0000-15b4-0000-007700000004/location[39m
[35m[HTTP][39m [90m{}[39m
[35m[W3C (5b598795)][39m Driver proxy active, passing request on via HTTP proxy
[35m[WD Proxy][39m Replacing sessionId 63113f44-d38f-4435-af06-60450715ba0a with 5b598795-5d7c-4647-b334-b461cc2f3d45
[35m[HTTP][39m [37m<-- GET /wd/hub/session/5b598795-5d7c-4647-b334-b461cc2f3d45/element/00000000-0000-15b4-0000-007700000004/location [39m[32m200[39m [90m18 ms - 78[39m
[35m[HTTP][39m [90m[39m
[35m[HTTP][39m [37m-->[39m [37mPOST[39m [37m/wd/hub/session/5b598795-5d7c-4647-b334-b461cc2f3d45/timeouts[39m
[35m[HTTP][39m [90m{"implicit":30000}[39m
[35m[HTTP][39m [37m<-- POST /wd/hub/session/5b598795-5d7c-4647-b334-b461cc2f3d45/timeouts [39m[32m200[39m [90m1 ms - 14[39m
[35m[HTTP][39m [90m[39m
[35m[HTTP][39m [37m-->[39m [37mPOST[39m [37m/wd/hub/session/5b598795-5d7c-4647-b334-b461cc2f3d45/element/00000000-0000-15b4-0000-007700000004/click[39m
[35m[HTTP][39m [90m{"id":"00000000-0000-15b4-0000-007700000004"}[39m
[35m[HTTP][39m [37m<-- POST /wd/hub/session/5b598795-5d7c-4647-b334-b461cc2f3d45/element/00000000-0000-15b4-0000-007700000004/click [39m[32m200[39m [90m728 ms - 14[39m
[35m[HTTP][39m [90m[39m
[35m[HTTP][39m [37m-->[39m [37mPOST[39m [37m/wd/hub/session/5b598795-5d7c-4647-b334-b461cc2f3d45/timeouts[39m
[35m[HTTP][39m [90m{"implicit":50}[39m
[35m[HTTP][39m [37m<-- POST /wd/hub/session/5b598795-5d7c-4647-b334-b461cc2f3d45/timeouts [39m[32m200[39m [90m1 ms - 14[39m
[35m[HTTP][39m [90m[39m
[35m[HTTP][39m [37m-->[39m [37mGET[39m [37m/wd/hub/session/5b598795-5d7c-4647-b334-b461cc2f3d45/window/rect[39m
[35m[HTTP][39m [90m{}[39m
[35m[HTTP][39m [37m<-- GET /wd/hub/session/5b598795-5d7c-4647-b334-b461cc2f3d45/window/rect [39m[32m200[39m [90m21 ms - 50[39m
[35m[HTTP][39m [90m[39m
[35m[HTTP][39m [37m-->[39m [37mPOST[39m [37m/wd/hub/session/5b598795-5d7c-4647-b334-b461cc2f3d45/elements[39m
[35m[HTTP][39m [90m{"using":"xpath","value":"//*[@class = 'android.widget.EditText' and (@text = 'Alamat Pengiriman' or . = 'Alamat Pengiriman') and @resource-id = '']"}[39m
[35m[HTTP][39m [37m<-- POST /wd/hub/session/5b598795-5d7c-4647-b334-b461cc2f3d45/elements [39m[32m200[39m [90m198 ms - 139[39m
[35m[HTTP][39m [90m[39m
[35m[HTTP][39m [37m-->[39m [37mGET[39m [37m/wd/hub/session/5b598795-5d7c-4647-b334-b461cc2f3d45/element/00000000-0000-15b4-0000-007800000004/location[39m
[35m[HTTP][39m [90m{}[39m
[35m[W3C (5b598795)][39m Driver proxy active, passing request on via HTTP proxy
[35m[WD Proxy][39m Replacing sessionId 63113f44-d38f-4435-af06-60450715ba0a with 5b598795-5d7c-4647-b334-b461cc2f3d45
[35m[HTTP][39m [37m<-- GET /wd/hub/session/5b598795-5d7c-4647-b334-b461cc2f3d45/element/00000000-0000-15b4-0000-007800000004/location [39m[32m200[39m [90m21 ms - 78[39m
[35m[HTTP][39m [90m[39m
[35m[HTTP][39m [37m-->[39m [37mPOST[39m [37m/wd/hub/session/5b598795-5d7c-4647-b334-b461cc2f3d45/timeouts[39m
[35m[HTTP][39m [90m{"implicit":30000}[39m
[35m[HTTP][39m [37m<-- POST /wd/hub/session/5b598795-5d7c-4647-b334-b461cc2f3d45/timeouts [39m[32m200[39m [90m1 ms - 14[39m
[35m[HTTP][39m [90m[39m
[35m[HTTP][39m [37m-->[39m [37mPOST[39m [37m/wd/hub/session/5b598795-5d7c-4647-b334-b461cc2f3d45/element/00000000-0000-15b4-0000-007800000004/click[39m
[35m[HTTP][39m [90m{"id":"00000000-0000-15b4-0000-007800000004"}[39m
[35m[HTTP][39m [37m<-- POST /wd/hub/session/5b598795-5d7c-4647-b334-b461cc2f3d45/element/00000000-0000-15b4-0000-007800000004/click [39m[32m200[39m [90m49 ms - 14[39m
[35m[HTTP][39m [90m[39m
[35m[HTTP][39m [37m-->[39m [37mPOST[39m [37m/wd/hub/session/5b598795-5d7c-4647-b334-b461cc2f3d45/timeouts[39m
[35m[HTTP][39m [90m{"implicit":50}[39m
[35m[HTTP][39m [37m<-- POST /wd/hub/session/5b598795-5d7c-4647-b334-b461cc2f3d45/timeouts [39m[32m200[39m [90m2 ms - 14[39m
[35m[HTTP][39m [90m[39m
[35m[HTTP][39m [37m-->[39m [37mGET[39m [37m/wd/hub/session/5b598795-5d7c-4647-b334-b461cc2f3d45/window/rect[39m
[35m[HTTP][39m [90m{}[39m
[35m[HTTP][39m [37m<-- GET /wd/hub/session/5b598795-5d7c-4647-b334-b461cc2f3d45/window/rect [39m[32m200[39m [90m12 ms - 50[39m
[35m[HTTP][39m [90m[39m
[35m[HTTP][39m [37m-->[39m [37mPOST[39m [37m/wd/hub/session/5b598795-5d7c-4647-b334-b461cc2f3d45/elements[39m
[35m[HTTP][39m [90m{"using":"xpath","value":"//*[@class = 'android.widget.EditText' and (@text = 'Alamat Pengiriman' or . = 'Alamat Pengiriman') and @resource-id = '']"}[39m
[35m[HTTP][39m [37m<-- POST /wd/hub/session/5b598795-5d7c-4647-b334-b461cc2f3d45/elements [39m[32m200[39m [90m953 ms - 139[39m
[35m[HTTP][39m [90m[39m
[35m[HTTP][39m [37m-->[39m [37mGET[39m [37m/wd/hub/session/5b598795-5d7c-4647-b334-b461cc2f3d45/element/00000000-0000-15b4-0000-007800000004/location[39m
[35m[HTTP][39m [90m{}[39m
[35m[W3C (5b598795)][39m Driver proxy active, passing request on via HTTP proxy
[35m[WD Proxy][39m Replacing sessionId 63113f44-d38f-4435-af06-60450715ba0a with 5b598795-5d7c-4647-b334-b461cc2f3d45
[35m[HTTP][39m [37m<-- GET /wd/hub/session/5b598795-5d7c-4647-b334-b461cc2f3d45/element/00000000-0000-15b4-0000-007800000004/location [39m[32m200[39m [90m20 ms - 78[39m
[35m[HTTP][39m [90m[39m
[35m[HTTP][39m [37m-->[39m [37mPOST[39m [37m/wd/hub/session/5b598795-5d7c-4647-b334-b461cc2f3d45/timeouts[39m
[35m[HTTP][39m [90m{"implicit":30000}[39m
[35m[HTTP][39m [37m<-- POST /wd/hub/session/5b598795-5d7c-4647-b334-b461cc2f3d45/timeouts [39m[32m200[39m [90m1 ms - 14[39m
[35m[HTTP][39m [90m[39m
[35m[HTTP][39m [37m-->[39m [37mPOST[39m [37m/wd/hub/session/5b598795-5d7c-4647-b334-b461cc2f3d45/element/00000000-0000-15b4-0000-007800000004/clear[39m
[35m[HTTP][39m [90m{"id":"00000000-0000-15b4-0000-007800000004"}[39m
[35m[HTTP][39m [37m<-- POST /wd/hub/session/5b598795-5d7c-4647-b334-b461cc2f3d45/element/00000000-0000-15b4-0000-007800000004/clear [39m[32m200[39m [90m22 ms - 14[39m
[35m[HTTP][39m [90m[39m
[35m[HTTP][39m [37m-->[39m [37mPOST[39m [37m/wd/hub/session/5b598795-5d7c-4647-b334-b461cc2f3d45/element/00000000-0000-15b4-0000-007800000004/value[39m
[35m[HTTP][39m [90m{"id":"00000000-0000-15b4-0000-007800000004","text":"Jl. yang ada di Kedaung","value":["J","l","."," ","y","a","n","g"," ","a","d","a"," ","d","i"," ","K","e","d","a","u","n","g"]}[39m
[35m[HTTP][39m [37m<-- POST /wd/hub/session/5b598795-5d7c-4647-b334-b461cc2f3d45/element/00000000-0000-15b4-0000-007800000004/value [39m[32m200[39m [90m39 ms - 14[39m
[35m[HTTP][39m [90m[39m
[35m[HTTP][39m [37m-->[39m [37mGET[39m [37m/wd/hub/session/5b598795-5d7c-4647-b334-b461cc2f3d45/context[39m
[35m[HTTP][39m [90m{}[39m
[35m[HTTP][39m [37m<-- GET /wd/hub/session/5b598795-5d7c-4647-b334-b461cc2f3d45/context [39m[32m200[39m [90m6 ms - 22[39m
[35m[HTTP][39m [90m[39m
[35m[HTTP][39m [37m-->[39m [37mGET[39m [37m/wd/hub/session/5b598795-5d7c-4647-b334-b461cc2f3d45/contexts[39m
[35m[HTTP][39m [90m{}[39m
[35m[HTTP][39m [37m<-- GET /wd/hub/session/5b598795-5d7c-4647-b334-b461cc2f3d45/contexts [39m[32m200[39m [90m99 ms - 24[39m
[35m[HTTP][39m [90m[39m
[35m[HTTP][39m [37m-->[39m [37mPOST[39m [37m/wd/hub/session/5b598795-5d7c-4647-b334-b461cc2f3d45/context[39m
[35m[HTTP][39m [90m{"name":"NATIVE_APP"}[39m
[35m[HTTP][39m [37m<-- POST /wd/hub/session/5b598795-5d7c-4647-b334-b461cc2f3d45/context [39m[32m200[39m [90m1 ms - 14[39m
[35m[HTTP][39m [90m[39m
[35m[HTTP][39m [37m-->[39m [37mPOST[39m [37m/wd/hub/session/5b598795-5d7c-4647-b334-b461cc2f3d45/appium/device/hide_keyboard[39m
[35m[HTTP][39m [90m{}[39m
[35m[HTTP][39m [37m<-- POST /wd/hub/session/5b598795-5d7c-4647-b334-b461cc2f3d45/appium/device/hide_keyboard [39m[32m200[39m [90m1028 ms - 14[39m
[35m[HTTP][39m [90m[39m
[35m[HTTP][39m [37m-->[39m [37mPOST[39m [37m/wd/hub/session/5b598795-5d7c-4647-b334-b461cc2f3d45/context[39m
[35m[HTTP][39m [90m{"name":"NATIVE_APP"}[39m
[35m[HTTP][39m [37m<-- POST /wd/hub/session/5b598795-5d7c-4647-b334-b461cc2f3d45/context [39m[32m200[39m [90m2 ms - 14[39m
[35m[HTTP][39m [90m[39m
[35m[HTTP][39m [37m-->[39m [37mPOST[39m [37m/wd/hub/session/5b598795-5d7c-4647-b334-b461cc2f3d45/timeouts[39m
[35m[HTTP][39m [90m{"implicit":50}[39m
[35m[HTTP][39m [37m<-- POST /wd/hub/session/5b598795-5d7c-4647-b334-b461cc2f3d45/timeouts [39m[32m200[39m [90m5 ms - 14[39m
[35m[HTTP][39m [90m[39m
[35m[HTTP][39m [37m-->[39m [37mGET[39m [37m/wd/hub/session/5b598795-5d7c-4647-b334-b461cc2f3d45/window/rect[39m
[35m[HTTP][39m [90m{}[39m
[35m[HTTP][39m [37m<-- GET /wd/hub/session/5b598795-5d7c-4647-b334-b461cc2f3d45/window/rect [39m[32m200[39m [90m16 ms - 50[39m
[35m[HTTP][39m [90m[39m
[35m[HTTP][39m [37m-->[39m [37mPOST[39m [37m/wd/hub/session/5b598795-5d7c-4647-b334-b461cc2f3d45/elements[39m
[35m[HTTP][39m [90m{"using":"accessibility id","value":"Pilih"}[39m
[35m[HTTP][39m [37m<-- POST /wd/hub/session/5b598795-5d7c-4647-b334-b461cc2f3d45/elements [39m[32m200[39m [90m84 ms - 139[39m
[35m[HTTP][39m [90m[39m
[35m[HTTP][39m [37m-->[39m [37mGET[39m [37m/wd/hub/session/5b598795-5d7c-4647-b334-b461cc2f3d45/element/00000000-0000-15b4-0000-008200000004/location[39m
[35m[HTTP][39m [90m{}[39m
[35m[W3C (5b598795)][39m Driver proxy active, passing request on via HTTP proxy
[35m[WD Proxy][39m Replacing sessionId 63113f44-d38f-4435-af06-60450715ba0a with 5b598795-5d7c-4647-b334-b461cc2f3d45
[35m[HTTP][39m [37m<-- GET /wd/hub/session/5b598795-5d7c-4647-b334-b461cc2f3d45/element/00000000-0000-15b4-0000-008200000004/location [39m[32m200[39m [90m25 ms - 79[39m
[35m[HTTP][39m [90m[39m
[35m[HTTP][39m [37m-->[39m [37mPOST[39m [37m/wd/hub/session/5b598795-5d7c-4647-b334-b461cc2f3d45/timeouts[39m
[35m[HTTP][39m [90m{"implicit":30000}[39m
[35m[HTTP][39m [37m<-- POST /wd/hub/session/5b598795-5d7c-4647-b334-b461cc2f3d45/timeouts [39m[32m200[39m [90m1 ms - 14[39m
[35m[HTTP][39m [90m[39m
[35m[HTTP][39m [37m-->[39m [37mPOST[39m [37m/wd/hub/session/5b598795-5d7c-4647-b334-b461cc2f3d45/element/00000000-0000-15b4-0000-008200000004/click[39m
[35m[HTTP][39m [90m{"id":"00000000-0000-15b4-0000-008200000004"}[39m
[35m[HTTP][39m [37m<-- POST /wd/hub/session/5b598795-5d7c-4647-b334-b461cc2f3d45/element/00000000-0000-15b4-0000-008200000004/click [39m[32m200[39m [90m804 ms - 14[39m
[35m[HTTP][39m [90m[39m
[35m[HTTP][39m [37m-->[39m [37mPOST[39m [37m/wd/hub/session/5b598795-5d7c-4647-b334-b461cc2f3d45/timeouts[39m
[35m[HTTP][39m [90m{"implicit":50}[39m
[35m[HTTP][39m [37m<-- POST /wd/hub/session/5b598795-5d7c-4647-b334-b461cc2f3d45/timeouts [39m[32m200[39m [90m2 ms - 14[39m
[35m[HTTP][39m [90m[39m
[35m[HTTP][39m [37m-->[39m [37mGET[39m [37m/wd/hub/session/5b598795-5d7c-4647-b334-b461cc2f3d45/window/rect[39m
[35m[HTTP][39m [90m{}[39m
[35m[HTTP][39m [37m<-- GET /wd/hub/session/5b598795-5d7c-4647-b334-b461cc2f3d45/window/rect [39m[32m200[39m [90m21 ms - 50[39m
[35m[HTTP][39m [90m[39m
[35m[HTTP][39m [37m-->[39m [37mPOST[39m [37m/wd/hub/session/5b598795-5d7c-4647-b334-b461cc2f3d45/elements[39m
[35m[HTTP][39m [90m{"using":"accessibility id","value":"Banten"}[39m
[35m[HTTP][39m [37m<-- POST /wd/hub/session/5b598795-5d7c-4647-b334-b461cc2f3d45/elements [39m[32m200[39m [90m46 ms - 139[39m
[35m[HTTP][39m [90m[39m
[35m[HTTP][39m [37m-->[39m [37mGET[39m [37m/wd/hub/session/5b598795-5d7c-4647-b334-b461cc2f3d45/element/00000000-0000-15b4-0000-008b00000004/location[39m
[35m[HTTP][39m [90m{}[39m
[35m[W3C (5b598795)][39m Driver proxy active, passing request on via HTTP proxy
[35m[WD Proxy][39m Replacing sessionId 63113f44-d38f-4435-af06-60450715ba0a with 5b598795-5d7c-4647-b334-b461cc2f3d45
[35m[HTTP][39m [37m<-- GET /wd/hub/session/5b598795-5d7c-4647-b334-b461cc2f3d45/element/00000000-0000-15b4-0000-008b00000004/location [39m[32m200[39m [90m28 ms - 77[39m
[35m[HTTP][39m [90m[39m
[35m[HTTP][39m [37m-->[39m [37mPOST[39m [37m/wd/hub/session/5b598795-5d7c-4647-b334-b461cc2f3d45/timeouts[39m
[35m[HTTP][39m [90m{"implicit":30000}[39m
[35m[HTTP][39m [37m<-- POST /wd/hub/session/5b598795-5d7c-4647-b334-b461cc2f3d45/timeouts [39m[32m200[39m [90m2 ms - 14[39m
[35m[HTTP][39m [90m[39m
[35m[HTTP][39m [37m-->[39m [37mPOST[39m [37m/wd/hub/session/5b598795-5d7c-4647-b334-b461cc2f3d45/element/00000000-0000-15b4-0000-008b00000004/click[39m
[35m[HTTP][39m [90m{"id":"00000000-0000-15b4-0000-008b00000004"}[39m
[35m[HTTP][39m [37m<-- POST /wd/hub/session/5b598795-5d7c-4647-b334-b461cc2f3d45/element/00000000-0000-15b4-0000-008b00000004/click [39m[32m200[39m [90m768 ms - 14[39m
[35m[HTTP][39m [90m[39m
[35m[HTTP][39m [37m-->[39m [37mPOST[39m [37m/wd/hub/session/5b598795-5d7c-4647-b334-b461cc2f3d45/timeouts[39m
[35m[HTTP][39m [90m{"implicit":50}[39m
[35m[HTTP][39m [37m<-- POST /wd/hub/session/5b598795-5d7c-4647-b334-b461cc2f3d45/timeouts [39m[32m200[39m [90m1 ms - 14[39m
[35m[HTTP][39m [90m[39m
[35m[HTTP][39m [37m-->[39m [37mGET[39m [37m/wd/hub/session/5b598795-5d7c-4647-b334-b461cc2f3d45/window/rect[39m
[35m[HTTP][39m [90m{}[39m
[35m[HTTP][39m [37m<-- GET /wd/hub/session/5b598795-5d7c-4647-b334-b461cc2f3d45/window/rect [39m[32m200[39m [90m24 ms - 50[39m
[35m[HTTP][39m [90m[39m
[35m[HTTP][39m [37m-->[39m [37mPOST[39m [37m/wd/hub/session/5b598795-5d7c-4647-b334-b461cc2f3d45/elements[39m
[35m[HTTP][39m [90m{"using":"accessibility id","value":"Pilih"}[39m
[35m[HTTP][39m [37m<-- POST /wd/hub/session/5b598795-5d7c-4647-b334-b461cc2f3d45/elements [39m[32m200[39m [90m47 ms - 139[39m
[35m[HTTP][39m [90m[39m
[35m[HTTP][39m [37m-->[39m [37mGET[39m [37m/wd/hub/session/5b598795-5d7c-4647-b334-b461cc2f3d45/element/00000000-0000-15b4-0000-009400000004/location[39m
[35m[HTTP][39m [90m{}[39m
[35m[W3C (5b598795)][39m Driver proxy active, passing request on via HTTP proxy
[35m[WD Proxy][39m Replacing sessionId 63113f44-d38f-4435-af06-60450715ba0a with 5b598795-5d7c-4647-b334-b461cc2f3d45
[35m[HTTP][39m [37m<-- GET /wd/hub/session/5b598795-5d7c-4647-b334-b461cc2f3d45/element/00000000-0000-15b4-0000-009400000004/location [39m[32m200[39m [90m22 ms - 79[39m
[35m[HTTP][39m [90m[39m
[35m[HTTP][39m [37m-->[39m [37mPOST[39m [37m/wd/hub/session/5b598795-5d7c-4647-b334-b461cc2f3d45/timeouts[39m
[35m[HTTP][39m [90m{"implicit":30000}[39m
[35m[HTTP][39m [37m<-- POST /wd/hub/session/5b598795-5d7c-4647-b334-b461cc2f3d45/timeouts [39m[32m200[39m [90m2 ms - 14[39m
[35m[HTTP][39m [90m[39m
[35m[HTTP][39m [37m-->[39m [37mPOST[39m [37m/wd/hub/session/5b598795-5d7c-4647-b334-b461cc2f3d45/element/00000000-0000-15b4-0000-009400000004/click[39m
[35m[HTTP][39m [90m{"id":"00000000-0000-15b4-0000-009400000004"}[39m
[35m[HTTP][39m [37m<-- POST /wd/hub/session/5b598795-5d7c-4647-b334-b461cc2f3d45/element/00000000-0000-15b4-0000-009400000004/click [39m[32m200[39m [90m811 ms - 14[39m
[35m[HTTP][39m [90m[39m
[35m[HTTP][39m [37m-->[39m [37mPOST[39m [37m/wd/hub/session/5b598795-5d7c-4647-b334-b461cc2f3d45/timeouts[39m
[35m[HTTP][39m [90m{"implicit":50}[39m
[35m[HTTP][39m [37m<-- POST /wd/hub/session/5b598795-5d7c-4647-b334-b461cc2f3d45/timeouts [39m[32m200[39m [90m1 ms - 14[39m
[35m[HTTP][39m [90m[39m
[35m[HTTP][39m [37m-->[39m [37mGET[39m [37m/wd/hub/session/5b598795-5d7c-4647-b334-b461cc2f3d45/window/rect[39m
[35m[HTTP][39m [90m{}[39m
[35m[HTTP][39m [37m<-- GET /wd/hub/session/5b598795-5d7c-4647-b334-b461cc2f3d45/window/rect [39m[32m200[39m [90m20 ms - 50[39m
[35m[HTTP][39m [90m[39m
[35m[HTTP][39m [37m-->[39m [37mPOST[39m [37m/wd/hub/session/5b598795-5d7c-4647-b334-b461cc2f3d45/elements[39m
[35m[HTTP][39m [90m{"using":"accessibility id","value":"Kab. Tangerang"}[39m
[35m[HTTP][39m [37m<-- POST /wd/hub/session/5b598795-5d7c-4647-b334-b461cc2f3d45/elements [39m[32m200[39m [90m45 ms - 139[39m
[35m[HTTP][39m [90m[39m
[35m[HTTP][39m [37m-->[39m [37mGET[39m [37m/wd/hub/session/5b598795-5d7c-4647-b334-b461cc2f3d45/element/00000000-0000-15b4-0000-009e00000004/location[39m
[35m[HTTP][39m [90m{}[39m
[35m[W3C (5b598795)][39m Driver proxy active, passing request on via HTTP proxy
[35m[WD Proxy][39m Replacing sessionId 63113f44-d38f-4435-af06-60450715ba0a with 5b598795-5d7c-4647-b334-b461cc2f3d45
[35m[HTTP][39m [37m<-- GET /wd/hub/session/5b598795-5d7c-4647-b334-b461cc2f3d45/element/00000000-0000-15b4-0000-009e00000004/location [39m[32m200[39m [90m30 ms - 77[39m
[35m[HTTP][39m [90m[39m
[35m[HTTP][39m [37m-->[39m [37mPOST[39m [37m/wd/hub/session/5b598795-5d7c-4647-b334-b461cc2f3d45/timeouts[39m
[35m[HTTP][39m [90m{"implicit":30000}[39m
[35m[HTTP][39m [37m<-- POST /wd/hub/session/5b598795-5d7c-4647-b334-b461cc2f3d45/timeouts [39m[32m200[39m [90m3 ms - 14[39m
[35m[HTTP][39m [90m[39m
[35m[HTTP][39m [37m-->[39m [37mPOST[39m [37m/wd/hub/session/5b598795-5d7c-4647-b334-b461cc2f3d45/element/00000000-0000-15b4-0000-009e00000004/click[39m
[35m[HTTP][39m [90m{"id":"00000000-0000-15b4-0000-009e00000004"}[39m
[35m[HTTP][39m [37m<-- POST /wd/hub/session/5b598795-5d7c-4647-b334-b461cc2f3d45/element/00000000-0000-15b4-0000-009e00000004/click [39m[32m200[39m [90m1242 ms - 14[39m
[35m[HTTP][39m [90m[39m
[35m[HTTP][39m [37m-->[39m [37mPOST[39m [37m/wd/hub/session/5b598795-5d7c-4647-b334-b461cc2f3d45/timeouts[39m
[35m[HTTP][39m [90m{"implicit":50}[39m
[35m[HTTP][39m [37m<-- POST /wd/hub/session/5b598795-5d7c-4647-b334-b461cc2f3d45/timeouts [39m[32m200[39m [90m1 ms - 14[39m
[35m[HTTP][39m [90m[39m
[35m[HTTP][39m [37m-->[39m [37mGET[39m [37m/wd/hub/session/5b598795-5d7c-4647-b334-b461cc2f3d45/window/rect[39m
[35m[HTTP][39m [90m{}[39m
[35m[HTTP][39m [37m<-- GET /wd/hub/session/5b598795-5d7c-4647-b334-b461cc2f3d45/window/rect [39m[32m200[39m [90m20 ms - 50[39m
[35m[HTTP][39m [90m[39m
[35m[HTTP][39m [37m-->[39m [37mPOST[39m [37m/wd/hub/session/5b598795-5d7c-4647-b334-b461cc2f3d45/elements[39m
[35m[HTTP][39m [90m{"using":"xpath","value":"//hierarchy/android.widget.FrameLayout[1]/android.widget.LinearLayout[1]/android.widget.FrameLayout[1]/android.widget.FrameLayout[1]/android.widget.FrameLayout[1]/android.view.View[1]/android.view.View[1]/android.view.View[1]/android.view.View[1]/android.view.View[2]/android.widget.ScrollView[1]/android.view.View[6]/android.widget.Button[1]"}[39m
[35m[HTTP][39m [37m<-- POST /wd/hub/session/5b598795-5d7c-4647-b334-b461cc2f3d45/elements [39m[32m200[39m [90m193 ms - 139[39m
[35m[HTTP][39m [90m[39m
[35m[HTTP][39m [37m-->[39m [37mGET[39m [37m/wd/hub/session/5b598795-5d7c-4647-b334-b461cc2f3d45/element/00000000-0000-15b4-0000-00a500000004/location[39m
[35m[HTTP][39m [90m{}[39m
[35m[W3C (5b598795)][39m Driver proxy active, passing request on via HTTP proxy
[35m[WD Proxy][39m Replacing sessionId 63113f44-d38f-4435-af06-60450715ba0a with 5b598795-5d7c-4647-b334-b461cc2f3d45
[35m[HTTP][39m [37m<-- GET /wd/hub/session/5b598795-5d7c-4647-b334-b461cc2f3d45/element/00000000-0000-15b4-0000-00a500000004/location [39m[32m200[39m [90m22 ms - 79[39m
[35m[HTTP][39m [90m[39m
[35m[HTTP][39m [37m-->[39m [37mPOST[39m [37m/wd/hub/session/5b598795-5d7c-4647-b334-b461cc2f3d45/timeouts[39m
[35m[HTTP][39m [90m{"implicit":30000}[39m
[35m[HTTP][39m [37m<-- POST /wd/hub/session/5b598795-5d7c-4647-b334-b461cc2f3d45/timeouts [39m[32m200[39m [90m2 ms - 14[39m
[35m[HTTP][39m [90m[39m
[35m[HTTP][39m [37m-->[39m [37mPOST[39m [37m/wd/hub/session/5b598795-5d7c-4647-b334-b461cc2f3d45/element/00000000-0000-15b4-0000-00a500000004/click[39m
[35m[HTTP][39m [90m{"id":"00000000-0000-15b4-0000-00a500000004"}[39m
[35m[HTTP][39m [37m<-- POST /wd/hub/session/5b598795-5d7c-4647-b334-b461cc2f3d45/element/00000000-0000-15b4-0000-00a500000004/click [39m[32m200[39m [90m822 ms - 14[39m
[35m[HTTP][39m [90m[39m
[35m[HTTP][39m [37m-->[39m [37mPOST[39m [37m/wd/hub/session/5b598795-5d7c-4647-b334-b461cc2f3d45/timeouts[39m
[35m[HTTP][39m [90m{"implicit":50}[39m
[35m[HTTP][39m [37m<-- POST /wd/hub/session/5b598795-5d7c-4647-b334-b461cc2f3d45/timeouts [39m[32m200[39m [90m1 ms - 14[39m
[35m[HTTP][39m [90m[39m
[35m[HTTP][39m [37m-->[39m [37mGET[39m [37m/wd/hub/session/5b598795-5d7c-4647-b334-b461cc2f3d45/window/rect[39m
[35m[HTTP][39m [90m{}[39m
[35m[HTTP][39m [37m<-- GET /wd/hub/session/5b598795-5d7c-4647-b334-b461cc2f3d45/window/rect [39m[32m200[39m [90m20 ms - 50[39m
[35m[HTTP][39m [90m[39m
[35m[HTTP][39m [37m-->[39m [37mPOST[39m [37m/wd/hub/session/5b598795-5d7c-4647-b334-b461cc2f3d45/elements[39m
[35m[HTTP][39m [90m{"using":"accessibility id","value":"Cisauk"}[39m
[35m[HTTP][39m [37m<-- POST /wd/hub/session/5b598795-5d7c-4647-b334-b461cc2f3d45/elements [39m[32m200[39m [90m45 ms - 139[39m
[35m[HTTP][39m [90m[39m
[35m[HTTP][39m [37m-->[39m [37mGET[39m [37m/wd/hub/session/5b598795-5d7c-4647-b334-b461cc2f3d45/element/00000000-0000-15b4-0000-00ad00000004/location[39m
[35m[HTTP][39m [90m{}[39m
[35m[W3C (5b598795)][39m Driver proxy active, passing request on via HTTP proxy
[35m[WD Proxy][39m Replacing sessionId 63113f44-d38f-4435-af06-60450715ba0a with 5b598795-5d7c-4647-b334-b461cc2f3d45
[35m[HTTP][39m [37m<-- GET /wd/hub/session/5b598795-5d7c-4647-b334-b461cc2f3d45/element/00000000-0000-15b4-0000-00ad00000004/location [39m[32m200[39m [90m29 ms - 77[39m
[35m[HTTP][39m [90m[39m
[35m[HTTP][39m [37m-->[39m [37mPOST[39m [37m/wd/hub/session/5b598795-5d7c-4647-b334-b461cc2f3d45/timeouts[39m
[35m[HTTP][39m [90m{"implicit":30000}[39m
[35m[HTTP][39m [37m<-- POST /wd/hub/session/5b598795-5d7c-4647-b334-b461cc2f3d45/timeouts [39m[32m200[39m [90m2 ms - 14[39m
[35m[HTTP][39m [90m[39m
[35m[HTTP][39m [37m-->[39m [37mPOST[39m [37m/wd/hub/session/5b598795-5d7c-4647-b334-b461cc2f3d45/element/00000000-0000-15b4-0000-00ad00000004/click[39m
[35m[HTTP][39m [90m{"id":"00000000-0000-15b4-0000-00ad00000004"}[39m
[35m[HTTP][39m [37m<-- POST /wd/hub/session/5b598795-5d7c-4647-b334-b461cc2f3d45/element/00000000-0000-15b4-0000-00ad00000004/click [39m[32m200[39m [90m784 ms - 14[39m
[35m[HTTP][39m [90m[39m
[35m[HTTP][39m [37m-->[39m [37mPOST[39m [37m/wd/hub/session/5b598795-5d7c-4647-b334-b461cc2f3d45/timeouts[39m
[35m[HTTP][39m [90m{"implicit":50}[39m
[35m[HTTP][39m [37m<-- POST /wd/hub/session/5b598795-5d7c-4647-b334-b461cc2f3d45/timeouts [39m[32m200[39m [90m1 ms - 14[39m
[35m[HTTP][39m [90m[39m
[35m[HTTP][39m [37m-->[39m [37mGET[39m [37m/wd/hub/session/5b598795-5d7c-4647-b334-b461cc2f3d45/window/rect[39m
[35m[HTTP][39m [90m{}[39m
[35m[HTTP][39m [37m<-- GET /wd/hub/session/5b598795-5d7c-4647-b334-b461cc2f3d45/window/rect [39m[32m200[39m [90m20 ms - 50[39m
[35m[HTTP][39m [90m[39m
[35m[HTTP][39m [37m-->[39m [37mPOST[39m [37m/wd/hub/session/5b598795-5d7c-4647-b334-b461cc2f3d45/elements[39m
[35m[HTTP][39m [90m{"using":"accessibility id","value":"Pilih"}[39m
[35m[HTTP][39m [37m<-- POST /wd/hub/session/5b598795-5d7c-4647-b334-b461cc2f3d45/elements [39m[32m200[39m [90m47 ms - 139[39m
[35m[HTTP][39m [90m[39m
[35m[HTTP][39m [37m-->[39m [37mGET[39m [37m/wd/hub/session/5b598795-5d7c-4647-b334-b461cc2f3d45/element/00000000-0000-15b4-0000-00b600000004/location[39m
[35m[HTTP][39m [90m{}[39m
[35m[W3C (5b598795)][39m Driver proxy active, passing request on via HTTP proxy
[35m[WD Proxy][39m Replacing sessionId 63113f44-d38f-4435-af06-60450715ba0a with 5b598795-5d7c-4647-b334-b461cc2f3d45
[35m[HTTP][39m [37m<-- GET /wd/hub/session/5b598795-5d7c-4647-b334-b461cc2f3d45/element/00000000-0000-15b4-0000-00b600000004/location [39m[32m200[39m [90m26 ms - 79[39m
[35m[HTTP][39m [90m[39m
[35m[HTTP][39m [37m-->[39m [37mPOST[39m [37m/wd/hub/session/5b598795-5d7c-4647-b334-b461cc2f3d45/timeouts[39m
[35m[HTTP][39m [90m{"implicit":30000}[39m
[35m[HTTP][39m [37m<-- POST /wd/hub/session/5b598795-5d7c-4647-b334-b461cc2f3d45/timeouts [39m[32m200[39m [90m1 ms - 14[39m
[35m[HTTP][39m [90m[39m
[35m[HTTP][39m [37m-->[39m [37mPOST[39m [37m/wd/hub/session/5b598795-5d7c-4647-b334-b461cc2f3d45/element/00000000-0000-15b4-0000-00b600000004/click[39m
[35m[HTTP][39m [90m{"id":"00000000-0000-15b4-0000-00b600000004"}[39m
[35m[HTTP][39m [37m<-- POST /wd/hub/session/5b598795-5d7c-4647-b334-b461cc2f3d45/element/00000000-0000-15b4-0000-00b600000004/click [39m[32m200[39m [90m830 ms - 14[39m
[35m[HTTP][39m [90m[39m
[35m[HTTP][39m [37m-->[39m [37mPOST[39m [37m/wd/hub/session/5b598795-5d7c-4647-b334-b461cc2f3d45/timeouts[39m
[35m[HTTP][39m [90m{"implicit":50}[39m
[35m[HTTP][39m [37m<-- POST /wd/hub/session/5b598795-5d7c-4647-b334-b461cc2f3d45/timeouts [39m[32m200[39m [90m1 ms - 14[39m
[35m[HTTP][39m [90m[39m
[35m[HTTP][39m [37m-->[39m [37mGET[39m [37m/wd/hub/session/5b598795-5d7c-4647-b334-b461cc2f3d45/window/rect[39m
[35m[HTTP][39m [90m{}[39m
[35m[HTTP][39m [37m<-- GET /wd/hub/session/5b598795-5d7c-4647-b334-b461cc2f3d45/window/rect [39m[32m200[39m [90m21 ms - 50[39m
[35m[HTTP][39m [90m[39m
[35m[HTTP][39m [37m-->[39m [37mPOST[39m [37m/wd/hub/session/5b598795-5d7c-4647-b334-b461cc2f3d45/elements[39m
[35m[HTTP][39m [90m{"using":"accessibility id","value":"Cisauk"}[39m
[35m[HTTP][39m [37m<-- POST /wd/hub/session/5b598795-5d7c-4647-b334-b461cc2f3d45/elements [39m[32m200[39m [90m38 ms - 139[39m
[35m[HTTP][39m [90m[39m
[35m[HTTP][39m [37m-->[39m [37mGET[39m [37m/wd/hub/session/5b598795-5d7c-4647-b334-b461cc2f3d45/element/00000000-0000-15b4-0000-00be00000004/location[39m
[35m[HTTP][39m [90m{}[39m
[35m[W3C (5b598795)][39m Driver proxy active, passing request on via HTTP proxy
[35m[WD Proxy][39m Replacing sessionId 63113f44-d38f-4435-af06-60450715ba0a with 5b598795-5d7c-4647-b334-b461cc2f3d45
[35m[HTTP][39m [37m<-- GET /wd/hub/session/5b598795-5d7c-4647-b334-b461cc2f3d45/element/00000000-0000-15b4-0000-00be00000004/location [39m[32m200[39m [90m25 ms - 77[39m
[35m[HTTP][39m [90m[39m
[35m[HTTP][39m [37m-->[39m [37mPOST[39m [37m/wd/hub/session/5b598795-5d7c-4647-b334-b461cc2f3d45/timeouts[39m
[35m[HTTP][39m [90m{"implicit":30000}[39m
[35m[HTTP][39m [37m<-- POST /wd/hub/session/5b598795-5d7c-4647-b334-b461cc2f3d45/timeouts [39m[32m200[39m [90m2 ms - 14[39m
[35m[HTTP][39m [90m[39m
[35m[HTTP][39m [37m-->[39m [37mPOST[39m [37m/wd/hub/session/5b598795-5d7c-4647-b334-b461cc2f3d45/element/00000000-0000-15b4-0000-00be00000004/click[39m
[35m[HTTP][39m [90m{"id":"00000000-0000-15b4-0000-00be00000004"}[39m
[35m[HTTP][39m [37m<-- POST /wd/hub/session/5b598795-5d7c-4647-b334-b461cc2f3d45/element/00000000-0000-15b4-0000-00be00000004/click [39m[32m200[39m [90m765 ms - 14[39m
[35m[HTTP][39m [90m[39m
[35m[HTTP][39m [37m-->[39m [37mGET[39m [37m/wd/hub/session/5b598795-5d7c-4647-b334-b461cc2f3d45/context[39m
[35m[HTTP][39m [90m{}[39m
[35m[HTTP][39m [37m<-- GET /wd/hub/session/5b598795-5d7c-4647-b334-b461cc2f3d45/context [39m[32m200[39m [90m1 ms - 22[39m
[35m[HTTP][39m [90m[39m
[35m[HTTP][39m [37m-->[39m [37mGET[39m [37m/wd/hub/session/5b598795-5d7c-4647-b334-b461cc2f3d45/contexts[39m
[35m[HTTP][39m [90m{}[39m
[35m[HTTP][39m [37m<-- GET /wd/hub/session/5b598795-5d7c-4647-b334-b461cc2f3d45/contexts [39m[32m200[39m [90m72 ms - 24[39m
[35m[HTTP][39m [90m[39m
[35m[HTTP][39m [37m-->[39m [37mPOST[39m [37m/wd/hub/session/5b598795-5d7c-4647-b334-b461cc2f3d45/context[39m
[35m[HTTP][39m [90m{"name":"NATIVE_APP"}[39m
[35m[HTTP][39m [37m<-- POST /wd/hub/session/5b598795-5d7c-4647-b334-b461cc2f3d45/context [39m[32m200[39m [90m1 ms - 14[39m
[35m[HTTP][39m [90m[39m
[35m[HTTP][39m [37m-->[39m [37mPOST[39m [37m/wd/hub/session/5b598795-5d7c-4647-b334-b461cc2f3d45/touch/perform[39m
[35m[HTTP][39m [90m{"actions":[{"action":"press","options":{"x":100,"y":400}},{"action":"wait","options":{"ms":500}},{"action":"moveTo","options":{"x":0,"y":0}},{"action":"release","options":{}}]}[39m
[35m[HTTP][39m [37m<-- POST /wd/hub/session/5b598795-5d7c-4647-b334-b461cc2f3d45/touch/perform [39m[32m200[39m [90m905 ms - 14[39m
[35m[HTTP][39m [90m[39m
[35m[HTTP][39m [37m-->[39m [37mPOST[39m [37m/wd/hub/session/5b598795-5d7c-4647-b334-b461cc2f3d45/context[39m
[35m[HTTP][39m [90m{"name":"NATIVE_APP"}[39m
[35m[HTTP][39m [37m<-- POST /wd/hub/session/5b598795-5d7c-4647-b334-b461cc2f3d45/context [39m[32m200[39m [90m2 ms - 14[39m
[35m[HTTP][39m [90m[39m
[35m[HTTP][39m [37m-->[39m [37mPOST[39m [37m/wd/hub/session/5b598795-5d7c-4647-b334-b461cc2f3d45/timeouts[39m
[35m[HTTP][39m [90m{"implicit":50}[39m
[35m[HTTP][39m [37m<-- POST /wd/hub/session/5b598795-5d7c-4647-b334-b461cc2f3d45/timeouts [39m[32m200[39m [90m1 ms - 14[39m
[35m[HTTP][39m [90m[39m
[35m[HTTP][39m [37m-->[39m [37mGET[39m [37m/wd/hub/session/5b598795-5d7c-4647-b334-b461cc2f3d45/window/rect[39m
[35m[HTTP][39m [90m{}[39m
[35m[HTTP][39m [37m<-- GET /wd/hub/session/5b598795-5d7c-4647-b334-b461cc2f3d45/window/rect [39m[32m200[39m [90m21 ms - 50[39m
[35m[HTTP][39m [90m[39m
[35m[HTTP][39m [37m-->[39m [37mPOST[39m [37m/wd/hub/session/5b598795-5d7c-4647-b334-b461cc2f3d45/elements[39m
[35m[HTTP][39m [90m{"using":"xpath","value":"//*[@class = 'android.widget.EditText' and (@text = 'Nomor Handphone' or . = 'Nomor Handphone') and @resource-id = '']"}[39m
[35m[HTTP][39m [37m<-- POST /wd/hub/session/5b598795-5d7c-4647-b334-b461cc2f3d45/elements [39m[32m200[39m [90m198 ms - 139[39m
[35m[HTTP][39m [90m[39m
[35m[HTTP][39m [37m-->[39m [37mGET[39m [37m/wd/hub/session/5b598795-5d7c-4647-b334-b461cc2f3d45/element/00000000-0000-15b4-0000-007d00000004/location[39m
[35m[HTTP][39m [90m{}[39m
[35m[W3C (5b598795)][39m Driver proxy active, passing request on via HTTP proxy
[35m[WD Proxy][39m Replacing sessionId 63113f44-d38f-4435-af06-60450715ba0a with 5b598795-5d7c-4647-b334-b461cc2f3d45
[35m[HTTP][39m [37m<-- GET /wd/hub/session/5b598795-5d7c-4647-b334-b461cc2f3d45/element/00000000-0000-15b4-0000-007d00000004/location [39m[32m200[39m [90m18 ms - 78[39m
[35m[HTTP][39m [90m[39m
[35m[HTTP][39m [37m-->[39m [37mPOST[39m [37m/wd/hub/session/5b598795-5d7c-4647-b334-b461cc2f3d45/timeouts[39m
[35m[HTTP][39m [90m{"implicit":30000}[39m
[35m[HTTP][39m [37m<-- POST /wd/hub/session/5b598795-5d7c-4647-b334-b461cc2f3d45/timeouts [39m[32m200[39m [90m1 ms - 14[39m
[35m[HTTP][39m [90m[39m
[35m[HTTP][39m [37m-->[39m [37mPOST[39m [37m/wd/hub/session/5b598795-5d7c-4647-b334-b461cc2f3d45/element/00000000-0000-15b4-0000-007d00000004/click[39m
[35m[HTTP][39m [90m{"id":"00000000-0000-15b4-0000-007d00000004"}[39m
[35m[HTTP][39m [37m<-- POST /wd/hub/session/5b598795-5d7c-4647-b334-b461cc2f3d45/element/00000000-0000-15b4-0000-007d00000004/click [39m[32m200[39m [90m52 ms - 14[39m
[35m[HTTP][39m [90m[39m
[35m[HTTP][39m [37m-->[39m [37mPOST[39m [37m/wd/hub/session/5b598795-5d7c-4647-b334-b461cc2f3d45/timeouts[39m
[35m[HTTP][39m [90m{"implicit":50}[39m
[35m[HTTP][39m [37m<-- POST /wd/hub/session/5b598795-5d7c-4647-b334-b461cc2f3d45/timeouts [39m[32m200[39m [90m1 ms - 14[39m
[35m[HTTP][39m [90m[39m
[35m[HTTP][39m [37m-->[39m [37mGET[39m [37m/wd/hub/session/5b598795-5d7c-4647-b334-b461cc2f3d45/window/rect[39m
[35m[HTTP][39m [90m{}[39m
[35m[HTTP][39m [37m<-- GET /wd/hub/session/5b598795-5d7c-4647-b334-b461cc2f3d45/window/rect [39m[32m200[39m [90m12 ms - 50[39m
[35m[HTTP][39m [90m[39m
[35m[HTTP][39m [37m-->[39m [37mPOST[39m [37m/wd/hub/session/5b598795-5d7c-4647-b334-b461cc2f3d45/elements[39m
[35m[HTTP][39m [90m{"using":"xpath","value":"//*[@class = 'android.widget.EditText' and (@text = 'Nomor Handphone' or . = 'Nomor Handphone') and @resource-id = '']"}[39m
[35m[HTTP][39m [37m<-- POST /wd/hub/session/5b598795-5d7c-4647-b334-b461cc2f3d45/elements [39m[32m200[39m [90m1059 ms - 139[39m
[35m[HTTP][39m [90m[39m
[35m[HTTP][39m [37m-->[39m [37mGET[39m [37m/wd/hub/session/5b598795-5d7c-4647-b334-b461cc2f3d45/element/00000000-0000-15b4-0000-007d00000004/location[39m
[35m[HTTP][39m [90m{}[39m
[35m[W3C (5b598795)][39m Driver proxy active, passing request on via HTTP proxy
[35m[WD Proxy][39m Replacing sessionId 63113f44-d38f-4435-af06-60450715ba0a with 5b598795-5d7c-4647-b334-b461cc2f3d45
[35m[HTTP][39m [37m<-- GET /wd/hub/session/5b598795-5d7c-4647-b334-b461cc2f3d45/element/00000000-0000-15b4-0000-007d00000004/location [39m[32m200[39m [90m17 ms - 78[39m
[35m[HTTP][39m [90m[39m
[35m[HTTP][39m [37m-->[39m [37mPOST[39m [37m/wd/hub/session/5b598795-5d7c-4647-b334-b461cc2f3d45/timeouts[39m
[35m[HTTP][39m [90m{"implicit":30000}[39m
[35m[HTTP][39m [37m<-- POST /wd/hub/session/5b598795-5d7c-4647-b334-b461cc2f3d45/timeouts [39m[32m200[39m [90m1 ms - 14[39m
[35m[HTTP][39m [90m[39m
[35m[HTTP][39m [37m-->[39m [37mPOST[39m [37m/wd/hub/session/5b598795-5d7c-4647-b334-b461cc2f3d45/element/00000000-0000-15b4-0000-007d00000004/clear[39m
[35m[HTTP][39m [90m{"id":"00000000-0000-15b4-0000-007d00000004"}[39m
[35m[HTTP][39m [37m<-- POST /wd/hub/session/5b598795-5d7c-4647-b334-b461cc2f3d45/element/00000000-0000-15b4-0000-007d00000004/clear [39m[32m200[39m [90m14 ms - 14[39m
[35m[HTTP][39m [90m[39m
[35m[HTTP][39m [37m-->[39m [37mPOST[39m [37m/wd/hub/session/5b598795-5d7c-4647-b334-b461cc2f3d45/element/00000000-0000-15b4-0000-007d00000004/value[39m
[35m[HTTP][39m [90m{"id":"00000000-0000-15b4-0000-007d00000004","text":"085817746351","value":["0","8","5","8","1","7","7","4","6","3","5","1"]}[39m
[35m[HTTP][39m [37m<-- POST /wd/hub/session/5b598795-5d7c-4647-b334-b461cc2f3d45/element/00000000-0000-15b4-0000-007d00000004/value [39m[32m200[39m [90m31 ms - 14[39m
[35m[HTTP][39m [90m[39m
[35m[HTTP][39m [37m-->[39m [37mGET[39m [37m/wd/hub/session/5b598795-5d7c-4647-b334-b461cc2f3d45/context[39m
[35m[HTTP][39m [90m{}[39m
[35m[HTTP][39m [37m<-- GET /wd/hub/session/5b598795-5d7c-4647-b334-b461cc2f3d45/context [39m[32m200[39m [90m1 ms - 22[39m
[35m[HTTP][39m [90m[39m
[35m[HTTP][39m [37m-->[39m [37mGET[39m [37m/wd/hub/session/5b598795-5d7c-4647-b334-b461cc2f3d45/contexts[39m
[35m[HTTP][39m [90m{}[39m
[35m[HTTP][39m [37m<-- GET /wd/hub/session/5b598795-5d7c-4647-b334-b461cc2f3d45/contexts [39m[32m200[39m [90m94 ms - 24[39m
[35m[HTTP][39m [90m[39m
[35m[HTTP][39m [37m-->[39m [37mPOST[39m [37m/wd/hub/session/5b598795-5d7c-4647-b334-b461cc2f3d45/context[39m
[35m[HTTP][39m [90m{"name":"NATIVE_APP"}[39m
[35m[HTTP][39m [37m<-- POST /wd/hub/session/5b598795-5d7c-4647-b334-b461cc2f3d45/context [39m[32m200[39m [90m3 ms - 14[39m
[35m[HTTP][39m [90m[39m
[35m[HTTP][39m [37m-->[39m [37mPOST[39m [37m/wd/hub/session/5b598795-5d7c-4647-b334-b461cc2f3d45/appium/device/hide_keyboard[39m
[35m[HTTP][39m [90m{}[39m
[35m[HTTP][39m [37m<-- POST /wd/hub/session/5b598795-5d7c-4647-b334-b461cc2f3d45/appium/device/hide_keyboard [39m[32m200[39m [90m3378 ms - 14[39m
[35m[HTTP][39m [90m[39m
[35m[HTTP][39m [37m-->[39m [37mPOST[39m [37m/wd/hub/session/5b598795-5d7c-4647-b334-b461cc2f3d45/context[39m
[35m[HTTP][39m [90m{"name":"NATIVE_APP"}[39m
[35m[HTTP][39m [37m<-- POST /wd/hub/session/5b598795-5d7c-4647-b334-b461cc2f3d45/context [39m[32m200[39m [90m2 ms - 14[39m
[35m[HTTP][39m [90m[39m
[35m[HTTP][39m [37m-->[39m [37mPOST[39m [37m/wd/hub/session/5b598795-5d7c-4647-b334-b461cc2f3d45/timeouts[39m
[35m[HTTP][39m [90m{"implicit":50}[39m
[35m[HTTP][39m [37m<-- POST /wd/hub/session/5b598795-5d7c-4647-b334-b461cc2f3d45/timeouts [39m[32m200[39m [90m1 ms - 14[39m
[35m[HTTP][39m [90m[39m
[35m[HTTP][39m [37m-->[39m [37mGET[39m [37m/wd/hub/session/5b598795-5d7c-4647-b334-b461cc2f3d45/window/rect[39m
[35m[HTTP][39m [90m{}[39m
[35m[HTTP][39m [37m<-- GET /wd/hub/session/5b598795-5d7c-4647-b334-b461cc2f3d45/window/rect [39m[32m200[39m [90m21 ms - 50[39m
[35m[HTTP][39m [90m[39m
[35m[HTTP][39m [37m-->[39m [37mPOST[39m [37m/wd/hub/session/5b598795-5d7c-4647-b334-b461cc2f3d45/elements[39m
[35m[HTTP][39m [90m{"using":"accessibility id","value":"Daftar"}[39m
[35m[HTTP][39m [37m<-- POST /wd/hub/session/5b598795-5d7c-4647-b334-b461cc2f3d45/elements [39m[32m200[39m [90m82 ms - 139[39m
[35m[HTTP][39m [90m[39m
[35m[HTTP][39m [37m-->[39m [37mGET[39m [37m/wd/hub/session/5b598795-5d7c-4647-b334-b461cc2f3d45/element/00000000-0000-15b4-0000-007e00000004/location[39m
[35m[HTTP][39m [90m{}[39m
[35m[W3C (5b598795)][39m Driver proxy active, passing request on via HTTP proxy
[35m[WD Proxy][39m Replacing sessionId 63113f44-d38f-4435-af06-60450715ba0a with 5b598795-5d7c-4647-b334-b461cc2f3d45
[35m[HTTP][39m [37m<-- GET /wd/hub/session/5b598795-5d7c-4647-b334-b461cc2f3d45/element/00000000-0000-15b4-0000-007e00000004/location [39m[32m200[39m [90m29 ms - 78[39m
[35m[HTTP][39m [90m[39m
[35m[HTTP][39m [37m-->[39m [37mPOST[39m [37m/wd/hub/session/5b598795-5d7c-4647-b334-b461cc2f3d45/timeouts[39m
[35m[HTTP][39m [90m{"implicit":30000}[39m
[35m[HTTP][39m [37m<-- POST /wd/hub/session/5b598795-5d7c-4647-b334-b461cc2f3d45/timeouts [39m[32m200[39m [90m3 ms - 14[39m
[35m[HTTP][39m [90m[39m
[35m[HTTP][39m [37m-->[39m [37mPOST[39m [37m/wd/hub/session/5b598795-5d7c-4647-b334-b461cc2f3d45/element/00000000-0000-15b4-0000-007e00000004/click[39m
[35m[HTTP][39m [90m{"id":"00000000-0000-15b4-0000-007e00000004"}[39m
[35m[HTTP][39m [37m<-- POST /wd/hub/session/5b598795-5d7c-4647-b334-b461cc2f3d45/element/00000000-0000-15b4-0000-007e00000004/click [39m[32m200[39m [90m924 ms - 14[39m
[35m[HTTP][39m [90m[39m
[35m[HTTP][39m [37m-->[39m [37mPOST[39m [37m/wd/hub/session/5b598795-5d7c-4647-b334-b461cc2f3d45/timeouts[39m
[35m[HTTP][39m [90m{"implicit":50}[39m
[35m[HTTP][39m [37m<-- POST /wd/hub/session/5b598795-5d7c-4647-b334-b461cc2f3d45/timeouts [39m[32m200[39m [90m2 ms - 14[39m
[35m[HTTP][39m [90m[39m
[35m[HTTP][39m [37m-->[39m [37mGET[39m [37m/wd/hub/session/5b598795-5d7c-4647-b334-b461cc2f3d45/window/rect[39m
[35m[HTTP][39m [90m{}[39m
[35m[HTTP][39m [37m<-- GET /wd/hub/session/5b598795-5d7c-4647-b334-b461cc2f3d45/window/rect [39m[32m200[39m [90m21 ms - 50[39m
[35m[HTTP][39m [90m[39m
[35m[HTTP][39m [37m-->[39m [37mPOST[39m [37m/wd/hub/session/5b598795-5d7c-4647-b334-b461cc2f3d45/elements[39m
[35m[HTTP][39m [90m{"using":"xpath","value":"//*[@class = 'android.widget.Button' and @resource-id = '' and (@text = '' or . = '')]"}[39m
[35m[HTTP][39m [37m<-- POST /wd/hub/session/5b598795-5d7c-4647-b334-b461cc2f3d45/elements [39m[32m200[39m [90m118 ms - 139[39m
[35m[HTTP][39m [90m[39m
[35m[HTTP][39m [37m-->[39m [37mGET[39m [37m/wd/hub/session/5b598795-5d7c-4647-b334-b461cc2f3d45/element/00000000-0000-15b4-0000-00ca00000004/location[39m
[35m[HTTP][39m [90m{}[39m
[35m[W3C (5b598795)][39m Driver proxy active, passing request on via HTTP proxy
[35m[WD Proxy][39m Replacing sessionId 63113f44-d38f-4435-af06-60450715ba0a with 5b598795-5d7c-4647-b334-b461cc2f3d45
[35m[HTTP][39m [37m<-- GET /wd/hub/session/5b598795-5d7c-4647-b334-b461cc2f3d45/element/00000000-0000-15b4-0000-00ca00000004/location [39m[32m200[39m [90m22 ms - 79[39m
[35m[HTTP][39m [90m[39m
[35m[HTTP][39m [37m-->[39m [37mPOST[39m [37m/wd/hub/session/5b598795-5d7c-4647-b334-b461cc2f3d45/timeouts[39m
[35m[HTTP][39m [90m{"implicit":30000}[39m
[35m[HTTP][39m [37m<-- POST /wd/hub/session/5b598795-5d7c-4647-b334-b461cc2f3d45/timeouts [39m[32m200[39m [90m2 ms - 14[39m
[35m[HTTP][39m [90m[39m
[35m[HTTP][39m [37m-->[39m [37mPOST[39m [37m/wd/hub/session/5b598795-5d7c-4647-b334-b461cc2f3d45/element/00000000-0000-15b4-0000-00ca00000004/click[39m
[35m[HTTP][39m [90m{"id":"00000000-0000-15b4-0000-00ca00000004"}[39m
[35m[HTTP][39m [37m<-- POST /wd/hub/session/5b598795-5d7c-4647-b334-b461cc2f3d45/element/00000000-0000-15b4-0000-00ca00000004/click [39m[32m200[39m [90m712 ms - 14[39m
[35m[HTTP][39m [90m[39m
[35m[HTTP][39m [37m-->[39m [37mDELETE[39m [37m/wd/hub/session/5b598795-5d7c-4647-b334-b461cc2f3d45[39m
[35m[HTTP][39m [90m{}[39m
[35m[Appium][39m Removing session 5b598795-5d7c-4647-b334-b461cc2f3d45 from our master session list
[35m[UiAutomator2][39m Restoring hidden api policy to the device default configuration
[35m[HTTP][39m [37m<-- DELETE /wd/hub/session/5b598795-5d7c-4647-b334-b461cc2f3d45 [39m[32m200[39m [90m345 ms - 14[39m
[35m[HTTP][39m [90m[39m
