[35m[Appium][39m Welcome to Appium v1.22.3
[35m[Appium][39m Non-default server args:
[35m[Appium][39m   port: 64393
[35m[Appium][39m   loglevel: info
[35m[Appium][39m   tmpDir: C:\Users\raiha\AppData\Local\Temp\\Katalon\Appium\Temp1679363288080
[35m[Appium][39m   chromedriverPort: 64394
[35m[Appium][39m Deprecated server args:
[35m[Appium][39m   [31m--chromedriver-port[39m => --default-capabilities
[35m[Appium][39m Default capabilities, which will be added to each request unless overridden by desired capabilities:
[35m[Appium][39m   chromedriverPort: 64394
[35m[Appium][39m Appium REST http interface listener started on 0.0.0.0:64393
[35m[HTTP][39m [37m-->[39m [37mGET[39m [37m/wd/hub/status[39m
[35m[HTTP][39m [90m{}[39m
[35m[HTTP][39m [37m<-- GET /wd/hub/status [39m[32m200[39m [90m5 ms - 68[39m
[35m[HTTP][39m [90m[39m
[35m[HTTP][39m [37m-->[39m [37mPOST[39m [37m/wd/hub/session[39m
[35m[HTTP][39m [90m{"desiredCapabilities":{"app":"C:\\Users\\raiha\\Documents\\Katalon Studio\\Mobile Klik IGR\\AndroidApp\\Klik SANDBOX v5.1.9(104).apk","noReset":true,"deviceId":"","deviceName":"Xiaomi M2101K7BNY (Android 12)","fullReset":false,"platform":"ANDROID","newCommandTimeout":1800,"platformVersion":"12","automationName":"uiautomator2","autoGrantPermissions":true,"platformName":"Android","udid":"4LSG9XI7HU8HTOXW","systemPort":64392},"capabilities":{"firstMatch":[{"appium:app":"C:\\Users\\raiha\\Documents\\Katalon Studio\\Mobile Klik IGR\\AndroidApp\\Klik SANDBOX v5.1.9(104).apk","appium:autoGrantPermissions":true,"appium:automationName":"uiautomator2","deviceId":"","appium:deviceName":"Xiaomi M2101K7BNY (Android 12)","appium:fullReset":false,"appium:newCommandTimeout":1800,"appium:noReset":true,"platform":"ANDROID","platformName":"android","appium:platformVersion":"12","appium:systemPort":64392,"appium:udid":"4LSG9XI7HU8HTOXW"}]}}[39m
[35m[BaseDriver][39m The following capabilities are not standard capabilities and should have an extension prefix:
[35m[BaseDriver][39m   deviceId
[35m[BaseDriver][39m   platform
[35m[BaseDriver][39m   chromedriverPort
[35m[Appium][39m Appium v1.22.3 creating new AndroidUiautomator2Driver (v1.70.1) session
[35m[BaseDriver][39m The following capabilities were provided, but are not recognized by Appium:
[35m[BaseDriver][39m   deviceId
[35m[BaseDriver][39m   platform
[35m[BaseDriver][39m Session created with session id: 14247ceb-4a97-483a-9f38-85199a98520c
[35m[BaseDriver][39m Using local app 'C:\Users\raiha\Documents\Katalon Studio\Mobile Klik IGR\AndroidApp\Klik SANDBOX v5.1.9(104).apk'
[35m[ADB][39m Found 3 'build-tools' folders under 'C:\Users\raiha\AppData\Local\Android\Sdk' (newest first):
[35m[ADB][39m     C:/Users/raiha/AppData/Local/Android/Sdk/build-tools/34.0.0-rc1
[35m[ADB][39m     C:/Users/raiha/AppData/Local/Android/Sdk/build-tools/33.0.2
[35m[ADB][39m     C:/Users/raiha/AppData/Local/Android/Sdk/build-tools/30.0.3
[35m[ADB][39m Using 'adb.exe' from 'C:\Users\raiha\AppData\Local\Android\Sdk\platform-tools\adb.exe'
[35m[AndroidDriver][39m Retrieving device list
[35m[AndroidDriver][39m Using device: 4LSG9XI7HU8HTOXW
[35m[ADB][39m Using 'adb.exe' from 'C:\Users\raiha\AppData\Local\Android\Sdk\platform-tools\adb.exe'
[35m[ADB][39m Getting device platform version
[35m[UiAutomator2][39m Relaxing hidden api policy
[35m[ADB][39m Package name: 'com.indogrosir.sd1.klikindogrosir'
[35m[ADB][39m Main activity name: 'com.example.klik_indogrosir_playground.MainActivity'
[35m[ADB][39m Using 'apksigner.jar' from 'C:\Users\raiha\AppData\Local\Android\Sdk\build-tools\34.0.0-rc1\lib\apksigner.jar'
[35m[ADB][39m 'C:\Users\raiha\AppData\Roaming\npm\node_modules\appium\node_modules\appium-uiautomator2-server\apks\appium-uiautomator2-server-v4.27.0.apk' is signed with the default certificate
[35m[ADB][39m 'C:\Users\raiha\AppData\Roaming\npm\node_modules\appium\node_modules\appium-uiautomator2-server\apks\appium-uiautomator2-server-debug-androidTest.apk' is signed with the default certificate
[35m[UiAutomator2][39m Server packages are not going to be (re)installed
[35m[ADB][39m Adding packages ["io.appium.settings","io.appium.uiautomator2.server","io.appium.uiautomator2.server.test"] to Doze whitelist
[35m[ADB][39m 'C:\Users\raiha\Documents\Katalon Studio\Mobile Klik IGR\AndroidApp\Klik SANDBOX v5.1.9(104).apk' is signed with a non-default certificate
[35m[UiAutomator2][39m Starting UIAutomator2 server 4.27.0
[35m[UiAutomator2][39m Using UIAutomator2 server from 'C:\Users\raiha\AppData\Roaming\npm\node_modules\appium\node_modules\appium-uiautomator2-server\apks\appium-uiautomator2-server-v4.27.0.apk' and test from 'C:\Users\raiha\AppData\Roaming\npm\node_modules\appium\node_modules\appium-uiautomator2-server\apks\appium-uiautomator2-server-debug-androidTest.apk'
[35m[UiAutomator2][39m Waiting up to 30000ms for UiAutomator2 to be online...
[35m[WD Proxy][39m socket hang up
[35m[WD Proxy][39m socket hang up
[35m[WD Proxy][39m socket hang up
[35m[WD Proxy][39m socket hang up
[35m[WD Proxy][39m socket hang up
[35m[WD Proxy][39m socket hang up
[35m[WD Proxy][39m socket hang up
[35m[WD Proxy][39m socket hang up
[35m[WD Proxy][39m socket hang up
[35m[WD Proxy][39m socket hang up
[35m[WD Proxy][39m Determined the downstream protocol as 'W3C'
[35m[AndroidDriver][39m Screen already unlocked, doing nothing
[35m[UiAutomator2][39m Starting 'com.indogrosir.sd1.klikindogrosir/com.example.klik_indogrosir_playground.MainActivity and waiting for 'com.indogrosir.sd1.klikindogrosir/com.example.klik_indogrosir_playground.MainActivity'
[35m[Appium][39m New AndroidUiautomator2Driver session created successfully, session 14247ceb-4a97-483a-9f38-85199a98520c added to master session list
[35m[HTTP][39m [37m<-- POST /wd/hub/session [39m[32m200[39m [90m18834 ms - 1422[39m
[35m[HTTP][39m [90m[39m
[35m[HTTP][39m [37m-->[39m [37mGET[39m [37m/wd/hub/session/14247ceb-4a97-483a-9f38-85199a98520c[39m
[35m[HTTP][39m [90m{}[39m
[35m[HTTP][39m [37m<-- GET /wd/hub/session/14247ceb-4a97-483a-9f38-85199a98520c [39m[32m200[39m [90m12 ms - 1376[39m
[35m[HTTP][39m [90m[39m
[35m[HTTP][39m [37m-->[39m [37mGET[39m [37m/wd/hub/session/14247ceb-4a97-483a-9f38-85199a98520c[39m
[35m[HTTP][39m [90m{}[39m
[35m[HTTP][39m [37m<-- GET /wd/hub/session/14247ceb-4a97-483a-9f38-85199a98520c [39m[32m200[39m [90m9 ms - 1376[39m
[35m[HTTP][39m [90m[39m
[35m[HTTP][39m [37m-->[39m [37mGET[39m [37m/wd/hub/status[39m
[35m[HTTP][39m [90m{}[39m
[35m[HTTP][39m [37m<-- GET /wd/hub/status [39m[32m200[39m [90m1 ms - 68[39m
[35m[HTTP][39m [90m[39m
[35m[HTTP][39m [37m-->[39m [37mPOST[39m [37m/wd/hub/session/14247ceb-4a97-483a-9f38-85199a98520c/timeouts[39m
[35m[HTTP][39m [90m{"implicit":30000}[39m
[35m[HTTP][39m [37m<-- POST /wd/hub/session/14247ceb-4a97-483a-9f38-85199a98520c/timeouts [39m[32m200[39m [90m3 ms - 14[39m
[35m[HTTP][39m [90m[39m
[35m[HTTP][39m [37m-->[39m [37mGET[39m [37m/wd/hub/session/14247ceb-4a97-483a-9f38-85199a98520c/screenshot[39m
[35m[HTTP][39m [90m{}[39m
[35m[HTTP][39m [37m<-- GET /wd/hub/session/14247ceb-4a97-483a-9f38-85199a98520c/screenshot [39m[32m200[39m [90m2397 ms - 2788550[39m
[35m[HTTP][39m [90m[39m
[35m[HTTP][39m [37m-->[39m [37mGET[39m [37m/wd/hub/session/14247ceb-4a97-483a-9f38-85199a98520c/window/rect[39m
[35m[HTTP][39m [90m{}[39m
[35m[HTTP][39m [37m<-- GET /wd/hub/session/14247ceb-4a97-483a-9f38-85199a98520c/window/rect [39m[32m200[39m [90m20 ms - 50[39m
[35m[HTTP][39m [90m[39m
[35m[HTTP][39m [37m-->[39m [37mGET[39m [37m/wd/hub/session/14247ceb-4a97-483a-9f38-85199a98520c/appium/device/system_bars[39m
[35m[HTTP][39m [90m{}[39m
[35m[HTTP][39m [37m<-- GET /wd/hub/session/14247ceb-4a97-483a-9f38-85199a98520c/appium/device/system_bars [39m[32m200[39m [90m101 ms - 145[39m
[35m[HTTP][39m [90m[39m
[35m[HTTP][39m [37m-->[39m [37mPOST[39m [37m/wd/hub/session/14247ceb-4a97-483a-9f38-85199a98520c/timeouts[39m
[35m[HTTP][39m [90m{"implicit":50}[39m
[35m[HTTP][39m [37m<-- POST /wd/hub/session/14247ceb-4a97-483a-9f38-85199a98520c/timeouts [39m[32m200[39m [90m2 ms - 14[39m
[35m[HTTP][39m [90m[39m
[35m[HTTP][39m [37m-->[39m [37mGET[39m [37m/wd/hub/session/14247ceb-4a97-483a-9f38-85199a98520c/window/rect[39m
[35m[HTTP][39m [90m{}[39m
[35m[HTTP][39m [37m<-- GET /wd/hub/session/14247ceb-4a97-483a-9f38-85199a98520c/window/rect [39m[32m200[39m [90m23 ms - 50[39m
[35m[HTTP][39m [90m[39m
[35m[HTTP][39m [37m-->[39m [37mPOST[39m [37m/wd/hub/session/14247ceb-4a97-483a-9f38-85199a98520c/elements[39m
[35m[HTTP][39m [90m{"using":"accessibility id","value":"Lebaran 2023"}[39m
[35m[HTTP][39m [37m<-- POST /wd/hub/session/14247ceb-4a97-483a-9f38-85199a98520c/elements [39m[32m200[39m [90m271 ms - 139[39m
[35m[HTTP][39m [90m[39m
[35m[HTTP][39m [37m-->[39m [37mGET[39m [37m/wd/hub/session/14247ceb-4a97-483a-9f38-85199a98520c/element/00000000-0000-1455-0000-003a00000004/location[39m
[35m[HTTP][39m [90m{}[39m
[35m[W3C (14247ceb)][39m Driver proxy active, passing request on via HTTP proxy
[35m[WD Proxy][39m Replacing sessionId dd189d2d-6f9e-4b2a-a957-388f104f8a13 with 14247ceb-4a97-483a-9f38-85199a98520c
[35m[HTTP][39m [37m<-- GET /wd/hub/session/14247ceb-4a97-483a-9f38-85199a98520c/element/00000000-0000-1455-0000-003a00000004/location [39m[32m200[39m [90m26 ms - 77[39m
[35m[HTTP][39m [90m[39m
[35m[HTTP][39m [37m-->[39m [37mPOST[39m [37m/wd/hub/session/14247ceb-4a97-483a-9f38-85199a98520c/timeouts[39m
[35m[HTTP][39m [90m{"implicit":30000}[39m
[35m[HTTP][39m [37m<-- POST /wd/hub/session/14247ceb-4a97-483a-9f38-85199a98520c/timeouts [39m[32m200[39m [90m1 ms - 14[39m
[35m[HTTP][39m [90m[39m
[35m[HTTP][39m [37m-->[39m [37mPOST[39m [37m/wd/hub/session/14247ceb-4a97-483a-9f38-85199a98520c/element/00000000-0000-1455-0000-003a00000004/click[39m
[35m[HTTP][39m [90m{"id":"00000000-0000-1455-0000-003a00000004"}[39m
[35m[HTTP][39m [37m<-- POST /wd/hub/session/14247ceb-4a97-483a-9f38-85199a98520c/element/00000000-0000-1455-0000-003a00000004/click [39m[32m200[39m [90m1097 ms - 14[39m
[35m[HTTP][39m [90m[39m
[35m[HTTP][39m [37m-->[39m [37mPOST[39m [37m/wd/hub/session/14247ceb-4a97-483a-9f38-85199a98520c/timeouts[39m
[35m[HTTP][39m [90m{"implicit":50}[39m
[35m[HTTP][39m [37m<-- POST /wd/hub/session/14247ceb-4a97-483a-9f38-85199a98520c/timeouts [39m[32m200[39m [90m1 ms - 14[39m
[35m[HTTP][39m [90m[39m
[35m[HTTP][39m [37m-->[39m [37mGET[39m [37m/wd/hub/session/14247ceb-4a97-483a-9f38-85199a98520c/window/rect[39m
[35m[HTTP][39m [90m{}[39m
[35m[HTTP][39m [37m<-- GET /wd/hub/session/14247ceb-4a97-483a-9f38-85199a98520c/window/rect [39m[32m200[39m [90m27 ms - 50[39m
[35m[HTTP][39m [90m[39m
[35m[HTTP][39m [37m-->[39m [37mPOST[39m [37m/wd/hub/session/14247ceb-4a97-483a-9f38-85199a98520c/elements[39m
[35m[HTTP][39m [90m{"using":"xpath","value":"//hierarchy/android.widget.FrameLayout[1]/android.widget.LinearLayout[1]/android.widget.FrameLayout[1]/android.widget.FrameLayout[1]/android.widget.FrameLayout[1]/android.view.View[1]/android.view.View[1]/android.view.View[1]/android.view.View[1]/android.view.View[2]/android.view.View[1]/android.view.View[2]/android.widget.ImageView[1]/android.widget.Button[1]"}[39m
[35m[HTTP][39m [37m<-- POST /wd/hub/session/14247ceb-4a97-483a-9f38-85199a98520c/elements [39m[32m200[39m [90m492 ms - 139[39m
[35m[HTTP][39m [90m[39m
[35m[HTTP][39m [37m-->[39m [37mGET[39m [37m/wd/hub/session/14247ceb-4a97-483a-9f38-85199a98520c/element/00000000-0000-1455-0000-009d00000004/location[39m
[35m[HTTP][39m [90m{}[39m
[35m[W3C (14247ceb)][39m Driver proxy active, passing request on via HTTP proxy
[35m[WD Proxy][39m Replacing sessionId dd189d2d-6f9e-4b2a-a957-388f104f8a13 with 14247ceb-4a97-483a-9f38-85199a98520c
[35m[HTTP][39m [37m<-- GET /wd/hub/session/14247ceb-4a97-483a-9f38-85199a98520c/element/00000000-0000-1455-0000-009d00000004/location [39m[32m200[39m [90m19 ms - 79[39m
[35m[HTTP][39m [90m[39m
[35m[HTTP][39m [37m-->[39m [37mPOST[39m [37m/wd/hub/session/14247ceb-4a97-483a-9f38-85199a98520c/timeouts[39m
[35m[HTTP][39m [90m{"implicit":30000}[39m
[35m[HTTP][39m [37m<-- POST /wd/hub/session/14247ceb-4a97-483a-9f38-85199a98520c/timeouts [39m[32m200[39m [90m2 ms - 14[39m
[35m[HTTP][39m [90m[39m
[35m[HTTP][39m [37m-->[39m [37mPOST[39m [37m/wd/hub/session/14247ceb-4a97-483a-9f38-85199a98520c/element/00000000-0000-1455-0000-009d00000004/click[39m
[35m[HTTP][39m [90m{"id":"00000000-0000-1455-0000-009d00000004"}[39m
[35m[HTTP][39m [37m<-- POST /wd/hub/session/14247ceb-4a97-483a-9f38-85199a98520c/element/00000000-0000-1455-0000-009d00000004/click [39m[32m200[39m [90m40 ms - 14[39m
[35m[HTTP][39m [90m[39m
[35m[HTTP][39m [37m-->[39m [37mPOST[39m [37m/wd/hub/session/14247ceb-4a97-483a-9f38-85199a98520c/timeouts[39m
[35m[HTTP][39m [90m{"implicit":50}[39m
[35m[HTTP][39m [37m<-- POST /wd/hub/session/14247ceb-4a97-483a-9f38-85199a98520c/timeouts [39m[32m200[39m [90m1 ms - 14[39m
[35m[HTTP][39m [90m[39m
[35m[HTTP][39m [37m-->[39m [37mGET[39m [37m/wd/hub/session/14247ceb-4a97-483a-9f38-85199a98520c/window/rect[39m
[35m[HTTP][39m [90m{}[39m
[35m[HTTP][39m [37m<-- GET /wd/hub/session/14247ceb-4a97-483a-9f38-85199a98520c/window/rect [39m[32m200[39m [90m12 ms - 50[39m
[35m[HTTP][39m [90m[39m
[35m[HTTP][39m [37m-->[39m [37mPOST[39m [37m/wd/hub/session/14247ceb-4a97-483a-9f38-85199a98520c/elements[39m
[35m[HTTP][39m [90m{"using":"xpath","value":"//hierarchy/android.widget.FrameLayout[1]/android.widget.LinearLayout[1]/android.widget.FrameLayout[1]/android.widget.FrameLayout[1]/android.widget.FrameLayout[1]/android.view.View[1]/android.view.View[1]/android.view.View[1]/android.view.View[1]/android.widget.Button[3]"}[39m
[35m[HTTP][39m [37m<-- POST /wd/hub/session/14247ceb-4a97-483a-9f38-85199a98520c/elements [39m[32m200[39m [90m1041 ms - 139[39m
[35m[HTTP][39m [90m[39m
[35m[HTTP][39m [37m-->[39m [37mGET[39m [37m/wd/hub/session/14247ceb-4a97-483a-9f38-85199a98520c/element/00000000-0000-1455-0000-00be00000004/location[39m
[35m[HTTP][39m [90m{}[39m
[35m[W3C (14247ceb)][39m Driver proxy active, passing request on via HTTP proxy
[35m[WD Proxy][39m Replacing sessionId dd189d2d-6f9e-4b2a-a957-388f104f8a13 with 14247ceb-4a97-483a-9f38-85199a98520c
[35m[HTTP][39m [37m<-- GET /wd/hub/session/14247ceb-4a97-483a-9f38-85199a98520c/element/00000000-0000-1455-0000-00be00000004/location [39m[32m200[39m [90m450 ms - 79[39m
[35m[HTTP][39m [90m[39m
[35m[HTTP][39m [37m-->[39m [37mPOST[39m [37m/wd/hub/session/14247ceb-4a97-483a-9f38-85199a98520c/timeouts[39m
[35m[HTTP][39m [90m{"implicit":30000}[39m
[35m[HTTP][39m [37m<-- POST /wd/hub/session/14247ceb-4a97-483a-9f38-85199a98520c/timeouts [39m[32m200[39m [90m2 ms - 14[39m
[35m[HTTP][39m [90m[39m
[35m[HTTP][39m [37m-->[39m [37mPOST[39m [37m/wd/hub/session/14247ceb-4a97-483a-9f38-85199a98520c/element/00000000-0000-1455-0000-00be00000004/click[39m
[35m[HTTP][39m [90m{"id":"00000000-0000-1455-0000-00be00000004"}[39m
[35m[HTTP][39m [37m<-- POST /wd/hub/session/14247ceb-4a97-483a-9f38-85199a98520c/element/00000000-0000-1455-0000-00be00000004/click [39m[32m200[39m [90m572 ms - 14[39m
[35m[HTTP][39m [90m[39m
[35m[HTTP][39m [37m-->[39m [37mPOST[39m [37m/wd/hub/session/14247ceb-4a97-483a-9f38-85199a98520c/timeouts[39m
[35m[HTTP][39m [90m{"implicit":50}[39m
[35m[HTTP][39m [37m<-- POST /wd/hub/session/14247ceb-4a97-483a-9f38-85199a98520c/timeouts [39m[32m200[39m [90m1 ms - 14[39m
[35m[HTTP][39m [90m[39m
[35m[HTTP][39m [37m-->[39m [37mGET[39m [37m/wd/hub/session/14247ceb-4a97-483a-9f38-85199a98520c/window/rect[39m
[35m[HTTP][39m [90m{}[39m
[35m[HTTP][39m [37m<-- GET /wd/hub/session/14247ceb-4a97-483a-9f38-85199a98520c/window/rect [39m[32m200[39m [90m23 ms - 50[39m
[35m[HTTP][39m [90m[39m
[35m[HTTP][39m [37m-->[39m [37mPOST[39m [37m/wd/hub/session/14247ceb-4a97-483a-9f38-85199a98520c/elements[39m
[35m[HTTP][39m [90m{"using":"xpath","value":"//hierarchy/android.widget.FrameLayout[1]/android.widget.LinearLayout[1]/android.widget.FrameLayout[1]/android.widget.FrameLayout[1]/android.widget.FrameLayout[1]/android.view.View[1]/android.view.View[1]/android.view.View[1]/android.view.View[1]/android.widget.Button[3]"}[39m
[35m[HTTP][39m [37m<-- POST /wd/hub/session/14247ceb-4a97-483a-9f38-85199a98520c/elements [39m[32m200[39m [90m206 ms - 139[39m
[35m[HTTP][39m [90m[39m
[35m[HTTP][39m [37m-->[39m [37mGET[39m [37m/wd/hub/session/14247ceb-4a97-483a-9f38-85199a98520c/element/00000000-0000-1455-0000-00be00000004/location[39m
[35m[HTTP][39m [90m{}[39m
[35m[W3C (14247ceb)][39m Driver proxy active, passing request on via HTTP proxy
[35m[WD Proxy][39m Replacing sessionId dd189d2d-6f9e-4b2a-a957-388f104f8a13 with 14247ceb-4a97-483a-9f38-85199a98520c
[35m[HTTP][39m [37m<-- GET /wd/hub/session/14247ceb-4a97-483a-9f38-85199a98520c/element/00000000-0000-1455-0000-00be00000004/location [39m[32m200[39m [90m22 ms - 79[39m
[35m[HTTP][39m [90m[39m
[35m[HTTP][39m [37m-->[39m [37mPOST[39m [37m/wd/hub/session/14247ceb-4a97-483a-9f38-85199a98520c/timeouts[39m
[35m[HTTP][39m [90m{"implicit":30000}[39m
[35m[HTTP][39m [37m<-- POST /wd/hub/session/14247ceb-4a97-483a-9f38-85199a98520c/timeouts [39m[32m200[39m [90m2 ms - 14[39m
[35m[HTTP][39m [90m[39m
[35m[HTTP][39m [37m-->[39m [37mPOST[39m [37m/wd/hub/session/14247ceb-4a97-483a-9f38-85199a98520c/element/00000000-0000-1455-0000-00be00000004/click[39m
[35m[HTTP][39m [90m{"id":"00000000-0000-1455-0000-00be00000004"}[39m
[35m[HTTP][39m [37m<-- POST /wd/hub/session/14247ceb-4a97-483a-9f38-85199a98520c/element/00000000-0000-1455-0000-00be00000004/click [39m[32m200[39m [90m552 ms - 14[39m
[35m[HTTP][39m [90m[39m
[35m[HTTP][39m [37m-->[39m [37mPOST[39m [37m/wd/hub/session/14247ceb-4a97-483a-9f38-85199a98520c/timeouts[39m
[35m[HTTP][39m [90m{"implicit":50}[39m
[35m[HTTP][39m [37m<-- POST /wd/hub/session/14247ceb-4a97-483a-9f38-85199a98520c/timeouts [39m[32m200[39m [90m1 ms - 14[39m
[35m[HTTP][39m [90m[39m
[35m[HTTP][39m [37m-->[39m [37mGET[39m [37m/wd/hub/session/14247ceb-4a97-483a-9f38-85199a98520c/window/rect[39m
[35m[HTTP][39m [90m{}[39m
[35m[HTTP][39m [37m<-- GET /wd/hub/session/14247ceb-4a97-483a-9f38-85199a98520c/window/rect [39m[32m200[39m [90m18 ms - 50[39m
[35m[HTTP][39m [90m[39m
[35m[HTTP][39m [37m-->[39m [37mPOST[39m [37m/wd/hub/session/14247ceb-4a97-483a-9f38-85199a98520c/elements[39m
[35m[HTTP][39m [90m{"using":"accessibility id","value":"+ Keranjang"}[39m
[35m[HTTP][39m [37m<-- POST /wd/hub/session/14247ceb-4a97-483a-9f38-85199a98520c/elements [39m[32m200[39m [90m49 ms - 139[39m
[35m[HTTP][39m [90m[39m
[35m[HTTP][39m [37m-->[39m [37mGET[39m [37m/wd/hub/session/14247ceb-4a97-483a-9f38-85199a98520c/element/00000000-0000-1455-0000-00bf00000004/location[39m
[35m[HTTP][39m [90m{}[39m
[35m[W3C (14247ceb)][39m Driver proxy active, passing request on via HTTP proxy
[35m[WD Proxy][39m Replacing sessionId dd189d2d-6f9e-4b2a-a957-388f104f8a13 with 14247ceb-4a97-483a-9f38-85199a98520c
[35m[HTTP][39m [37m<-- GET /wd/hub/session/14247ceb-4a97-483a-9f38-85199a98520c/element/00000000-0000-1455-0000-00bf00000004/location [39m[32m200[39m [90m25 ms - 79[39m
[35m[HTTP][39m [90m[39m
[35m[HTTP][39m [37m-->[39m [37mPOST[39m [37m/wd/hub/session/14247ceb-4a97-483a-9f38-85199a98520c/timeouts[39m
[35m[HTTP][39m [90m{"implicit":30000}[39m
[35m[HTTP][39m [37m<-- POST /wd/hub/session/14247ceb-4a97-483a-9f38-85199a98520c/timeouts [39m[32m200[39m [90m1 ms - 14[39m
[35m[HTTP][39m [90m[39m
[35m[HTTP][39m [37m-->[39m [37mPOST[39m [37m/wd/hub/session/14247ceb-4a97-483a-9f38-85199a98520c/element/00000000-0000-1455-0000-00bf00000004/click[39m
[35m[HTTP][39m [90m{"id":"00000000-0000-1455-0000-00bf00000004"}[39m
[35m[HTTP][39m [37m<-- POST /wd/hub/session/14247ceb-4a97-483a-9f38-85199a98520c/element/00000000-0000-1455-0000-00bf00000004/click [39m[32m200[39m [90m3248 ms - 14[39m
[35m[HTTP][39m [90m[39m
[35m[HTTP][39m [37m-->[39m [37mPOST[39m [37m/wd/hub/session/14247ceb-4a97-483a-9f38-85199a98520c/timeouts[39m
[35m[HTTP][39m [90m{"implicit":50}[39m
[35m[HTTP][39m [37m<-- POST /wd/hub/session/14247ceb-4a97-483a-9f38-85199a98520c/timeouts [39m[32m200[39m [90m1 ms - 14[39m
[35m[HTTP][39m [90m[39m
[35m[HTTP][39m [37m-->[39m [37mGET[39m [37m/wd/hub/session/14247ceb-4a97-483a-9f38-85199a98520c/window/rect[39m
[35m[HTTP][39m [90m{}[39m
[35m[HTTP][39m [37m<-- GET /wd/hub/session/14247ceb-4a97-483a-9f38-85199a98520c/window/rect [39m[32m200[39m [90m16 ms - 50[39m
[35m[HTTP][39m [90m[39m
[35m[HTTP][39m [37m-->[39m [37mPOST[39m [37m/wd/hub/session/14247ceb-4a97-483a-9f38-85199a98520c/elements[39m
[35m[HTTP][39m [90m{"using":"accessibility id","value":"1"}[39m
[35m[HTTP][39m [37m<-- POST /wd/hub/session/14247ceb-4a97-483a-9f38-85199a98520c/elements [39m[32m200[39m [90m40 ms - 139[39m
[35m[HTTP][39m [90m[39m
[35m[HTTP][39m [37m-->[39m [37mGET[39m [37m/wd/hub/session/14247ceb-4a97-483a-9f38-85199a98520c/element/00000000-0000-1455-0000-008700000004/location[39m
[35m[HTTP][39m [90m{}[39m
[35m[W3C (14247ceb)][39m Driver proxy active, passing request on via HTTP proxy
[35m[WD Proxy][39m Replacing sessionId dd189d2d-6f9e-4b2a-a957-388f104f8a13 with 14247ceb-4a97-483a-9f38-85199a98520c
[35m[HTTP][39m [37m<-- GET /wd/hub/session/14247ceb-4a97-483a-9f38-85199a98520c/element/00000000-0000-1455-0000-008700000004/location [39m[32m200[39m [90m22 ms - 78[39m
[35m[HTTP][39m [90m[39m
[35m[HTTP][39m [37m-->[39m [37mPOST[39m [37m/wd/hub/session/14247ceb-4a97-483a-9f38-85199a98520c/timeouts[39m
[35m[HTTP][39m [90m{"implicit":30000}[39m
[35m[HTTP][39m [37m<-- POST /wd/hub/session/14247ceb-4a97-483a-9f38-85199a98520c/timeouts [39m[32m200[39m [90m3 ms - 14[39m
[35m[HTTP][39m [90m[39m
[35m[HTTP][39m [37m-->[39m [37mPOST[39m [37m/wd/hub/session/14247ceb-4a97-483a-9f38-85199a98520c/element/00000000-0000-1455-0000-008700000004/click[39m
[35m[HTTP][39m [90m{"id":"00000000-0000-1455-0000-008700000004"}[39m
[35m[HTTP][39m [37m<-- POST /wd/hub/session/14247ceb-4a97-483a-9f38-85199a98520c/element/00000000-0000-1455-0000-008700000004/click [39m[32m200[39m [90m849 ms - 14[39m
[35m[HTTP][39m [90m[39m
[35m[HTTP][39m [37m-->[39m [37mPOST[39m [37m/wd/hub/session/14247ceb-4a97-483a-9f38-85199a98520c/timeouts[39m
[35m[HTTP][39m [90m{"implicit":50}[39m
[35m[HTTP][39m [37m<-- POST /wd/hub/session/14247ceb-4a97-483a-9f38-85199a98520c/timeouts [39m[32m200[39m [90m2 ms - 14[39m
[35m[HTTP][39m [90m[39m
[35m[HTTP][39m [37m-->[39m [37mGET[39m [37m/wd/hub/session/14247ceb-4a97-483a-9f38-85199a98520c/window/rect[39m
[35m[HTTP][39m [90m{}[39m
[35m[HTTP][39m [37m<-- GET /wd/hub/session/14247ceb-4a97-483a-9f38-85199a98520c/window/rect [39m[32m200[39m [90m23 ms - 50[39m
[35m[HTTP][39m [90m[39m
[35m[HTTP][39m [37m-->[39m [37mPOST[39m [37m/wd/hub/session/14247ceb-4a97-483a-9f38-85199a98520c/elements[39m
[35m[HTTP][39m [90m{"using":"xpath","value":"//hierarchy/android.widget.FrameLayout[1]/android.widget.LinearLayout[1]/android.widget.FrameLayout[1]/android.widget.FrameLayout[1]/android.widget.FrameLayout[1]/android.view.View[1]/android.view.View[1]/android.view.View[1]/android.view.View[1]/android.widget.Button[1]"}[39m
[35m[HTTP][39m [37m<-- POST /wd/hub/session/14247ceb-4a97-483a-9f38-85199a98520c/elements [39m[32m200[39m [90m212 ms - 139[39m
[35m[HTTP][39m [90m[39m
[35m[HTTP][39m [37m-->[39m [37mGET[39m [37m/wd/hub/session/14247ceb-4a97-483a-9f38-85199a98520c/element/00000000-0000-1455-0000-00e100000004/location[39m
[35m[HTTP][39m [90m{}[39m
[35m[W3C (14247ceb)][39m Driver proxy active, passing request on via HTTP proxy
[35m[WD Proxy][39m Replacing sessionId dd189d2d-6f9e-4b2a-a957-388f104f8a13 with 14247ceb-4a97-483a-9f38-85199a98520c
[35m[HTTP][39m [37m<-- GET /wd/hub/session/14247ceb-4a97-483a-9f38-85199a98520c/element/00000000-0000-1455-0000-00e100000004/location [39m[32m200[39m [90m22 ms - 79[39m
[35m[HTTP][39m [90m[39m
[35m[HTTP][39m [37m-->[39m [37mPOST[39m [37m/wd/hub/session/14247ceb-4a97-483a-9f38-85199a98520c/timeouts[39m
[35m[HTTP][39m [90m{"implicit":30000}[39m
[35m[HTTP][39m [37m<-- POST /wd/hub/session/14247ceb-4a97-483a-9f38-85199a98520c/timeouts [39m[32m200[39m [90m1 ms - 14[39m
[35m[HTTP][39m [90m[39m
[35m[HTTP][39m [37m-->[39m [37mPOST[39m [37m/wd/hub/session/14247ceb-4a97-483a-9f38-85199a98520c/element/00000000-0000-1455-0000-00e100000004/click[39m
[35m[HTTP][39m [90m{"id":"00000000-0000-1455-0000-00e100000004"}[39m
[35m[HTTP][39m [37m<-- POST /wd/hub/session/14247ceb-4a97-483a-9f38-85199a98520c/element/00000000-0000-1455-0000-00e100000004/click [39m[32m200[39m [90m561 ms - 14[39m
[35m[HTTP][39m [90m[39m
[35m[HTTP][39m [37m-->[39m [37mPOST[39m [37m/wd/hub/session/14247ceb-4a97-483a-9f38-85199a98520c/timeouts[39m
[35m[HTTP][39m [90m{"implicit":50}[39m
[35m[HTTP][39m [37m<-- POST /wd/hub/session/14247ceb-4a97-483a-9f38-85199a98520c/timeouts [39m[32m200[39m [90m1 ms - 14[39m
[35m[HTTP][39m [90m[39m
[35m[HTTP][39m [37m-->[39m [37mGET[39m [37m/wd/hub/session/14247ceb-4a97-483a-9f38-85199a98520c/window/rect[39m
[35m[HTTP][39m [90m{}[39m
[35m[HTTP][39m [37m<-- GET /wd/hub/session/14247ceb-4a97-483a-9f38-85199a98520c/window/rect [39m[32m200[39m [90m13 ms - 50[39m
[35m[HTTP][39m [90m[39m
[35m[HTTP][39m [37m-->[39m [37mPOST[39m [37m/wd/hub/session/14247ceb-4a97-483a-9f38-85199a98520c/elements[39m
[35m[HTTP][39m [90m{"using":"accessibility id","value":"Pengiriman"}[39m
[35m[HTTP][39m [37m<-- POST /wd/hub/session/14247ceb-4a97-483a-9f38-85199a98520c/elements [39m[32m200[39m [90m50 ms - 139[39m
[35m[HTTP][39m [90m[39m
[35m[HTTP][39m [37m-->[39m [37mGET[39m [37m/wd/hub/session/14247ceb-4a97-483a-9f38-85199a98520c/element/00000000-0000-1455-0000-00e300000004/location[39m
[35m[HTTP][39m [90m{}[39m
[35m[W3C (14247ceb)][39m Driver proxy active, passing request on via HTTP proxy
[35m[WD Proxy][39m Replacing sessionId dd189d2d-6f9e-4b2a-a957-388f104f8a13 with 14247ceb-4a97-483a-9f38-85199a98520c
[35m[HTTP][39m [37m<-- GET /wd/hub/session/14247ceb-4a97-483a-9f38-85199a98520c/element/00000000-0000-1455-0000-00e300000004/location [39m[32m200[39m [90m18 ms - 79[39m
[35m[HTTP][39m [90m[39m
[35m[HTTP][39m [37m-->[39m [37mPOST[39m [37m/wd/hub/session/14247ceb-4a97-483a-9f38-85199a98520c/timeouts[39m
[35m[HTTP][39m [90m{"implicit":30000}[39m
[35m[HTTP][39m [37m<-- POST /wd/hub/session/14247ceb-4a97-483a-9f38-85199a98520c/timeouts [39m[32m200[39m [90m4 ms - 14[39m
[35m[HTTP][39m [90m[39m
[35m[HTTP][39m [37m-->[39m [37mPOST[39m [37m/wd/hub/session/14247ceb-4a97-483a-9f38-85199a98520c/element/00000000-0000-1455-0000-00e300000004/click[39m
[35m[HTTP][39m [90m{"id":"00000000-0000-1455-0000-00e300000004"}[39m
[35m[HTTP][39m [37m<-- POST /wd/hub/session/14247ceb-4a97-483a-9f38-85199a98520c/element/00000000-0000-1455-0000-00e300000004/click [39m[32m200[39m [90m858 ms - 14[39m
[35m[HTTP][39m [90m[39m
[35m[HTTP][39m [37m-->[39m [37mGET[39m [37m/wd/hub/session/14247ceb-4a97-483a-9f38-85199a98520c/context[39m
[35m[HTTP][39m [90m{}[39m
[35m[HTTP][39m [37m<-- GET /wd/hub/session/14247ceb-4a97-483a-9f38-85199a98520c/context [39m[32m200[39m [90m1 ms - 22[39m
[35m[HTTP][39m [90m[39m
[35m[HTTP][39m [37m-->[39m [37mGET[39m [37m/wd/hub/session/14247ceb-4a97-483a-9f38-85199a98520c/contexts[39m
[35m[HTTP][39m [90m{}[39m
[35m[HTTP][39m [37m<-- GET /wd/hub/session/14247ceb-4a97-483a-9f38-85199a98520c/contexts [39m[32m200[39m [90m98 ms - 24[39m
[35m[HTTP][39m [90m[39m
[35m[HTTP][39m [37m-->[39m [37mPOST[39m [37m/wd/hub/session/14247ceb-4a97-483a-9f38-85199a98520c/context[39m
[35m[HTTP][39m [90m{"name":"NATIVE_APP"}[39m
[35m[HTTP][39m [37m<-- POST /wd/hub/session/14247ceb-4a97-483a-9f38-85199a98520c/context [39m[32m200[39m [90m2 ms - 14[39m
[35m[HTTP][39m [90m[39m
[35m[HTTP][39m [37m-->[39m [37mPOST[39m [37m/wd/hub/session/14247ceb-4a97-483a-9f38-85199a98520c/touch/perform[39m
[35m[HTTP][39m [90m{"actions":[{"action":"press","options":{"x":0,"y":600}},{"action":"wait","options":{"ms":500}},{"action":"moveTo","options":{"x":0,"y":0}},{"action":"release","options":{}}]}[39m
[35m[HTTP][39m [37m<-- POST /wd/hub/session/14247ceb-4a97-483a-9f38-85199a98520c/touch/perform [39m[32m200[39m [90m912 ms - 14[39m
[35m[HTTP][39m [90m[39m
[35m[HTTP][39m [37m-->[39m [37mPOST[39m [37m/wd/hub/session/14247ceb-4a97-483a-9f38-85199a98520c/context[39m
[35m[HTTP][39m [90m{"name":"NATIVE_APP"}[39m
[35m[HTTP][39m [37m<-- POST /wd/hub/session/14247ceb-4a97-483a-9f38-85199a98520c/context [39m[32m200[39m [90m1 ms - 14[39m
[35m[HTTP][39m [90m[39m
[35m[HTTP][39m [37m-->[39m [37mPOST[39m [37m/wd/hub/session/14247ceb-4a97-483a-9f38-85199a98520c/timeouts[39m
[35m[HTTP][39m [90m{"implicit":50}[39m
[35m[HTTP][39m [37m<-- POST /wd/hub/session/14247ceb-4a97-483a-9f38-85199a98520c/timeouts [39m[32m200[39m [90m2 ms - 14[39m
[35m[HTTP][39m [90m[39m
[35m[HTTP][39m [37m-->[39m [37mGET[39m [37m/wd/hub/session/14247ceb-4a97-483a-9f38-85199a98520c/window/rect[39m
[35m[HTTP][39m [90m{}[39m
[35m[HTTP][39m [37m<-- GET /wd/hub/session/14247ceb-4a97-483a-9f38-85199a98520c/window/rect [39m[32m200[39m [90m21 ms - 50[39m
[35m[HTTP][39m [90m[39m
[35m[HTTP][39m [37m-->[39m [37mPOST[39m [37m/wd/hub/session/14247ceb-4a97-483a-9f38-85199a98520c/elements[39m
[35m[HTTP][39m [90m{"using":"accessibility id","value":"Indopaket Motor (Max 18kg) NEXTDAY \nRp 22.000 (Pesan < jam 12.00 dikirim H+1, Pesan > jam 12.00 dikirim H+2)"}[39m
[35m[HTTP][39m [37m<-- POST /wd/hub/session/14247ceb-4a97-483a-9f38-85199a98520c/elements [39m[32m200[39m [90m65 ms - 139[39m
[35m[HTTP][39m [90m[39m
[35m[HTTP][39m [37m-->[39m [37mGET[39m [37m/wd/hub/session/14247ceb-4a97-483a-9f38-85199a98520c/element/00000000-0000-1455-0000-010900000004/location[39m
[35m[HTTP][39m [90m{}[39m
[35m[W3C (14247ceb)][39m Driver proxy active, passing request on via HTTP proxy
[35m[WD Proxy][39m Replacing sessionId dd189d2d-6f9e-4b2a-a957-388f104f8a13 with 14247ceb-4a97-483a-9f38-85199a98520c
[35m[HTTP][39m [37m<-- GET /wd/hub/session/14247ceb-4a97-483a-9f38-85199a98520c/element/00000000-0000-1455-0000-010900000004/location [39m[32m200[39m [90m32 ms - 78[39m
[35m[HTTP][39m [90m[39m
[35m[HTTP][39m [37m-->[39m [37mPOST[39m [37m/wd/hub/session/14247ceb-4a97-483a-9f38-85199a98520c/timeouts[39m
[35m[HTTP][39m [90m{"implicit":30000}[39m
[35m[HTTP][39m [37m<-- POST /wd/hub/session/14247ceb-4a97-483a-9f38-85199a98520c/timeouts [39m[32m200[39m [90m4 ms - 14[39m
[35m[HTTP][39m [90m[39m
[35m[HTTP][39m [37m-->[39m [37mPOST[39m [37m/wd/hub/session/14247ceb-4a97-483a-9f38-85199a98520c/element/00000000-0000-1455-0000-010900000004/click[39m
[35m[HTTP][39m [90m{"id":"00000000-0000-1455-0000-010900000004"}[39m
[35m[HTTP][39m [37m<-- POST /wd/hub/session/14247ceb-4a97-483a-9f38-85199a98520c/element/00000000-0000-1455-0000-010900000004/click [39m[32m200[39m [90m578 ms - 14[39m
[35m[HTTP][39m [90m[39m
[35m[HTTP][39m [37m-->[39m [37mPOST[39m [37m/wd/hub/session/14247ceb-4a97-483a-9f38-85199a98520c/timeouts[39m
[35m[HTTP][39m [90m{"implicit":50}[39m
[35m[HTTP][39m [37m<-- POST /wd/hub/session/14247ceb-4a97-483a-9f38-85199a98520c/timeouts [39m[32m200[39m [90m1 ms - 14[39m
[35m[HTTP][39m [90m[39m
[35m[HTTP][39m [37m-->[39m [37mGET[39m [37m/wd/hub/session/14247ceb-4a97-483a-9f38-85199a98520c/window/rect[39m
[35m[HTTP][39m [90m{}[39m
[35m[HTTP][39m [37m<-- GET /wd/hub/session/14247ceb-4a97-483a-9f38-85199a98520c/window/rect [39m[32m200[39m [90m22 ms - 50[39m
[35m[HTTP][39m [90m[39m
[35m[HTTP][39m [37m-->[39m [37mPOST[39m [37m/wd/hub/session/14247ceb-4a97-483a-9f38-85199a98520c/elements[39m
[35m[HTTP][39m [90m{"using":"accessibility id","value":"Pembayaran"}[39m
[35m[HTTP][39m [37m<-- POST /wd/hub/session/14247ceb-4a97-483a-9f38-85199a98520c/elements [39m[32m200[39m [90m77 ms - 139[39m
[35m[HTTP][39m [90m[39m
[35m[HTTP][39m [37m-->[39m [37mGET[39m [37m/wd/hub/session/14247ceb-4a97-483a-9f38-85199a98520c/element/00000000-0000-1455-0000-010700000004/location[39m
[35m[HTTP][39m [90m{}[39m
[35m[W3C (14247ceb)][39m Driver proxy active, passing request on via HTTP proxy
[35m[WD Proxy][39m Replacing sessionId dd189d2d-6f9e-4b2a-a957-388f104f8a13 with 14247ceb-4a97-483a-9f38-85199a98520c
[35m[HTTP][39m [37m<-- GET /wd/hub/session/14247ceb-4a97-483a-9f38-85199a98520c/element/00000000-0000-1455-0000-010700000004/location [39m[32m200[39m [90m31 ms - 79[39m
[35m[HTTP][39m [90m[39m
[35m[HTTP][39m [37m-->[39m [37mPOST[39m [37m/wd/hub/session/14247ceb-4a97-483a-9f38-85199a98520c/timeouts[39m
[35m[HTTP][39m [90m{"implicit":30000}[39m
[35m[HTTP][39m [37m<-- POST /wd/hub/session/14247ceb-4a97-483a-9f38-85199a98520c/timeouts [39m[32m200[39m [90m2 ms - 14[39m
[35m[HTTP][39m [90m[39m
[35m[HTTP][39m [37m-->[39m [37mPOST[39m [37m/wd/hub/session/14247ceb-4a97-483a-9f38-85199a98520c/element/00000000-0000-1455-0000-010700000004/click[39m
[35m[HTTP][39m [90m{"id":"00000000-0000-1455-0000-010700000004"}[39m
[35m[HTTP][39m [37m<-- POST /wd/hub/session/14247ceb-4a97-483a-9f38-85199a98520c/element/00000000-0000-1455-0000-010700000004/click [39m[32m200[39m [90m548 ms - 14[39m
[35m[HTTP][39m [90m[39m
[35m[HTTP][39m [37m-->[39m [37mGET[39m [37m/wd/hub/session/14247ceb-4a97-483a-9f38-85199a98520c/context[39m
[35m[HTTP][39m [90m{}[39m
[35m[HTTP][39m [37m<-- GET /wd/hub/session/14247ceb-4a97-483a-9f38-85199a98520c/context [39m[32m200[39m [90m1 ms - 22[39m
[35m[HTTP][39m [90m[39m
[35m[HTTP][39m [37m-->[39m [37mGET[39m [37m/wd/hub/session/14247ceb-4a97-483a-9f38-85199a98520c/contexts[39m
[35m[HTTP][39m [90m{}[39m
[35m[HTTP][39m [37m<-- GET /wd/hub/session/14247ceb-4a97-483a-9f38-85199a98520c/contexts [39m[32m200[39m [90m94 ms - 24[39m
[35m[HTTP][39m [90m[39m
[35m[HTTP][39m [37m-->[39m [37mPOST[39m [37m/wd/hub/session/14247ceb-4a97-483a-9f38-85199a98520c/context[39m
[35m[HTTP][39m [90m{"name":"NATIVE_APP"}[39m
[35m[HTTP][39m [37m<-- POST /wd/hub/session/14247ceb-4a97-483a-9f38-85199a98520c/context [39m[32m200[39m [90m2 ms - 14[39m
[35m[HTTP][39m [90m[39m
[35m[HTTP][39m [37m-->[39m [37mPOST[39m [37m/wd/hub/session/14247ceb-4a97-483a-9f38-85199a98520c/touch/perform[39m
[35m[HTTP][39m [90m{"actions":[{"action":"press","options":{"x":0,"y":475}},{"action":"wait","options":{"ms":500}},{"action":"moveTo","options":{"x":0,"y":0}},{"action":"release","options":{}}]}[39m
[35m[HTTP][39m [37m<-- POST /wd/hub/session/14247ceb-4a97-483a-9f38-85199a98520c/touch/perform [39m[32m200[39m [90m911 ms - 14[39m
[35m[HTTP][39m [90m[39m
[35m[HTTP][39m [37m-->[39m [37mPOST[39m [37m/wd/hub/session/14247ceb-4a97-483a-9f38-85199a98520c/context[39m
[35m[HTTP][39m [90m{"name":"NATIVE_APP"}[39m
[35m[HTTP][39m [37m<-- POST /wd/hub/session/14247ceb-4a97-483a-9f38-85199a98520c/context [39m[32m200[39m [90m1 ms - 14[39m
[35m[HTTP][39m [90m[39m
[35m[HTTP][39m [37m-->[39m [37mPOST[39m [37m/wd/hub/session/14247ceb-4a97-483a-9f38-85199a98520c/timeouts[39m
[35m[HTTP][39m [90m{"implicit":50}[39m
[35m[HTTP][39m [37m<-- POST /wd/hub/session/14247ceb-4a97-483a-9f38-85199a98520c/timeouts [39m[32m200[39m [90m2 ms - 14[39m
[35m[HTTP][39m [90m[39m
[35m[HTTP][39m [37m-->[39m [37mGET[39m [37m/wd/hub/session/14247ceb-4a97-483a-9f38-85199a98520c/window/rect[39m
[35m[HTTP][39m [90m{}[39m
[35m[HTTP][39m [37m<-- GET /wd/hub/session/14247ceb-4a97-483a-9f38-85199a98520c/window/rect [39m[32m200[39m [90m12 ms - 50[39m
[35m[HTTP][39m [90m[39m
[35m[HTTP][39m [37m-->[39m [37mPOST[39m [37m/wd/hub/session/14247ceb-4a97-483a-9f38-85199a98520c/elements[39m
[35m[HTTP][39m [90m{"using":"accessibility id","value":"Virtual Account BNI\nDicek Otomatis"}[39m
[35m[HTTP][39m [37m<-- POST /wd/hub/session/14247ceb-4a97-483a-9f38-85199a98520c/elements [39m[32m200[39m [90m562 ms - 139[39m
[35m[HTTP][39m [90m[39m
[35m[HTTP][39m [37m-->[39m [37mGET[39m [37m/wd/hub/session/14247ceb-4a97-483a-9f38-85199a98520c/element/00000000-0000-1455-0000-011b00000004/location[39m
[35m[HTTP][39m [90m{}[39m
[35m[W3C (14247ceb)][39m Driver proxy active, passing request on via HTTP proxy
[35m[WD Proxy][39m Replacing sessionId dd189d2d-6f9e-4b2a-a957-388f104f8a13 with 14247ceb-4a97-483a-9f38-85199a98520c
[35m[HTTP][39m [37m<-- GET /wd/hub/session/14247ceb-4a97-483a-9f38-85199a98520c/element/00000000-0000-1455-0000-011b00000004/location [39m[32m200[39m [90m36 ms - 77[39m
[35m[HTTP][39m [90m[39m
[35m[HTTP][39m [37m-->[39m [37mPOST[39m [37m/wd/hub/session/14247ceb-4a97-483a-9f38-85199a98520c/timeouts[39m
[35m[HTTP][39m [90m{"implicit":30000}[39m
[35m[HTTP][39m [37m<-- POST /wd/hub/session/14247ceb-4a97-483a-9f38-85199a98520c/timeouts [39m[32m200[39m [90m2 ms - 14[39m
[35m[HTTP][39m [90m[39m
[35m[HTTP][39m [37m-->[39m [37mPOST[39m [37m/wd/hub/session/14247ceb-4a97-483a-9f38-85199a98520c/element/00000000-0000-1455-0000-011b00000004/click[39m
[35m[HTTP][39m [90m{"id":"00000000-0000-1455-0000-011b00000004"}[39m
[35m[HTTP][39m [37m<-- POST /wd/hub/session/14247ceb-4a97-483a-9f38-85199a98520c/element/00000000-0000-1455-0000-011b00000004/click [39m[32m200[39m [90m561 ms - 14[39m
[35m[HTTP][39m [90m[39m
[35m[HTTP][39m [37m-->[39m [37mPOST[39m [37m/wd/hub/session/14247ceb-4a97-483a-9f38-85199a98520c/timeouts[39m
[35m[HTTP][39m [90m{"implicit":50}[39m
[35m[HTTP][39m [37m<-- POST /wd/hub/session/14247ceb-4a97-483a-9f38-85199a98520c/timeouts [39m[32m200[39m [90m1 ms - 14[39m
[35m[HTTP][39m [90m[39m
[35m[HTTP][39m [37m-->[39m [37mGET[39m [37m/wd/hub/session/14247ceb-4a97-483a-9f38-85199a98520c/window/rect[39m
[35m[HTTP][39m [90m{}[39m
[35m[HTTP][39m [37m<-- GET /wd/hub/session/14247ceb-4a97-483a-9f38-85199a98520c/window/rect [39m[32m200[39m [90m24 ms - 50[39m
[35m[HTTP][39m [90m[39m
[35m[HTTP][39m [37m-->[39m [37mPOST[39m [37m/wd/hub/session/14247ceb-4a97-483a-9f38-85199a98520c/elements[39m
[35m[HTTP][39m [90m{"using":"accessibility id","value":"Checkout"}[39m
[35m[HTTP][39m [37m<-- POST /wd/hub/session/14247ceb-4a97-483a-9f38-85199a98520c/elements [39m[32m200[39m [90m87 ms - 139[39m
[35m[HTTP][39m [90m[39m
[35m[HTTP][39m [37m-->[39m [37mGET[39m [37m/wd/hub/session/14247ceb-4a97-483a-9f38-85199a98520c/element/00000000-0000-1455-0000-011e00000004/location[39m
[35m[HTTP][39m [90m{}[39m
[35m[W3C (14247ceb)][39m Driver proxy active, passing request on via HTTP proxy
[35m[WD Proxy][39m Replacing sessionId dd189d2d-6f9e-4b2a-a957-388f104f8a13 with 14247ceb-4a97-483a-9f38-85199a98520c
[35m[HTTP][39m [37m<-- GET /wd/hub/session/14247ceb-4a97-483a-9f38-85199a98520c/element/00000000-0000-1455-0000-011e00000004/location [39m[32m200[39m [90m36 ms - 79[39m
[35m[HTTP][39m [90m[39m
[35m[HTTP][39m [37m-->[39m [37mPOST[39m [37m/wd/hub/session/14247ceb-4a97-483a-9f38-85199a98520c/timeouts[39m
[35m[HTTP][39m [90m{"implicit":30000}[39m
[35m[HTTP][39m [37m<-- POST /wd/hub/session/14247ceb-4a97-483a-9f38-85199a98520c/timeouts [39m[32m200[39m [90m2 ms - 14[39m
[35m[HTTP][39m [90m[39m
[35m[HTTP][39m [37m-->[39m [37mPOST[39m [37m/wd/hub/session/14247ceb-4a97-483a-9f38-85199a98520c/element/00000000-0000-1455-0000-011e00000004/click[39m
[35m[HTTP][39m [90m{"id":"00000000-0000-1455-0000-011e00000004"}[39m
[35m[HTTP][39m [37m<-- POST /wd/hub/session/14247ceb-4a97-483a-9f38-85199a98520c/element/00000000-0000-1455-0000-011e00000004/click [39m[32m200[39m [90m884 ms - 14[39m
[35m[HTTP][39m [90m[39m
[35m[HTTP][39m [37m-->[39m [37mGET[39m [37m/wd/hub/session/14247ceb-4a97-483a-9f38-85199a98520c/context[39m
[35m[HTTP][39m [90m{}[39m
[35m[HTTP][39m [37m<-- GET /wd/hub/session/14247ceb-4a97-483a-9f38-85199a98520c/context [39m[32m200[39m [90m1 ms - 22[39m
[35m[HTTP][39m [90m[39m
[35m[HTTP][39m [37m-->[39m [37mGET[39m [37m/wd/hub/session/14247ceb-4a97-483a-9f38-85199a98520c/contexts[39m
[35m[HTTP][39m [90m{}[39m
[35m[HTTP][39m [37m<-- GET /wd/hub/session/14247ceb-4a97-483a-9f38-85199a98520c/contexts [39m[32m200[39m [90m94 ms - 24[39m
[35m[HTTP][39m [90m[39m
[35m[HTTP][39m [37m-->[39m [37mPOST[39m [37m/wd/hub/session/14247ceb-4a97-483a-9f38-85199a98520c/context[39m
[35m[HTTP][39m [90m{"name":"NATIVE_APP"}[39m
[35m[HTTP][39m [37m<-- POST /wd/hub/session/14247ceb-4a97-483a-9f38-85199a98520c/context [39m[32m200[39m [90m1 ms - 14[39m
[35m[HTTP][39m [90m[39m
[35m[HTTP][39m [37m-->[39m [37mPOST[39m [37m/wd/hub/session/14247ceb-4a97-483a-9f38-85199a98520c/touch/perform[39m
[35m[HTTP][39m [90m{"actions":[{"action":"press","options":{"x":0,"y":600}},{"action":"wait","options":{"ms":500}},{"action":"moveTo","options":{"x":0,"y":0}},{"action":"release","options":{}}]}[39m
[35m[HTTP][39m [37m<-- POST /wd/hub/session/14247ceb-4a97-483a-9f38-85199a98520c/touch/perform [39m[32m200[39m [90m915 ms - 14[39m
[35m[HTTP][39m [90m[39m
[35m[HTTP][39m [37m-->[39m [37mPOST[39m [37m/wd/hub/session/14247ceb-4a97-483a-9f38-85199a98520c/context[39m
[35m[HTTP][39m [90m{"name":"NATIVE_APP"}[39m
[35m[HTTP][39m [37m<-- POST /wd/hub/session/14247ceb-4a97-483a-9f38-85199a98520c/context [39m[32m200[39m [90m2 ms - 14[39m
[35m[HTTP][39m [90m[39m
[35m[HTTP][39m [37m-->[39m [37mPOST[39m [37m/wd/hub/session/14247ceb-4a97-483a-9f38-85199a98520c/timeouts[39m
[35m[HTTP][39m [90m{"implicit":50}[39m
[35m[HTTP][39m [37m<-- POST /wd/hub/session/14247ceb-4a97-483a-9f38-85199a98520c/timeouts [39m[32m200[39m [90m1 ms - 14[39m
[35m[HTTP][39m [90m[39m
[35m[HTTP][39m [37m-->[39m [37mGET[39m [37m/wd/hub/session/14247ceb-4a97-483a-9f38-85199a98520c/window/rect[39m
[35m[HTTP][39m [90m{}[39m
[35m[HTTP][39m [37m<-- GET /wd/hub/session/14247ceb-4a97-483a-9f38-85199a98520c/window/rect [39m[32m200[39m [90m14 ms - 50[39m
[35m[HTTP][39m [90m[39m
[35m[HTTP][39m [37m-->[39m [37mPOST[39m [37m/wd/hub/session/14247ceb-4a97-483a-9f38-85199a98520c/elements[39m
[35m[HTTP][39m [90m{"using":"accessibility id","value":"Lihat cara pembayaran"}[39m
[35m[HTTP][39m [37m<-- POST /wd/hub/session/14247ceb-4a97-483a-9f38-85199a98520c/elements [39m[32m200[39m [90m46 ms - 139[39m
[35m[HTTP][39m [90m[39m
[35m[HTTP][39m [37m-->[39m [37mGET[39m [37m/wd/hub/session/14247ceb-4a97-483a-9f38-85199a98520c/element/00000000-0000-1455-0000-013d00000004/location[39m
[35m[HTTP][39m [90m{}[39m
[35m[W3C (14247ceb)][39m Driver proxy active, passing request on via HTTP proxy
[35m[WD Proxy][39m Replacing sessionId dd189d2d-6f9e-4b2a-a957-388f104f8a13 with 14247ceb-4a97-483a-9f38-85199a98520c
[35m[HTTP][39m [37m<-- GET /wd/hub/session/14247ceb-4a97-483a-9f38-85199a98520c/element/00000000-0000-1455-0000-013d00000004/location [39m[32m200[39m [90m27 ms - 79[39m
[35m[HTTP][39m [90m[39m
[35m[HTTP][39m [37m-->[39m [37mPOST[39m [37m/wd/hub/session/14247ceb-4a97-483a-9f38-85199a98520c/timeouts[39m
[35m[HTTP][39m [90m{"implicit":30000}[39m
[35m[HTTP][39m [37m<-- POST /wd/hub/session/14247ceb-4a97-483a-9f38-85199a98520c/timeouts [39m[32m200[39m [90m2 ms - 14[39m
[35m[HTTP][39m [90m[39m
[35m[HTTP][39m [37m-->[39m [37mPOST[39m [37m/wd/hub/session/14247ceb-4a97-483a-9f38-85199a98520c/element/00000000-0000-1455-0000-013d00000004/click[39m
[35m[HTTP][39m [90m{"id":"00000000-0000-1455-0000-013d00000004"}[39m
[35m[HTTP][39m [37m<-- POST /wd/hub/session/14247ceb-4a97-483a-9f38-85199a98520c/element/00000000-0000-1455-0000-013d00000004/click [39m[32m200[39m [90m1799 ms - 14[39m
[35m[HTTP][39m [90m[39m
[35m[HTTP][39m [37m-->[39m [37mPOST[39m [37m/wd/hub/session/14247ceb-4a97-483a-9f38-85199a98520c/timeouts[39m
[35m[HTTP][39m [90m{"implicit":50}[39m
[35m[HTTP][39m [37m<-- POST /wd/hub/session/14247ceb-4a97-483a-9f38-85199a98520c/timeouts [39m[32m200[39m [90m1 ms - 14[39m
[35m[HTTP][39m [90m[39m
[35m[HTTP][39m [37m-->[39m [37mGET[39m [37m/wd/hub/session/14247ceb-4a97-483a-9f38-85199a98520c/window/rect[39m
[35m[HTTP][39m [90m{}[39m
[35m[HTTP][39m [37m<-- GET /wd/hub/session/14247ceb-4a97-483a-9f38-85199a98520c/window/rect [39m[32m200[39m [90m23 ms - 50[39m
[35m[HTTP][39m [90m[39m
[35m[HTTP][39m [37m-->[39m [37mPOST[39m [37m/wd/hub/session/14247ceb-4a97-483a-9f38-85199a98520c/elements[39m
[35m[HTTP][39m [90m{"using":"xpath","value":"//*[@class = 'android.widget.Button' and @resource-id = '' and (@text = '' or . = '')]"}[39m
[35m[HTTP][39m [37m<-- POST /wd/hub/session/14247ceb-4a97-483a-9f38-85199a98520c/elements [39m[32m200[39m [90m184 ms - 139[39m
[35m[HTTP][39m [90m[39m
[35m[HTTP][39m [37m-->[39m [37mGET[39m [37m/wd/hub/session/14247ceb-4a97-483a-9f38-85199a98520c/element/00000000-0000-1455-0000-014300000004/location[39m
[35m[HTTP][39m [90m{}[39m
[35m[W3C (14247ceb)][39m Driver proxy active, passing request on via HTTP proxy
[35m[WD Proxy][39m Replacing sessionId dd189d2d-6f9e-4b2a-a957-388f104f8a13 with 14247ceb-4a97-483a-9f38-85199a98520c
[35m[HTTP][39m [37m<-- GET /wd/hub/session/14247ceb-4a97-483a-9f38-85199a98520c/element/00000000-0000-1455-0000-014300000004/location [39m[32m200[39m [90m501 ms - 75[39m
[35m[HTTP][39m [90m[39m
[35m[HTTP][39m [37m-->[39m [37mPOST[39m [37m/wd/hub/session/14247ceb-4a97-483a-9f38-85199a98520c/timeouts[39m
[35m[HTTP][39m [90m{"implicit":30000}[39m
[35m[HTTP][39m [37m<-- POST /wd/hub/session/14247ceb-4a97-483a-9f38-85199a98520c/timeouts [39m[32m200[39m [90m2 ms - 14[39m
[35m[HTTP][39m [90m[39m
[35m[HTTP][39m [37m-->[39m [37mPOST[39m [37m/wd/hub/session/14247ceb-4a97-483a-9f38-85199a98520c/element/00000000-0000-1455-0000-014300000004/click[39m
[35m[HTTP][39m [90m{"id":"00000000-0000-1455-0000-014300000004"}[39m
[35m[HTTP][39m [37m<-- POST /wd/hub/session/14247ceb-4a97-483a-9f38-85199a98520c/element/00000000-0000-1455-0000-014300000004/click [39m[32m200[39m [90m933 ms - 14[39m
[35m[HTTP][39m [90m[39m
[35m[HTTP][39m [37m-->[39m [37mDELETE[39m [37m/wd/hub/session/14247ceb-4a97-483a-9f38-85199a98520c[39m
[35m[HTTP][39m [90m{}[39m
[35m[Appium][39m Removing session 14247ceb-4a97-483a-9f38-85199a98520c from our master session list
[35m[UiAutomator2][39m Restoring hidden api policy to the device default configuration
[35m[HTTP][39m [37m<-- DELETE /wd/hub/session/14247ceb-4a97-483a-9f38-85199a98520c [39m[32m200[39m [90m459 ms - 14[39m
[35m[HTTP][39m [90m[39m
