[35m[Appium][39m Welcome to Appium v1.22.3
[35m[Appium][39m Non-default server args:
[35m[Appium][39m   port: 58982
[35m[Appium][39m   loglevel: info
[35m[Appium][39m   tmpDir: C:\Users\raiha\AppData\Local\Temp\\Katalon\Appium\Temp1679544857960
[35m[Appium][39m   chromedriverPort: 58983
[35m[Appium][39m Deprecated server args:
[35m[Appium][39m   [31m--chromedriver-port[39m => --default-capabilities
[35m[Appium][39m Default capabilities, which will be added to each request unless overridden by desired capabilities:
[35m[Appium][39m   chromedriverPort: 58983
[35m[Appium][39m Appium REST http interface listener started on 0.0.0.0:58982
[35m[HTTP][39m [37m-->[39m [37mGET[39m [37m/wd/hub/status[39m
[35m[HTTP][39m [90m{}[39m
[35m[HTTP][39m [37m<-- GET /wd/hub/status [39m[32m200[39m [90m6 ms - 68[39m
[35m[HTTP][39m [90m[39m
[35m[HTTP][39m [37m-->[39m [37mPOST[39m [37m/wd/hub/session[39m
[35m[HTTP][39m [90m{"desiredCapabilities":{"app":"C:\\Users\\raiha\\Katalon Studio\\Mobile Klik IGR\\AndroidApp\\Klik SANDBOX v5.1.9(104).apk","noReset":true,"deviceId":"","deviceName":"Xiaomi M2101K7BNY (Android 12)","fullReset":false,"platform":"ANDROID","newCommandTimeout":1800,"platformVersion":"12","automationName":"uiautomator2","autoGrantPermissions":true,"platformName":"Android","udid":"4LSG9XI7HU8HTOXW","systemPort":58981},"capabilities":{"firstMatch":[{"appium:app":"C:\\Users\\raiha\\Katalon Studio\\Mobile Klik IGR\\AndroidApp\\Klik SANDBOX v5.1.9(104).apk","appium:autoGrantPermissions":true,"appium:automationName":"uiautomator2","deviceId":"","appium:deviceName":"Xiaomi M2101K7BNY (Android 12)","appium:fullReset":false,"appium:newCommandTimeout":1800,"appium:noReset":true,"platform":"ANDROID","platformName":"android","appium:platformVersion":"12","appium:systemPort":58981,"appium:udid":"4LSG9XI7HU8HTOXW"}]}}[39m
[35m[BaseDriver][39m The following capabilities are not standard capabilities and should have an extension prefix:
[35m[BaseDriver][39m   deviceId
[35m[BaseDriver][39m   platform
[35m[BaseDriver][39m   chromedriverPort
[35m[Appium][39m Appium v1.22.3 creating new AndroidUiautomator2Driver (v1.70.1) session
[35m[BaseDriver][39m The following capabilities were provided, but are not recognized by Appium:
[35m[BaseDriver][39m   deviceId
[35m[BaseDriver][39m   platform
[35m[BaseDriver][39m Session created with session id: dbdb6fab-ff48-4a34-abbb-98789783e3f7
[35m[BaseDriver][39m Using local app 'C:\Users\raiha\Katalon Studio\Mobile Klik IGR\AndroidApp\Klik SANDBOX v5.1.9(104).apk'
[35m[ADB][39m Found 3 'build-tools' folders under 'C:\Users\raiha\AppData\Local\Android\Sdk' (newest first):
[35m[ADB][39m     C:/Users/raiha/AppData/Local/Android/Sdk/build-tools/34.0.0-rc1
[35m[ADB][39m     C:/Users/raiha/AppData/Local/Android/Sdk/build-tools/33.0.2
[35m[ADB][39m     C:/Users/raiha/AppData/Local/Android/Sdk/build-tools/30.0.3
[35m[ADB][39m Using 'adb.exe' from 'C:\Users\raiha\AppData\Local\Android\Sdk\platform-tools\adb.exe'
[35m[AndroidDriver][39m Retrieving device list
[35m[AndroidDriver][39m Using device: 4LSG9XI7HU8HTOXW
[35m[ADB][39m Using 'adb.exe' from 'C:\Users\raiha\AppData\Local\Android\Sdk\platform-tools\adb.exe'
[35m[ADB][39m Getting device platform version
[35m[UiAutomator2][39m Relaxing hidden api policy
[35m[ADB][39m Package name: 'com.indogrosir.sd1.klikindogrosir'
[35m[ADB][39m Main activity name: 'com.example.klik_indogrosir_playground.MainActivity'
[35m[ADB][39m Using 'apksigner.jar' from 'C:\Users\raiha\AppData\Local\Android\Sdk\build-tools\34.0.0-rc1\lib\apksigner.jar'
[35m[ADB][39m 'C:\Users\raiha\AppData\Roaming\npm\node_modules\appium\node_modules\appium-uiautomator2-server\apks\appium-uiautomator2-server-v4.27.0.apk' is signed with the default certificate
[35m[ADB][39m 'C:\Users\raiha\AppData\Roaming\npm\node_modules\appium\node_modules\appium-uiautomator2-server\apks\appium-uiautomator2-server-debug-androidTest.apk' is signed with the default certificate
[35m[UiAutomator2][39m Server packages are not going to be (re)installed
[35m[ADB][39m Adding packages ["io.appium.settings","io.appium.uiautomator2.server","io.appium.uiautomator2.server.test"] to Doze whitelist
[35m[ADB][39m 'C:\Users\raiha\Katalon Studio\Mobile Klik IGR\AndroidApp\Klik SANDBOX v5.1.9(104).apk' is signed with a non-default certificate
[35m[UiAutomator2][39m Starting UIAutomator2 server 4.27.0
[35m[UiAutomator2][39m Using UIAutomator2 server from 'C:\Users\raiha\AppData\Roaming\npm\node_modules\appium\node_modules\appium-uiautomator2-server\apks\appium-uiautomator2-server-v4.27.0.apk' and test from 'C:\Users\raiha\AppData\Roaming\npm\node_modules\appium\node_modules\appium-uiautomator2-server\apks\appium-uiautomator2-server-debug-androidTest.apk'
[35m[UiAutomator2][39m Waiting up to 30000ms for UiAutomator2 to be online...
[35m[WD Proxy][39m socket hang up
[35m[WD Proxy][39m socket hang up
[35m[WD Proxy][39m socket hang up
[35m[WD Proxy][39m socket hang up
[35m[WD Proxy][39m socket hang up
[35m[WD Proxy][39m socket hang up
[35m[WD Proxy][39m socket hang up
[35m[WD Proxy][39m socket hang up
[35m[WD Proxy][39m socket hang up
[35m[WD Proxy][39m socket hang up
[35m[WD Proxy][39m socket hang up
[35m[WD Proxy][39m socket hang up
[35m[WD Proxy][39m socket hang up
[35m[WD Proxy][39m socket hang up
[35m[WD Proxy][39m socket hang up
[35m[WD Proxy][39m socket hang up
[35m[WD Proxy][39m socket hang up
[35m[WD Proxy][39m socket hang up
[35m[WD Proxy][39m socket hang up
[35m[WD Proxy][39m Determined the downstream protocol as 'W3C'
[35m[AndroidDriver][39m Screen already unlocked, doing nothing
[35m[UiAutomator2][39m Starting 'com.indogrosir.sd1.klikindogrosir/com.example.klik_indogrosir_playground.MainActivity and waiting for 'com.indogrosir.sd1.klikindogrosir/com.example.klik_indogrosir_playground.MainActivity'
[35m[Appium][39m New AndroidUiautomator2Driver session created successfully, session dbdb6fab-ff48-4a34-abbb-98789783e3f7 added to master session list
[35m[HTTP][39m [37m<-- POST /wd/hub/session [39m[32m200[39m [90m26943 ms - 1400[39m
[35m[HTTP][39m [90m[39m
[35m[HTTP][39m [37m-->[39m [37mGET[39m [37m/wd/hub/session/dbdb6fab-ff48-4a34-abbb-98789783e3f7[39m
[35m[HTTP][39m [90m{}[39m
[35m[HTTP][39m [37m<-- GET /wd/hub/session/dbdb6fab-ff48-4a34-abbb-98789783e3f7 [39m[32m200[39m [90m9 ms - 1354[39m
[35m[HTTP][39m [90m[39m
[35m[HTTP][39m [37m-->[39m [37mGET[39m [37m/wd/hub/session/dbdb6fab-ff48-4a34-abbb-98789783e3f7[39m
[35m[HTTP][39m [90m{}[39m
[35m[HTTP][39m [37m<-- GET /wd/hub/session/dbdb6fab-ff48-4a34-abbb-98789783e3f7 [39m[32m200[39m [90m15 ms - 1354[39m
[35m[HTTP][39m [90m[39m
[35m[HTTP][39m [37m-->[39m [37mGET[39m [37m/wd/hub/status[39m
[35m[HTTP][39m [90m{}[39m
[35m[HTTP][39m [37m<-- GET /wd/hub/status [39m[32m200[39m [90m1 ms - 68[39m
[35m[HTTP][39m [90m[39m
[35m[HTTP][39m [37m-->[39m [37mPOST[39m [37m/wd/hub/session/dbdb6fab-ff48-4a34-abbb-98789783e3f7/timeouts[39m
[35m[HTTP][39m [90m{"implicit":30000}[39m
[35m[HTTP][39m [37m<-- POST /wd/hub/session/dbdb6fab-ff48-4a34-abbb-98789783e3f7/timeouts [39m[32m200[39m [90m8 ms - 14[39m
[35m[HTTP][39m [90m[39m
[35m[HTTP][39m [37m-->[39m [37mGET[39m [37m/wd/hub/session/dbdb6fab-ff48-4a34-abbb-98789783e3f7/screenshot[39m
[35m[HTTP][39m [90m{}[39m
[35m[HTTP][39m [37m<-- GET /wd/hub/session/dbdb6fab-ff48-4a34-abbb-98789783e3f7/screenshot [39m[32m200[39m [90m2402 ms - 2787150[39m
[35m[HTTP][39m [90m[39m
[35m[HTTP][39m [37m-->[39m [37mGET[39m [37m/wd/hub/session/dbdb6fab-ff48-4a34-abbb-98789783e3f7/window/rect[39m
[35m[HTTP][39m [90m{}[39m
[35m[HTTP][39m [37m<-- GET /wd/hub/session/dbdb6fab-ff48-4a34-abbb-98789783e3f7/window/rect [39m[32m200[39m [90m19 ms - 50[39m
[35m[HTTP][39m [90m[39m
[35m[HTTP][39m [37m-->[39m [37mGET[39m [37m/wd/hub/session/dbdb6fab-ff48-4a34-abbb-98789783e3f7/appium/device/system_bars[39m
[35m[HTTP][39m [90m{}[39m
[35m[HTTP][39m [37m<-- GET /wd/hub/session/dbdb6fab-ff48-4a34-abbb-98789783e3f7/appium/device/system_bars [39m[32m200[39m [90m129 ms - 145[39m
[35m[HTTP][39m [90m[39m
[35m[HTTP][39m [37m-->[39m [37mPOST[39m [37m/wd/hub/session/dbdb6fab-ff48-4a34-abbb-98789783e3f7/timeouts[39m
[35m[HTTP][39m [90m{"implicit":50}[39m
[35m[HTTP][39m [37m<-- POST /wd/hub/session/dbdb6fab-ff48-4a34-abbb-98789783e3f7/timeouts [39m[32m200[39m [90m2 ms - 14[39m
[35m[HTTP][39m [90m[39m
[35m[HTTP][39m [37m-->[39m [37mGET[39m [37m/wd/hub/session/dbdb6fab-ff48-4a34-abbb-98789783e3f7/window/rect[39m
[35m[HTTP][39m [90m{}[39m
[35m[HTTP][39m [37m<-- GET /wd/hub/session/dbdb6fab-ff48-4a34-abbb-98789783e3f7/window/rect [39m[32m200[39m [90m16 ms - 50[39m
[35m[HTTP][39m [90m[39m
[35m[HTTP][39m [37m-->[39m [37mPOST[39m [37m/wd/hub/session/dbdb6fab-ff48-4a34-abbb-98789783e3f7/elements[39m
[35m[HTTP][39m [90m{"using":"accessibility id","value":"Selengkapnya"}[39m
[35m[HTTP][39m [37m<-- POST /wd/hub/session/dbdb6fab-ff48-4a34-abbb-98789783e3f7/elements [39m[32m200[39m [90m949 ms - 139[39m
[35m[HTTP][39m [90m[39m
[35m[HTTP][39m [37m-->[39m [37mGET[39m [37m/wd/hub/session/dbdb6fab-ff48-4a34-abbb-98789783e3f7/element/00000000-0000-00a7-0000-000b00000004/location[39m
[35m[HTTP][39m [90m{}[39m
[35m[W3C (dbdb6fab)][39m Driver proxy active, passing request on via HTTP proxy
[35m[WD Proxy][39m Replacing sessionId ea68d879-3abf-4551-960f-3a5724f74399 with dbdb6fab-ff48-4a34-abbb-98789783e3f7
[35m[HTTP][39m [37m<-- GET /wd/hub/session/dbdb6fab-ff48-4a34-abbb-98789783e3f7/element/00000000-0000-00a7-0000-000b00000004/location [39m[32m200[39m [90m25 ms - 78[39m
[35m[HTTP][39m [90m[39m
[35m[HTTP][39m [37m-->[39m [37mPOST[39m [37m/wd/hub/session/dbdb6fab-ff48-4a34-abbb-98789783e3f7/timeouts[39m
[35m[HTTP][39m [90m{"implicit":30000}[39m
[35m[HTTP][39m [37m<-- POST /wd/hub/session/dbdb6fab-ff48-4a34-abbb-98789783e3f7/timeouts [39m[32m200[39m [90m2 ms - 14[39m
[35m[HTTP][39m [90m[39m
[35m[HTTP][39m [37m-->[39m [37mPOST[39m [37m/wd/hub/session/dbdb6fab-ff48-4a34-abbb-98789783e3f7/element/00000000-0000-00a7-0000-000b00000004/click[39m
[35m[HTTP][39m [90m{"id":"00000000-0000-00a7-0000-000b00000004"}[39m
[35m[HTTP][39m [37m<-- POST /wd/hub/session/dbdb6fab-ff48-4a34-abbb-98789783e3f7/element/00000000-0000-00a7-0000-000b00000004/click [39m[32m200[39m [90m1304 ms - 14[39m
[35m[HTTP][39m [90m[39m
[35m[HTTP][39m [37m-->[39m [37mPOST[39m [37m/wd/hub/session/dbdb6fab-ff48-4a34-abbb-98789783e3f7/timeouts[39m
[35m[HTTP][39m [90m{"implicit":50}[39m
[35m[HTTP][39m [37m<-- POST /wd/hub/session/dbdb6fab-ff48-4a34-abbb-98789783e3f7/timeouts [39m[32m200[39m [90m2 ms - 14[39m
[35m[HTTP][39m [90m[39m
[35m[HTTP][39m [37m-->[39m [37mGET[39m [37m/wd/hub/session/dbdb6fab-ff48-4a34-abbb-98789783e3f7/window/rect[39m
[35m[HTTP][39m [90m{}[39m
[35m[HTTP][39m [37m<-- GET /wd/hub/session/dbdb6fab-ff48-4a34-abbb-98789783e3f7/window/rect [39m[32m200[39m [90m28 ms - 50[39m
[35m[HTTP][39m [90m[39m
[35m[HTTP][39m [37m-->[39m [37mPOST[39m [37m/wd/hub/session/dbdb6fab-ff48-4a34-abbb-98789783e3f7/elements[39m
[35m[HTTP][39m [90m{"using":"accessibility id","value":"Periode Promosi\n21 Mar 2023 s/d 15 Apr 2023"}[39m
[35m[HTTP][39m [37m<-- POST /wd/hub/session/dbdb6fab-ff48-4a34-abbb-98789783e3f7/elements [39m[32m200[39m [90m66 ms - 139[39m
[35m[HTTP][39m [90m[39m
[35m[HTTP][39m [37m-->[39m [37mGET[39m [37m/wd/hub/session/dbdb6fab-ff48-4a34-abbb-98789783e3f7/element/00000000-0000-00a7-0000-009900000004/location[39m
[35m[HTTP][39m [90m{}[39m
[35m[W3C (dbdb6fab)][39m Driver proxy active, passing request on via HTTP proxy
[35m[WD Proxy][39m Replacing sessionId ea68d879-3abf-4551-960f-3a5724f74399 with dbdb6fab-ff48-4a34-abbb-98789783e3f7
[35m[HTTP][39m [37m<-- GET /wd/hub/session/dbdb6fab-ff48-4a34-abbb-98789783e3f7/element/00000000-0000-00a7-0000-009900000004/location [39m[32m200[39m [90m31 ms - 78[39m
[35m[HTTP][39m [90m[39m
[35m[HTTP][39m [37m-->[39m [37mPOST[39m [37m/wd/hub/session/dbdb6fab-ff48-4a34-abbb-98789783e3f7/timeouts[39m
[35m[HTTP][39m [90m{"implicit":30000}[39m
[35m[HTTP][39m [37m<-- POST /wd/hub/session/dbdb6fab-ff48-4a34-abbb-98789783e3f7/timeouts [39m[32m200[39m [90m2 ms - 14[39m
[35m[HTTP][39m [90m[39m
[35m[HTTP][39m [37m-->[39m [37mPOST[39m [37m/wd/hub/session/dbdb6fab-ff48-4a34-abbb-98789783e3f7/element/00000000-0000-00a7-0000-009900000004/click[39m
[35m[HTTP][39m [90m{"id":"00000000-0000-00a7-0000-009900000004"}[39m
[35m[HTTP][39m [37m<-- POST /wd/hub/session/dbdb6fab-ff48-4a34-abbb-98789783e3f7/element/00000000-0000-00a7-0000-009900000004/click [39m[32m200[39m [90m1234 ms - 14[39m
[35m[HTTP][39m [90m[39m
[35m[HTTP][39m [37m-->[39m [37mPOST[39m [37m/wd/hub/session/dbdb6fab-ff48-4a34-abbb-98789783e3f7/timeouts[39m
[35m[HTTP][39m [90m{"implicit":50}[39m
[35m[HTTP][39m [37m<-- POST /wd/hub/session/dbdb6fab-ff48-4a34-abbb-98789783e3f7/timeouts [39m[32m200[39m [90m1 ms - 14[39m
[35m[HTTP][39m [90m[39m
[35m[HTTP][39m [37m-->[39m [37mGET[39m [37m/wd/hub/session/dbdb6fab-ff48-4a34-abbb-98789783e3f7/window/rect[39m
[35m[HTTP][39m [90m{}[39m
[35m[HTTP][39m [37m<-- GET /wd/hub/session/dbdb6fab-ff48-4a34-abbb-98789783e3f7/window/rect [39m[32m200[39m [90m25 ms - 50[39m
[35m[HTTP][39m [90m[39m
[35m[HTTP][39m [37m-->[39m [37mPOST[39m [37m/wd/hub/session/dbdb6fab-ff48-4a34-abbb-98789783e3f7/elements[39m
[35m[HTTP][39m [90m{"using":"accessibility id","value":"Syarat dan Ketentuan"}[39m
[35m[HTTP][39m [37m<-- POST /wd/hub/session/dbdb6fab-ff48-4a34-abbb-98789783e3f7/elements [39m[32m200[39m [90m62 ms - 139[39m
[35m[HTTP][39m [90m[39m
[35m[HTTP][39m [37m-->[39m [37mGET[39m [37m/wd/hub/session/dbdb6fab-ff48-4a34-abbb-98789783e3f7/element/00000000-0000-00a7-0000-00a700000004/location[39m
[35m[HTTP][39m [90m{}[39m
[35m[W3C (dbdb6fab)][39m Driver proxy active, passing request on via HTTP proxy
[35m[WD Proxy][39m Replacing sessionId ea68d879-3abf-4551-960f-3a5724f74399 with dbdb6fab-ff48-4a34-abbb-98789783e3f7
[35m[HTTP][39m [37m<-- GET /wd/hub/session/dbdb6fab-ff48-4a34-abbb-98789783e3f7/element/00000000-0000-00a7-0000-00a700000004/location [39m[32m200[39m [90m37 ms - 76[39m
[35m[HTTP][39m [90m[39m
[35m[HTTP][39m [37m-->[39m [37mPOST[39m [37m/wd/hub/session/dbdb6fab-ff48-4a34-abbb-98789783e3f7/timeouts[39m
[35m[HTTP][39m [90m{"implicit":30000}[39m
[35m[HTTP][39m [37m<-- POST /wd/hub/session/dbdb6fab-ff48-4a34-abbb-98789783e3f7/timeouts [39m[32m200[39m [90m2 ms - 14[39m
[35m[HTTP][39m [90m[39m
[35m[HTTP][39m [37m-->[39m [37mPOST[39m [37m/wd/hub/session/dbdb6fab-ff48-4a34-abbb-98789783e3f7/element/00000000-0000-00a7-0000-00a700000004/click[39m
[35m[HTTP][39m [90m{"id":"00000000-0000-00a7-0000-00a700000004"}[39m
[35m[HTTP][39m [37m<-- POST /wd/hub/session/dbdb6fab-ff48-4a34-abbb-98789783e3f7/element/00000000-0000-00a7-0000-00a700000004/click [39m[32m200[39m [90m991 ms - 14[39m
[35m[HTTP][39m [90m[39m
[35m[HTTP][39m [37m-->[39m [37mDELETE[39m [37m/wd/hub/session/dbdb6fab-ff48-4a34-abbb-98789783e3f7[39m
[35m[HTTP][39m [90m{}[39m
[35m[Appium][39m Removing session dbdb6fab-ff48-4a34-abbb-98789783e3f7 from our master session list
[35m[UiAutomator2][39m Restoring hidden api policy to the device default configuration
[35m[HTTP][39m [37m<-- DELETE /wd/hub/session/dbdb6fab-ff48-4a34-abbb-98789783e3f7 [39m[32m200[39m [90m407 ms - 14[39m
[35m[HTTP][39m [90m[39m
