[35m[Appium][39m Welcome to Appium v1.22.3
[35m[Appium][39m Non-default server args:
[35m[Appium][39m   port: 61099
[35m[Appium][39m   loglevel: info
[35m[Appium][39m   tmpDir: C:\Users\admin\AppData\Local\Temp\\Katalon\Appium\Temp1699280873345
[35m[Appium][39m   chromedriverPort: 61100
[35m[Appium][39m Deprecated server args:
[35m[Appium][39m   [31m--chromedriver-port[39m => --default-capabilities
[35m[Appium][39m Default capabilities, which will be added to each request unless overridden by desired capabilities:
[35m[Appium][39m   chromedriverPort: 61100
[35m[Appium][39m Appium REST http interface listener started on 0.0.0.0:61099
[35m[HTTP][39m [37m-->[39m [37mGET[39m [37m/wd/hub/status[39m
[35m[HTTP][39m [90m{}[39m
[35m[HTTP][39m [37m<-- GET /wd/hub/status [39m[32m200[39m [90m27 ms - 68[39m
[35m[HTTP][39m [90m[39m
[35m[HTTP][39m [37m-->[39m [37mPOST[39m [37m/wd/hub/session[39m
[35m[HTTP][39m [90m{"desiredCapabilities":{"app":"C:\\Users\\raiha\\Documents\\Katalon Studio\\Mobile Klik IGR\\AndroidApp\\Klik Dev v7.1.0.apk","appPackage":"com.indogrosir.sd1.klikdev","noReset":"true","deviceId":"","deviceName":"Xiaomi M2101K7BNY (Android 13)","fullReset":"false","platform":"ANDROID","appActivity":"com.example.klik_indogrosir_playground.MainActivity","newCommandTimeout":1800,"platformVersion":"13","automationName":"uiautomator2","autoGrantPermissions":true,"platformName":"Android","udid":"4LSG9XI7HU8HTOXW","systemPort":61098},"capabilities":{"firstMatch":[{"appium:app":"C:\\Users\\raiha\\Documents\\Katalon Studio\\Mobile Klik IGR\\AndroidApp\\Klik Dev v7.1.0.apk","appium:appActivity":"com.example.klik_indogrosir_playground.MainActivity","appium:appPackage":"com.indogrosir.sd1.klikdev","appium:autoGrantPermissions":true,"appium:automationName":"uiautomator2","deviceId":"","appium:deviceName":"Xiaomi M2101K7BNY (Android 13)","appium:fullReset":"false","appium:newCommandTimeout":1800,"appium:noReset":"true",...[39m
[35m[BaseDriver][39m The following capabilities are not standard capabilities and should have an extension prefix:
[35m[BaseDriver][39m   deviceId
[35m[BaseDriver][39m   platform
[35m[BaseDriver][39m   chromedriverPort
[35m[Appium][39m Appium v1.22.3 creating new AndroidUiautomator2Driver (v1.70.1) session
[35m[BaseDriver][39m Capability 'noReset' changed from string to boolean. This may cause unexpected behavior
[35m[BaseDriver][39m Capability 'fullReset' changed from string to boolean. This may cause unexpected behavior
[35m[BaseDriver][39m The following capabilities were provided, but are not recognized by Appium:
[35m[BaseDriver][39m   deviceId
[35m[BaseDriver][39m   platform
[35m[BaseDriver][39m Session created with session id: 1dd97851-fb5b-43a2-9de7-38dfeb0e3104
[35m[HTTP][39m [37m<-- POST /wd/hub/session [39m[31m500[39m [90m481 ms - 861[39m
[35m[HTTP][39m [90m[39m
