[35m[Appium][39m Welcome to Appium v1.22.3
[35m[Appium][39m Non-default server args:
[35m[Appium][39m   port: 56713
[35m[Appium][39m   loglevel: info
[35m[Appium][39m   tmpDir: C:\Users\raiha\AppData\Local\Temp\\Katalon\Appium\Temp1679542177480
[35m[Appium][39m   chromedriverPort: 56714
[35m[Appium][39m Deprecated server args:
[35m[Appium][39m   [31m--chromedriver-port[39m => --default-capabilities
[35m[Appium][39m Default capabilities, which will be added to each request unless overridden by desired capabilities:
[35m[Appium][39m   chromedriverPort: 56714
[35m[Appium][39m Appium REST http interface listener started on 0.0.0.0:56713
[35m[HTTP][39m [37m-->[39m [37mGET[39m [37m/wd/hub/status[39m
[35m[HTTP][39m [90m{}[39m
[35m[HTTP][39m [37m<-- GET /wd/hub/status [39m[32m200[39m [90m5 ms - 68[39m
[35m[HTTP][39m [90m[39m
[35m[HTTP][39m [37m-->[39m [37mPOST[39m [37m/wd/hub/session[39m
[35m[HTTP][39m [90m{"desiredCapabilities":{"app":"C:\\Users\\raiha\\Katalon Studio\\Mobile Klik IGR\\AndroidApp\\Klik SANDBOX v5.1.9(104).apk","noReset":true,"deviceId":"","deviceName":"Xiaomi M2101K7BNY (Android 12)","fullReset":false,"platform":"ANDROID","newCommandTimeout":1800,"platformVersion":"12","automationName":"uiautomator2","autoGrantPermissions":true,"platformName":"Android","udid":"4LSG9XI7HU8HTOXW","systemPort":56712},"capabilities":{"firstMatch":[{"appium:app":"C:\\Users\\raiha\\Katalon Studio\\Mobile Klik IGR\\AndroidApp\\Klik SANDBOX v5.1.9(104).apk","appium:autoGrantPermissions":true,"appium:automationName":"uiautomator2","deviceId":"","appium:deviceName":"Xiaomi M2101K7BNY (Android 12)","appium:fullReset":false,"appium:newCommandTimeout":1800,"appium:noReset":true,"platform":"ANDROID","platformName":"android","appium:platformVersion":"12","appium:systemPort":56712,"appium:udid":"4LSG9XI7HU8HTOXW"}]}}[39m
[35m[BaseDriver][39m The following capabilities are not standard capabilities and should have an extension prefix:
[35m[BaseDriver][39m   deviceId
[35m[BaseDriver][39m   platform
[35m[BaseDriver][39m   chromedriverPort
[35m[Appium][39m Appium v1.22.3 creating new AndroidUiautomator2Driver (v1.70.1) session
[35m[BaseDriver][39m The following capabilities were provided, but are not recognized by Appium:
[35m[BaseDriver][39m   deviceId
[35m[BaseDriver][39m   platform
[35m[BaseDriver][39m Session created with session id: e85823fa-c4e0-4f30-a3bb-2facd197cffa
[35m[BaseDriver][39m Using local app 'C:\Users\raiha\Katalon Studio\Mobile Klik IGR\AndroidApp\Klik SANDBOX v5.1.9(104).apk'
[35m[ADB][39m Found 3 'build-tools' folders under 'C:\Users\raiha\AppData\Local\Android\Sdk' (newest first):
[35m[ADB][39m     C:/Users/raiha/AppData/Local/Android/Sdk/build-tools/34.0.0-rc1
[35m[ADB][39m     C:/Users/raiha/AppData/Local/Android/Sdk/build-tools/33.0.2
[35m[ADB][39m     C:/Users/raiha/AppData/Local/Android/Sdk/build-tools/30.0.3
[35m[ADB][39m Using 'adb.exe' from 'C:\Users\raiha\AppData\Local\Android\Sdk\platform-tools\adb.exe'
[35m[AndroidDriver][39m Retrieving device list
[35m[AndroidDriver][39m Using device: 4LSG9XI7HU8HTOXW
[35m[ADB][39m Using 'adb.exe' from 'C:\Users\raiha\AppData\Local\Android\Sdk\platform-tools\adb.exe'
[35m[ADB][39m Getting device platform version
[35m[UiAutomator2][39m Relaxing hidden api policy
[35m[ADB][39m Package name: 'com.indogrosir.sd1.klikindogrosir'
[35m[ADB][39m Main activity name: 'com.example.klik_indogrosir_playground.MainActivity'
[35m[ADB][39m Using 'apksigner.jar' from 'C:\Users\raiha\AppData\Local\Android\Sdk\build-tools\34.0.0-rc1\lib\apksigner.jar'
[35m[ADB][39m 'C:\Users\raiha\AppData\Roaming\npm\node_modules\appium\node_modules\appium-uiautomator2-server\apks\appium-uiautomator2-server-v4.27.0.apk' is signed with the default certificate
[35m[ADB][39m 'C:\Users\raiha\AppData\Roaming\npm\node_modules\appium\node_modules\appium-uiautomator2-server\apks\appium-uiautomator2-server-debug-androidTest.apk' is signed with the default certificate
[35m[UiAutomator2][39m Server packages are not going to be (re)installed
[35m[ADB][39m Adding packages ["io.appium.settings","io.appium.uiautomator2.server","io.appium.uiautomator2.server.test"] to Doze whitelist
[35m[ADB][39m 'C:\Users\raiha\Katalon Studio\Mobile Klik IGR\AndroidApp\Klik SANDBOX v5.1.9(104).apk' is signed with a non-default certificate
[35m[UiAutomator2][39m Starting UIAutomator2 server 4.27.0
[35m[UiAutomator2][39m Using UIAutomator2 server from 'C:\Users\raiha\AppData\Roaming\npm\node_modules\appium\node_modules\appium-uiautomator2-server\apks\appium-uiautomator2-server-v4.27.0.apk' and test from 'C:\Users\raiha\AppData\Roaming\npm\node_modules\appium\node_modules\appium-uiautomator2-server\apks\appium-uiautomator2-server-debug-androidTest.apk'
[35m[UiAutomator2][39m Waiting up to 30000ms for UiAutomator2 to be online...
[35m[WD Proxy][39m socket hang up
[35m[WD Proxy][39m socket hang up
[35m[WD Proxy][39m socket hang up
[35m[WD Proxy][39m socket hang up
[35m[WD Proxy][39m socket hang up
[35m[WD Proxy][39m socket hang up
[35m[WD Proxy][39m socket hang up
[35m[WD Proxy][39m socket hang up
[35m[WD Proxy][39m socket hang up
[35m[WD Proxy][39m socket hang up
[35m[WD Proxy][39m socket hang up
[35m[WD Proxy][39m Determined the downstream protocol as 'W3C'
[35m[AndroidDriver][39m Screen already unlocked, doing nothing
[35m[UiAutomator2][39m Starting 'com.indogrosir.sd1.klikindogrosir/com.example.klik_indogrosir_playground.MainActivity and waiting for 'com.indogrosir.sd1.klikindogrosir/com.example.klik_indogrosir_playground.MainActivity'
[35m[Appium][39m New AndroidUiautomator2Driver session created successfully, session e85823fa-c4e0-4f30-a3bb-2facd197cffa added to master session list
[35m[HTTP][39m [37m<-- POST /wd/hub/session [39m[32m200[39m [90m18735 ms - 1400[39m
[35m[HTTP][39m [90m[39m
[35m[HTTP][39m [37m-->[39m [37mGET[39m [37m/wd/hub/session/e85823fa-c4e0-4f30-a3bb-2facd197cffa[39m
[35m[HTTP][39m [90m{}[39m
[35m[HTTP][39m [37m<-- GET /wd/hub/session/e85823fa-c4e0-4f30-a3bb-2facd197cffa [39m[32m200[39m [90m11 ms - 1354[39m
[35m[HTTP][39m [90m[39m
[35m[HTTP][39m [37m-->[39m [37mGET[39m [37m/wd/hub/session/e85823fa-c4e0-4f30-a3bb-2facd197cffa[39m
[35m[HTTP][39m [90m{}[39m
[35m[HTTP][39m [37m<-- GET /wd/hub/session/e85823fa-c4e0-4f30-a3bb-2facd197cffa [39m[32m200[39m [90m9 ms - 1354[39m
[35m[HTTP][39m [90m[39m
[35m[HTTP][39m [37m-->[39m [37mGET[39m [37m/wd/hub/status[39m
[35m[HTTP][39m [90m{}[39m
[35m[HTTP][39m [37m<-- GET /wd/hub/status [39m[32m200[39m [90m1 ms - 68[39m
[35m[HTTP][39m [90m[39m
[35m[HTTP][39m [37m-->[39m [37mPOST[39m [37m/wd/hub/session/e85823fa-c4e0-4f30-a3bb-2facd197cffa/timeouts[39m
[35m[HTTP][39m [90m{"implicit":30000}[39m
[35m[HTTP][39m [37m<-- POST /wd/hub/session/e85823fa-c4e0-4f30-a3bb-2facd197cffa/timeouts [39m[32m200[39m [90m6 ms - 14[39m
[35m[HTTP][39m [90m[39m
[35m[HTTP][39m [37m-->[39m [37mGET[39m [37m/wd/hub/session/e85823fa-c4e0-4f30-a3bb-2facd197cffa/screenshot[39m
[35m[HTTP][39m [90m{}[39m
[35m[HTTP][39m [37m<-- GET /wd/hub/session/e85823fa-c4e0-4f30-a3bb-2facd197cffa/screenshot [39m[32m200[39m [90m2352 ms - 2791616[39m
[35m[HTTP][39m [90m[39m
[35m[HTTP][39m [37m-->[39m [37mGET[39m [37m/wd/hub/session/e85823fa-c4e0-4f30-a3bb-2facd197cffa/window/rect[39m
[35m[HTTP][39m [90m{}[39m
[35m[HTTP][39m [37m<-- GET /wd/hub/session/e85823fa-c4e0-4f30-a3bb-2facd197cffa/window/rect [39m[32m200[39m [90m25 ms - 50[39m
[35m[HTTP][39m [90m[39m
[35m[HTTP][39m [37m-->[39m [37mGET[39m [37m/wd/hub/session/e85823fa-c4e0-4f30-a3bb-2facd197cffa/appium/device/system_bars[39m
[35m[HTTP][39m [90m{}[39m
[35m[HTTP][39m [37m<-- GET /wd/hub/session/e85823fa-c4e0-4f30-a3bb-2facd197cffa/appium/device/system_bars [39m[32m200[39m [90m130 ms - 145[39m
[35m[HTTP][39m [90m[39m
[35m[HTTP][39m [37m-->[39m [37mPOST[39m [37m/wd/hub/session/e85823fa-c4e0-4f30-a3bb-2facd197cffa/timeouts[39m
[35m[HTTP][39m [90m{"implicit":50}[39m
[35m[HTTP][39m [37m<-- POST /wd/hub/session/e85823fa-c4e0-4f30-a3bb-2facd197cffa/timeouts [39m[32m200[39m [90m5 ms - 14[39m
[35m[HTTP][39m [90m[39m
[35m[HTTP][39m [37m-->[39m [37mGET[39m [37m/wd/hub/session/e85823fa-c4e0-4f30-a3bb-2facd197cffa/window/rect[39m
[35m[HTTP][39m [90m{}[39m
[35m[HTTP][39m [37m<-- GET /wd/hub/session/e85823fa-c4e0-4f30-a3bb-2facd197cffa/window/rect [39m[32m200[39m [90m18 ms - 50[39m
[35m[HTTP][39m [90m[39m
[35m[HTTP][39m [37m-->[39m [37mPOST[39m [37m/wd/hub/session/e85823fa-c4e0-4f30-a3bb-2facd197cffa/elements[39m
[35m[HTTP][39m [90m{"using":"accessibility id","value":"Ibu & Anak"}[39m
[35m[HTTP][39m [37m<-- POST /wd/hub/session/e85823fa-c4e0-4f30-a3bb-2facd197cffa/elements [39m[32m200[39m [90m1139 ms - 139[39m
[35m[HTTP][39m [90m[39m
[35m[HTTP][39m [37m-->[39m [37mGET[39m [37m/wd/hub/session/e85823fa-c4e0-4f30-a3bb-2facd197cffa/element/00000000-0000-003a-0000-003b00000004/location[39m
[35m[HTTP][39m [90m{}[39m
[35m[W3C (e85823fa)][39m Driver proxy active, passing request on via HTTP proxy
[35m[WD Proxy][39m Replacing sessionId b11b2318-6559-45e9-aab3-7ac5a45bccda with e85823fa-c4e0-4f30-a3bb-2facd197cffa
[35m[HTTP][39m [37m<-- GET /wd/hub/session/e85823fa-c4e0-4f30-a3bb-2facd197cffa/element/00000000-0000-003a-0000-003b00000004/location [39m[32m200[39m [90m32 ms - 78[39m
[35m[HTTP][39m [90m[39m
[35m[HTTP][39m [37m-->[39m [37mPOST[39m [37m/wd/hub/session/e85823fa-c4e0-4f30-a3bb-2facd197cffa/timeouts[39m
[35m[HTTP][39m [90m{"implicit":30000}[39m
[35m[HTTP][39m [37m<-- POST /wd/hub/session/e85823fa-c4e0-4f30-a3bb-2facd197cffa/timeouts [39m[32m200[39m [90m3 ms - 14[39m
[35m[HTTP][39m [90m[39m
[35m[HTTP][39m [37m-->[39m [37mPOST[39m [37m/wd/hub/session/e85823fa-c4e0-4f30-a3bb-2facd197cffa/element/00000000-0000-003a-0000-003b00000004/click[39m
[35m[HTTP][39m [90m{"id":"00000000-0000-003a-0000-003b00000004"}[39m
[35m[HTTP][39m [37m<-- POST /wd/hub/session/e85823fa-c4e0-4f30-a3bb-2facd197cffa/element/00000000-0000-003a-0000-003b00000004/click [39m[32m200[39m [90m873 ms - 14[39m
[35m[HTTP][39m [90m[39m
[35m[HTTP][39m [37m-->[39m [37mPOST[39m [37m/wd/hub/session/e85823fa-c4e0-4f30-a3bb-2facd197cffa/timeouts[39m
[35m[HTTP][39m [90m{"implicit":50}[39m
[35m[HTTP][39m [37m<-- POST /wd/hub/session/e85823fa-c4e0-4f30-a3bb-2facd197cffa/timeouts [39m[32m200[39m [90m1 ms - 14[39m
[35m[HTTP][39m [90m[39m
[35m[HTTP][39m [37m-->[39m [37mGET[39m [37m/wd/hub/session/e85823fa-c4e0-4f30-a3bb-2facd197cffa/window/rect[39m
[35m[HTTP][39m [90m{}[39m
[35m[HTTP][39m [37m<-- GET /wd/hub/session/e85823fa-c4e0-4f30-a3bb-2facd197cffa/window/rect [39m[32m200[39m [90m24 ms - 50[39m
[35m[HTTP][39m [90m[39m
[35m[HTTP][39m [37m-->[39m [37mPOST[39m [37m/wd/hub/session/e85823fa-c4e0-4f30-a3bb-2facd197cffa/elements[39m
[35m[HTTP][39m [90m{"using":"accessibility id","value":"Sort"}[39m
[35m[HTTP][39m [37m<-- POST /wd/hub/session/e85823fa-c4e0-4f30-a3bb-2facd197cffa/elements [39m[32m200[39m [90m53 ms - 139[39m
[35m[HTTP][39m [90m[39m
[35m[HTTP][39m [37m-->[39m [37mGET[39m [37m/wd/hub/session/e85823fa-c4e0-4f30-a3bb-2facd197cffa/element/00000000-0000-003a-0000-009300000004/location[39m
[35m[HTTP][39m [90m{}[39m
[35m[W3C (e85823fa)][39m Driver proxy active, passing request on via HTTP proxy
[35m[WD Proxy][39m Replacing sessionId b11b2318-6559-45e9-aab3-7ac5a45bccda with e85823fa-c4e0-4f30-a3bb-2facd197cffa
[35m[HTTP][39m [37m<-- GET /wd/hub/session/e85823fa-c4e0-4f30-a3bb-2facd197cffa/element/00000000-0000-003a-0000-009300000004/location [39m[32m200[39m [90m28 ms - 78[39m
[35m[HTTP][39m [90m[39m
[35m[HTTP][39m [37m-->[39m [37mPOST[39m [37m/wd/hub/session/e85823fa-c4e0-4f30-a3bb-2facd197cffa/timeouts[39m
[35m[HTTP][39m [90m{"implicit":30000}[39m
[35m[HTTP][39m [37m<-- POST /wd/hub/session/e85823fa-c4e0-4f30-a3bb-2facd197cffa/timeouts [39m[32m200[39m [90m2 ms - 14[39m
[35m[HTTP][39m [90m[39m
[35m[HTTP][39m [37m-->[39m [37mPOST[39m [37m/wd/hub/session/e85823fa-c4e0-4f30-a3bb-2facd197cffa/element/00000000-0000-003a-0000-009300000004/click[39m
[35m[HTTP][39m [90m{"id":"00000000-0000-003a-0000-009300000004"}[39m
[35m[HTTP][39m [37m<-- POST /wd/hub/session/e85823fa-c4e0-4f30-a3bb-2facd197cffa/element/00000000-0000-003a-0000-009300000004/click [39m[32m200[39m [90m838 ms - 14[39m
[35m[HTTP][39m [90m[39m
[35m[HTTP][39m [37m-->[39m [37mPOST[39m [37m/wd/hub/session/e85823fa-c4e0-4f30-a3bb-2facd197cffa/timeouts[39m
[35m[HTTP][39m [90m{"implicit":50}[39m
[35m[HTTP][39m [37m<-- POST /wd/hub/session/e85823fa-c4e0-4f30-a3bb-2facd197cffa/timeouts [39m[32m200[39m [90m3 ms - 14[39m
[35m[HTTP][39m [90m[39m
[35m[HTTP][39m [37m-->[39m [37mGET[39m [37m/wd/hub/session/e85823fa-c4e0-4f30-a3bb-2facd197cffa/window/rect[39m
[35m[HTTP][39m [90m{}[39m
[35m[HTTP][39m [37m<-- GET /wd/hub/session/e85823fa-c4e0-4f30-a3bb-2facd197cffa/window/rect [39m[32m200[39m [90m27 ms - 50[39m
[35m[HTTP][39m [90m[39m
[35m[HTTP][39m [37m-->[39m [37mPOST[39m [37m/wd/hub/session/e85823fa-c4e0-4f30-a3bb-2facd197cffa/elements[39m
[35m[HTTP][39m [90m{"using":"accessibility id","value":"Harga Termahal"}[39m
[35m[HTTP][39m [37m<-- POST /wd/hub/session/e85823fa-c4e0-4f30-a3bb-2facd197cffa/elements [39m[32m200[39m [90m53 ms - 139[39m
[35m[HTTP][39m [90m[39m
[35m[HTTP][39m [37m-->[39m [37mGET[39m [37m/wd/hub/session/e85823fa-c4e0-4f30-a3bb-2facd197cffa/element/00000000-0000-003a-0000-00af00000004/location[39m
[35m[HTTP][39m [90m{}[39m
[35m[W3C (e85823fa)][39m Driver proxy active, passing request on via HTTP proxy
[35m[WD Proxy][39m Replacing sessionId b11b2318-6559-45e9-aab3-7ac5a45bccda with e85823fa-c4e0-4f30-a3bb-2facd197cffa
[35m[HTTP][39m [37m<-- GET /wd/hub/session/e85823fa-c4e0-4f30-a3bb-2facd197cffa/element/00000000-0000-003a-0000-00af00000004/location [39m[32m200[39m [90m31 ms - 77[39m
[35m[HTTP][39m [90m[39m
[35m[HTTP][39m [37m-->[39m [37mPOST[39m [37m/wd/hub/session/e85823fa-c4e0-4f30-a3bb-2facd197cffa/timeouts[39m
[35m[HTTP][39m [90m{"implicit":30000}[39m
[35m[HTTP][39m [37m<-- POST /wd/hub/session/e85823fa-c4e0-4f30-a3bb-2facd197cffa/timeouts [39m[32m200[39m [90m2 ms - 14[39m
[35m[HTTP][39m [90m[39m
[35m[HTTP][39m [37m-->[39m [37mPOST[39m [37m/wd/hub/session/e85823fa-c4e0-4f30-a3bb-2facd197cffa/element/00000000-0000-003a-0000-00af00000004/click[39m
[35m[HTTP][39m [90m{"id":"00000000-0000-003a-0000-00af00000004"}[39m
[35m[HTTP][39m [37m<-- POST /wd/hub/session/e85823fa-c4e0-4f30-a3bb-2facd197cffa/element/00000000-0000-003a-0000-00af00000004/click [39m[32m200[39m [90m760 ms - 14[39m
[35m[HTTP][39m [90m[39m
[35m[HTTP][39m [37m-->[39m [37mGET[39m [37m/wd/hub/session/e85823fa-c4e0-4f30-a3bb-2facd197cffa/context[39m
[35m[HTTP][39m [90m{}[39m
[35m[HTTP][39m [37m<-- GET /wd/hub/session/e85823fa-c4e0-4f30-a3bb-2facd197cffa/context [39m[32m200[39m [90m2 ms - 22[39m
[35m[HTTP][39m [90m[39m
[35m[HTTP][39m [37m-->[39m [37mGET[39m [37m/wd/hub/session/e85823fa-c4e0-4f30-a3bb-2facd197cffa/contexts[39m
[35m[HTTP][39m [90m{}[39m
[35m[HTTP][39m [37m<-- GET /wd/hub/session/e85823fa-c4e0-4f30-a3bb-2facd197cffa/contexts [39m[32m200[39m [90m92 ms - 24[39m
[35m[HTTP][39m [90m[39m
[35m[HTTP][39m [37m-->[39m [37mPOST[39m [37m/wd/hub/session/e85823fa-c4e0-4f30-a3bb-2facd197cffa/context[39m
[35m[HTTP][39m [90m{"name":"NATIVE_APP"}[39m
[35m[HTTP][39m [37m<-- POST /wd/hub/session/e85823fa-c4e0-4f30-a3bb-2facd197cffa/context [39m[32m200[39m [90m2 ms - 14[39m
[35m[HTTP][39m [90m[39m
[35m[HTTP][39m [37m-->[39m [37mPOST[39m [37m/wd/hub/session/e85823fa-c4e0-4f30-a3bb-2facd197cffa/touch/perform[39m
[35m[HTTP][39m [90m{"actions":[{"action":"press","options":{"x":100,"y":600}},{"action":"wait","options":{"ms":500}},{"action":"moveTo","options":{"x":0,"y":0}},{"action":"release","options":{}}]}[39m
[35m[HTTP][39m [37m<-- POST /wd/hub/session/e85823fa-c4e0-4f30-a3bb-2facd197cffa/touch/perform [39m[32m200[39m [90m935 ms - 14[39m
[35m[HTTP][39m [90m[39m
[35m[HTTP][39m [37m-->[39m [37mPOST[39m [37m/wd/hub/session/e85823fa-c4e0-4f30-a3bb-2facd197cffa/context[39m
[35m[HTTP][39m [90m{"name":"NATIVE_APP"}[39m
[35m[HTTP][39m [37m<-- POST /wd/hub/session/e85823fa-c4e0-4f30-a3bb-2facd197cffa/context [39m[32m200[39m [90m2 ms - 14[39m
[35m[HTTP][39m [90m[39m
[35m[HTTP][39m [37m-->[39m [37mDELETE[39m [37m/wd/hub/session/e85823fa-c4e0-4f30-a3bb-2facd197cffa[39m
[35m[HTTP][39m [90m{}[39m
[35m[Appium][39m Removing session e85823fa-c4e0-4f30-a3bb-2facd197cffa from our master session list
[35m[UiAutomator2][39m Restoring hidden api policy to the device default configuration
[35m[HTTP][39m [37m<-- DELETE /wd/hub/session/e85823fa-c4e0-4f30-a3bb-2facd197cffa [39m[32m200[39m [90m394 ms - 14[39m
[35m[HTTP][39m [90m[39m
